<?xml version="1.0" encoding="utf-8"?>
<test-run id="2" testcasecount="512" result="Failed(Child)" total="512" passed="509" failed="3" inconclusive="0" skipped="0" asserts="0" engine-version="3.5.0.0" clr-version="4.0.30319.42000" start-time="2026-09-16 08:55:16Z" end-time="2026-09-16 08:57:12Z" duration="116.2020569">
  <test-suite type="TestSuite" id="1680" name="Open Empires" fullname="Open Empires" runstate="Runnable" testcasecount="512" result="Failed" site="Child" start-time="2026-09-16 08:55:16Z" end-time="2026-09-16 08:57:12Z" duration="116.202057" total="512" passed="509" failed="3" inconclusive="0" skipped="0" asserts="0">
    <properties>
      <property name="platform" value="EditMode" />
    </properties>
    <failure>
      <message><![CDATA[One or more child tests had errors]]></message>
    </failure>
    <test-suite type="Assembly" id="1667" name="OpenEmpires.EditModeTests.dll" fullname="D:/unity_projects/OpenEmpires/Open Empires/Library/ScriptAssemblies/OpenEmpires.EditModeTests.dll" runstate="Runnable" testcasecount="512" result="Failed" site="Child" start-time="2026-09-16 08:55:16Z" end-time="2026-09-16 08:57:12Z" duration="116.199552" total="512" passed="509" failed="3" inconclusive="0" skipped="0" asserts="0">
      <properties>
        <property name="_PID" value="16688" />
        <property name="_APPDOMAIN" value="Unity Child Domain" />
        <property name="platform" value="EditMode" />
        <property name="EditorOnly" value="True" />
      </properties>
      <failure>
        <message><![CDATA[One or more child tests had errors]]></message>
      </failure>
      <test-suite type="TestSuite" id="1668" name="OpenEmpires" fullname="OpenEmpires" runstate="Runnable" testcasecount="512" result="Failed" site="Child" start-time="2026-09-16 08:55:16Z" end-time="2026-09-16 08:57:12Z" duration="116.199410" total="512" passed="509" failed="3" inconclusive="0" skipped="0" asserts="0">
        <properties />
        <failure>
          <message><![CDATA[One or more child tests had errors]]></message>
        </failure>
        <test-suite type="TestSuite" id="1669" name="Tests" fullname="OpenEmpires.Tests" runstate="Runnable" testcasecount="512" result="Failed" site="Child" start-time="2026-09-16 08:55:16Z" end-time="2026-09-16 08:57:12Z" duration="116.199154" total="512" passed="509" failed="3" inconclusive="0" skipped="0" asserts="0">
          <properties />
          <failure>
            <message><![CDATA[One or more child tests had errors]]></message>
          </failure>
          <test-suite type="TestFixture" id="1131" name="CommanderIntentIntegrationTests" fullname="OpenEmpires.Tests.CommanderIntentIntegrationTests" classname="OpenEmpires.Tests.CommanderIntentIntegrationTests" runstate="Runnable" testcasecount="6" result="Passed" start-time="2026-09-16 08:55:16Z" end-time="2026-09-16 08:55:18Z" duration="1.450770" total="6" passed="6" failed="0" inconclusive="0" skipped="0" asserts="0">
            <properties />
            <test-case id="1137" name="GoalCompletionEvent_ProducesDeterministicReadyResponse" fullname="OpenEmpires.Tests.CommanderIntentIntegrationTests.GoalCompletionEvent_ProducesDeterministicReadyResponse" methodname="GoalCompletionEvent_ProducesDeterministicReadyResponse" classname="OpenEmpires.Tests.CommanderIntentIntegrationTests" runstate="Runnable" seed="1434152265" result="Passed" start-time="2026-09-16 08:55:16Z" end-time="2026-09-16 08:55:16Z" duration="0.247923" asserts="0">
              <properties>
                <property name="retryIteration" value="0" />
                <property name="repeatIteration" value="0" />
              </properties>
              <output><![CDATA[[Commander] Goal #1 submitted: EnsureUnitCount
[Commander] Goal #1: status=Completed owned=10 queued=0; Owned 10/10 living units.
]]></output>
            </test-case>
            <test-case id="1136" name="InjectedInterpreter_RunsOnlyOnSubmissionNotCommanderTicks" fullname="OpenEmpires.Tests.CommanderIntentIntegrationTests.InjectedInterpreter_RunsOnlyOnSubmissionNotCommanderTicks" methodname="InjectedInterpreter_RunsOnlyOnSubmissionNotCommanderTicks" classname="OpenEmpires.Tests.CommanderIntentIntegrationTests" runstate="Runnable" seed="992843595" result="Passed" start-time="2026-09-16 08:55:16Z" end-time="2026-09-16 08:55:17Z" duration="0.242454" asserts="0">
              <properties>
                <property name="retryIteration" value="0" />
                <property name="repeatIteration" value="0" />
              </properties>
              <output><![CDATA[[Commander] Goal #1 submitted: EnsureUnitCount
[Commander] Goal #1: status=Blocked owned=0 queued=0; Need 150 wood for Barracks; have 0. No eligible owned villager is available.
]]></output>
            </test-case>
            <test-case id="1134" name="SubmitText_InvalidIntentRejects_BuildIntentCreatesGoalWithoutImmediateCommand" fullname="OpenEmpires.Tests.CommanderIntentIntegrationTests.SubmitText_InvalidIntentRejects_BuildIntentCreatesGoalWithoutImmediateCommand" methodname="SubmitText_InvalidIntentRejects_BuildIntentCreatesGoalWithoutImmediateCommand" classname="OpenEmpires.Tests.CommanderIntentIntegrationTests" runstate="Runnable" seed="1530916571" result="Passed" start-time="2026-09-16 08:55:17Z" end-time="2026-09-16 08:55:17Z" duration="0.240293" asserts="0">
              <properties>
                <property name="retryIteration" value="0" />
                <property name="repeatIteration" value="0" />
              </properties>
              <output><![CDATA[[Commander] Goal #1 submitted: BuildStructure
]]></output>
            </test-case>
            <test-case id="1132" name="SubmitText_MakeTenSpearmen_CreatesActiveExistingGoal" fullname="OpenEmpires.Tests.CommanderIntentIntegrationTests.SubmitText_MakeTenSpearmen_CreatesActiveExistingGoal" methodname="SubmitText_MakeTenSpearmen_CreatesActiveExistingGoal" classname="OpenEmpires.Tests.CommanderIntentIntegrationTests" runstate="Runnable" seed="946428448" result="Passed" start-time="2026-09-16 08:55:17Z" end-time="2026-09-16 08:55:17Z" duration="0.238912" asserts="0">
              <properties>
                <property name="retryIteration" value="0" />
                <property name="repeatIteration" value="0" />
              </properties>
              <output><![CDATA[[Commander] Goal #1 submitted: EnsureUnitCount
]]></output>
            </test-case>
            <test-case id="1135" name="SubmitText_OversizedUnitTarget_IsRejectedBeforeGoalCreation" fullname="OpenEmpires.Tests.CommanderIntentIntegrationTests.SubmitText_OversizedUnitTarget_IsRejectedBeforeGoalCreation" methodname="SubmitText_OversizedUnitTarget_IsRejectedBeforeGoalCreation" classname="OpenEmpires.Tests.CommanderIntentIntegrationTests" runstate="Runnable" seed="179302003" result="Passed" start-time="2026-09-16 08:55:17Z" end-time="2026-09-16 08:55:17Z" duration="0.239022" asserts="0">
              <properties>
                <property name="retryIteration" value="0" />
                <property name="repeatIteration" value="0" />
              </properties>
            </test-case>
            <test-case id="1133" name="SubmitText_UsesExistingCommanderExecutionAndNormalGameplayCommand" fullname="OpenEmpires.Tests.CommanderIntentIntegrationTests.SubmitText_UsesExistingCommanderExecutionAndNormalGameplayCommand" methodname="SubmitText_UsesExistingCommanderExecutionAndNormalGameplayCommand" classname="OpenEmpires.Tests.CommanderIntentIntegrationTests" runstate="Runnable" seed="778171060" result="Passed" start-time="2026-09-16 08:55:17Z" end-time="2026-09-16 08:55:18Z" duration="0.240564" asserts="0">
              <properties>
                <property name="retryIteration" value="0" />
                <property name="repeatIteration" value="0" />
              </properties>
              <output><![CDATA[[Commander] Goal #1 submitted: EnsureUnitCount
[Commander] Goal #1: status=Executing owned=0 queued=0; Queueing Spearman at Barracks #1.
]]></output>
            </test-case>
          </test-suite>
          <test-suite type="TestFixture" id="1092" name="CommanderIntentParserTests" fullname="OpenEmpires.Tests.CommanderIntentParserTests" classname="OpenEmpires.Tests.CommanderIntentParserTests" runstate="Runnable" testcasecount="21" result="Passed" start-time="2026-09-16 08:55:18Z" end-time="2026-09-16 08:55:18Z" duration="0.019455" total="21" passed="21" failed="0" inconclusive="0" skipped="0" asserts="0">
            <properties />
            <test-suite type="ParameterizedMethod" id="1107" name="Parse_BuildingCommands_ReturnTypedBuildStructure" fullname="OpenEmpires.Tests.CommanderIntentParserTests.Parse_BuildingCommands_ReturnTypedBuildStructure" classname="OpenEmpires.Tests.CommanderIntentParserTests" runstate="Runnable" testcasecount="3" result="Passed" start-time="2026-09-16 08:55:18Z" end-time="2026-09-16 08:55:18Z" duration="0.004334" total="3" passed="3" failed="0" inconclusive="0" skipped="0" asserts="0">
              <properties />
              <test-case id="1104" name="Parse_BuildingCommands_ReturnTypedBuildStructure(&quot;build barracks&quot;,Barracks)" fullname="OpenEmpires.Tests.CommanderIntentParserTests.Parse_BuildingCommands_ReturnTypedBuildStructure(&quot;build barracks&quot;,Barracks)" methodname="Parse_BuildingCommands_ReturnTypedBuildStructure" classname="OpenEmpires.Tests.CommanderIntentParserTests" runstate="Runnable" seed="770860766" result="Passed" start-time="2026-09-16 08:55:18Z" end-time="2026-09-16 08:55:18Z" duration="0.000817" asserts="0">
                <properties>
                  <property name="retryIteration" value="0" />
                  <property name="repeatIteration" value="0" />
                </properties>
              </test-case>
              <test-case id="1105" name="Parse_BuildingCommands_ReturnTypedBuildStructure(&quot;create house&quot;,House)" fullname="OpenEmpires.Tests.CommanderIntentParserTests.Parse_BuildingCommands_ReturnTypedBuildStructure(&quot;create house&quot;,House)" methodname="Parse_BuildingCommands_ReturnTypedBuildStructure" classname="OpenEmpires.Tests.CommanderIntentParserTests" runstate="Runnable" seed="602854201" result="Passed" start-time="2026-09-16 08:55:18Z" end-time="2026-09-16 08:55:18Z" duration="0.000182" asserts="0">
                <properties>
                  <property name="retryIteration" value="0" />
                  <property name="repeatIteration" value="0" />
                </properties>
              </test-case>
              <test-case id="1106" name="Parse_BuildingCommands_ReturnTypedBuildStructure(&quot;make a stable&quot;,Stables)" fullname="OpenEmpires.Tests.CommanderIntentParserTests.Parse_BuildingCommands_ReturnTypedBuildStructure(&quot;make a stable&quot;,Stables)" methodname="Parse_BuildingCommands_ReturnTypedBuildStructure" classname="OpenEmpires.Tests.CommanderIntentParserTests" runstate="Runnable" seed="1574144958" result="Passed" start-time="2026-09-16 08:55:18Z" end-time="2026-09-16 08:55:18Z" duration="0.000159" asserts="0">
                <properties>
                  <property name="retryIteration" value="0" />
                  <property name="repeatIteration" value="0" />
                </properties>
              </test-case>
            </test-suite>
            <test-case id="1108" name="Parse_Constraints_AreStronglyTypedAndKeptOutsideCommandNoun" fullname="OpenEmpires.Tests.CommanderIntentParserTests.Parse_Constraints_AreStronglyTypedAndKeptOutsideCommandNoun" methodname="Parse_Constraints_AreStronglyTypedAndKeptOutsideCommandNoun" classname="OpenEmpires.Tests.CommanderIntentParserTests" runstate="Runnable" seed="738165999" result="Passed" start-time="2026-09-16 08:55:18Z" end-time="2026-09-16 08:55:18Z" duration="0.001479" asserts="0">
              <properties>
                <property name="retryIteration" value="0" />
                <property name="repeatIteration" value="0" />
              </properties>
            </test-case>
            <test-case id="1110" name="Parse_DoNotQueueMoreThanFive_IsMaximumQueueConstraint" fullname="OpenEmpires.Tests.CommanderIntentParserTests.Parse_DoNotQueueMoreThanFive_IsMaximumQueueConstraint" methodname="Parse_DoNotQueueMoreThanFive_IsMaximumQueueConstraint" classname="OpenEmpires.Tests.CommanderIntentParserTests" runstate="Runnable" seed="1895517506" result="Passed" start-time="2026-09-16 08:55:18Z" end-time="2026-09-16 08:55:18Z" duration="0.000356" asserts="0">
              <properties>
                <property name="retryIteration" value="0" />
                <property name="repeatIteration" value="0" />
              </properties>
            </test-case>
            <test-case id="1109" name="Parse_IdleOnlyConstraint_IsStronglyTyped" fullname="OpenEmpires.Tests.CommanderIntentParserTests.Parse_IdleOnlyConstraint_IsStronglyTyped" methodname="Parse_IdleOnlyConstraint_IsStronglyTyped" classname="OpenEmpires.Tests.CommanderIntentParserTests" runstate="Runnable" seed="2117069463" result="Passed" start-time="2026-09-16 08:55:18Z" end-time="2026-09-16 08:55:18Z" duration="0.000473" asserts="0">
              <properties>
                <property name="retryIteration" value="0" />
                <property name="repeatIteration" value="0" />
              </properties>
            </test-case>
            <test-suite type="ParameterizedMethod" id="1118" name="Parse_InvalidInput_ReturnsStructuredRejection" fullname="OpenEmpires.Tests.CommanderIntentParserTests.Parse_InvalidInput_ReturnsStructuredRejection" classname="OpenEmpires.Tests.CommanderIntentParserTests" runstate="Runnable" testcasecount="7" result="Passed" start-time="2026-09-16 08:55:18Z" end-time="2026-09-16 08:55:18Z" duration="0.002321" total="7" passed="7" failed="0" inconclusive="0" skipped="0" asserts="0">
              <properties />
              <test-case id="1111" name="Parse_InvalidInput_ReturnsStructuredRejection(&quot;&quot;,EmptyInput)" fullname="OpenEmpires.Tests.CommanderIntentParserTests.Parse_InvalidInput_ReturnsStructuredRejection(&quot;&quot;,EmptyInput)" methodname="Parse_InvalidInput_ReturnsStructuredRejection" classname="OpenEmpires.Tests.CommanderIntentParserTests" runstate="Runnable" seed="1085959866" result="Passed" start-time="2026-09-16 08:55:18Z" end-time="2026-09-16 08:55:18Z" duration="0.000303" asserts="0">
                <properties>
                  <property name="retryIteration" value="0" />
                  <property name="repeatIteration" value="0" />
                </properties>
              </test-case>
              <test-case id="1112" name="Parse_InvalidInput_ReturnsStructuredRejection(&quot;dance around the town center&quot;,UnknownCommand)" fullname="OpenEmpires.Tests.CommanderIntentParserTests.Parse_InvalidInput_ReturnsStructuredRejection(&quot;dance around the town center&quot;,UnknownCommand)" methodname="Parse_InvalidInput_ReturnsStructuredRejection" classname="OpenEmpires.Tests.CommanderIntentParserTests" runstate="Runnable" seed="248502533" result="Passed" start-time="2026-09-16 08:55:18Z" end-time="2026-09-16 08:55:18Z" duration="0.000149" asserts="0">
                <properties>
                  <property name="retryIteration" value="0" />
                  <property name="repeatIteration" value="0" />
                </properties>
              </test-case>
              <test-case id="1113" name="Parse_InvalidInput_ReturnsStructuredRejection(&quot;make 10 banana warriors&quot;,UnknownUnit)" fullname="OpenEmpires.Tests.CommanderIntentParserTests.Parse_InvalidInput_ReturnsStructuredRejection(&quot;make 10 banana warriors&quot;,UnknownUnit)" methodname="Parse_InvalidInput_ReturnsStructuredRejection" classname="OpenEmpires.Tests.CommanderIntentParserTests" runstate="Runnable" seed="944859240" result="Passed" start-time="2026-09-16 08:55:18Z" end-time="2026-09-16 08:55:18Z" duration="0.000149" asserts="0">
                <properties>
                  <property name="retryIteration" value="0" />
                  <property name="repeatIteration" value="0" />
                </properties>
              </test-case>
              <test-case id="1114" name="Parse_InvalidInput_ReturnsStructuredRejection(&quot;put 8 villagers on crystal&quot;,UnknownResource)" fullname="OpenEmpires.Tests.CommanderIntentParserTests.Parse_InvalidInput_ReturnsStructuredRejection(&quot;put 8 villagers on crystal&quot;,UnknownResource)" methodname="Parse_InvalidInput_ReturnsStructuredRejection" classname="OpenEmpires.Tests.CommanderIntentParserTests" runstate="Runnable" seed="1214352896" result="Passed" start-time="2026-09-16 08:55:18Z" end-time="2026-09-16 08:55:18Z" duration="0.000391" asserts="0">
                <properties>
                  <property name="retryIteration" value="0" />
                  <property name="repeatIteration" value="0" />
                </properties>
              </test-case>
              <test-case id="1115" name="Parse_InvalidInput_ReturnsStructuredRejection(&quot;build dragon keep&quot;,UnknownStructure)" fullname="OpenEmpires.Tests.CommanderIntentParserTests.Parse_InvalidInput_ReturnsStructuredRejection(&quot;build dragon keep&quot;,UnknownStructure)" methodname="Parse_InvalidInput_ReturnsStructuredRejection" classname="OpenEmpires.Tests.CommanderIntentParserTests" runstate="Runnable" seed="4494840" result="Passed" start-time="2026-09-16 08:55:18Z" end-time="2026-09-16 08:55:18Z" duration="0.000160" asserts="0">
                <properties>
                  <property name="retryIteration" value="0" />
                  <property name="repeatIteration" value="0" />
                </properties>
              </test-case>
              <test-case id="1116" name="Parse_InvalidInput_ReturnsStructuredRejection(&quot;make -5 spearmen&quot;,InvalidAmount)" fullname="OpenEmpires.Tests.CommanderIntentParserTests.Parse_InvalidInput_ReturnsStructuredRejection(&quot;make -5 spearmen&quot;,InvalidAmount)" methodname="Parse_InvalidInput_ReturnsStructuredRejection" classname="OpenEmpires.Tests.CommanderIntentParserTests" runstate="Runnable" seed="1384027864" result="Passed" start-time="2026-09-16 08:55:18Z" end-time="2026-09-16 08:55:18Z" duration="0.000130" asserts="0">
                <properties>
                  <property name="retryIteration" value="0" />
                  <property name="repeatIteration" value="0" />
                </properties>
              </test-case>
              <test-case id="1117" name="Parse_InvalidInput_ReturnsStructuredRejection(&quot;make 999999999999999999999 spearmen&quot;,InvalidAmount)" fullname="OpenEmpires.Tests.CommanderIntentParserTests.Parse_InvalidInput_ReturnsStructuredRejection(&quot;make 999999999999999999999 spearmen&quot;,InvalidAmount)" methodname="Parse_InvalidInput_ReturnsStructuredRejection" classname="OpenEmpires.Tests.CommanderIntentParserTests" runstate="Runnable" seed="1410127130" result="Passed" start-time="2026-09-16 08:55:18Z" end-time="2026-09-16 08:55:18Z" duration="0.000182" asserts="0">
                <properties>
                  <property name="retryIteration" value="0" />
                  <property name="repeatIteration" value="0" />
                </properties>
              </test-case>
            </test-suite>
            <test-suite type="ParameterizedMethod" id="1103" name="Parse_MoreGoldWorkers_RepresentsUnspecifiedIncreaseWithoutInventingCount" fullname="OpenEmpires.Tests.CommanderIntentParserTests.Parse_MoreGoldWorkers_RepresentsUnspecifiedIncreaseWithoutInventingCount" classname="OpenEmpires.Tests.CommanderIntentParserTests" runstate="Runnable" testcasecount="2" result="Passed" start-time="2026-09-16 08:55:18Z" end-time="2026-09-16 08:55:18Z" duration="0.001366" total="2" passed="2" failed="0" inconclusive="0" skipped="0" asserts="0">
              <properties />
              <test-case id="1101" name="Parse_MoreGoldWorkers_RepresentsUnspecifiedIncreaseWithoutInventingCount(&quot;more gold workers&quot;)" fullname="OpenEmpires.Tests.CommanderIntentParserTests.Parse_MoreGoldWorkers_RepresentsUnspecifiedIncreaseWithoutInventingCount(&quot;more gold workers&quot;)" methodname="Parse_MoreGoldWorkers_RepresentsUnspecifiedIncreaseWithoutInventingCount" classname="OpenEmpires.Tests.CommanderIntentParserTests" runstate="Runnable" seed="1939179262" result="Passed" start-time="2026-09-16 08:55:18Z" end-time="2026-09-16 08:55:18Z" duration="0.000693" asserts="0">
                <properties>
                  <property name="retryIteration" value="0" />
                  <property name="repeatIteration" value="0" />
                </properties>
              </test-case>
              <test-case id="1102" name="Parse_MoreGoldWorkers_RepresentsUnspecifiedIncreaseWithoutInventingCount(&quot;increase gold workers&quot;)" fullname="OpenEmpires.Tests.CommanderIntentParserTests.Parse_MoreGoldWorkers_RepresentsUnspecifiedIncreaseWithoutInventingCount(&quot;increase gold workers&quot;)" methodname="Parse_MoreGoldWorkers_RepresentsUnspecifiedIncreaseWithoutInventingCount" classname="OpenEmpires.Tests.CommanderIntentParserTests" runstate="Runnable" seed="2119869581" result="Passed" start-time="2026-09-16 08:55:18Z" end-time="2026-09-16 08:55:18Z" duration="0.000120" asserts="0">
                <properties>
                  <property name="retryIteration" value="0" />
                  <property name="repeatIteration" value="0" />
                </properties>
              </test-case>
            </test-suite>
            <test-suite type="ParameterizedMethod" id="1100" name="Parse_ResourceCommands_ReturnTypedExactAllocation" fullname="OpenEmpires.Tests.CommanderIntentParserTests.Parse_ResourceCommands_ReturnTypedExactAllocation" classname="OpenEmpires.Tests.CommanderIntentParserTests" runstate="Runnable" testcasecount="2" result="Passed" start-time="2026-09-16 08:55:18Z" end-time="2026-09-16 08:55:18Z" duration="0.000867" total="2" passed="2" failed="0" inconclusive="0" skipped="0" asserts="0">
              <properties />
              <test-case id="1098" name="Parse_ResourceCommands_ReturnTypedExactAllocation(&quot;put 8 villagers on wood&quot;,Wood,8)" fullname="OpenEmpires.Tests.CommanderIntentParserTests.Parse_ResourceCommands_ReturnTypedExactAllocation(&quot;put 8 villagers on wood&quot;,Wood,8)" methodname="Parse_ResourceCommands_ReturnTypedExactAllocation" classname="OpenEmpires.Tests.CommanderIntentParserTests" runstate="Runnable" seed="514780851" result="Passed" start-time="2026-09-16 08:55:18Z" end-time="2026-09-16 08:55:18Z" duration="0.000406" asserts="0">
                <properties>
                  <property name="retryIteration" value="0" />
                  <property name="repeatIteration" value="0" />
                </properties>
              </test-case>
              <test-case id="1099" name="Parse_ResourceCommands_ReturnTypedExactAllocation(&quot;move 5 workers to food&quot;,Food,5)" fullname="OpenEmpires.Tests.CommanderIntentParserTests.Parse_ResourceCommands_ReturnTypedExactAllocation(&quot;move 5 workers to food&quot;,Food,5)" methodname="Parse_ResourceCommands_ReturnTypedExactAllocation" classname="OpenEmpires.Tests.CommanderIntentParserTests" runstate="Runnable" seed="2142057873" result="Passed" start-time="2026-09-16 08:55:18Z" end-time="2026-09-16 08:55:18Z" duration="0.000133" asserts="0">
                <properties>
                  <property name="retryIteration" value="0" />
                  <property name="repeatIteration" value="0" />
                </properties>
              </test-case>
            </test-suite>
            <test-suite type="ParameterizedMethod" id="1097" name="Parse_UnitCommands_ReturnTypedEnsureUnitCount" fullname="OpenEmpires.Tests.CommanderIntentParserTests.Parse_UnitCommands_ReturnTypedEnsureUnitCount" classname="OpenEmpires.Tests.CommanderIntentParserTests" runstate="Runnable" testcasecount="4" result="Passed" start-time="2026-09-16 08:55:18Z" end-time="2026-09-16 08:55:18Z" duration="0.001052" total="4" passed="4" failed="0" inconclusive="0" skipped="0" asserts="0">
              <properties />
              <test-case id="1093" name="Parse_UnitCommands_ReturnTypedEnsureUnitCount(&quot;make 5 spearmen&quot;,1,5)" fullname="OpenEmpires.Tests.CommanderIntentParserTests.Parse_UnitCommands_ReturnTypedEnsureUnitCount(&quot;make 5 spearmen&quot;,1,5)" methodname="Parse_UnitCommands_ReturnTypedEnsureUnitCount" classname="OpenEmpires.Tests.CommanderIntentParserTests" runstate="Runnable" seed="1582489617" result="Passed" start-time="2026-09-16 08:55:18Z" end-time="2026-09-16 08:55:18Z" duration="0.000309" asserts="0">
                <properties>
                  <property name="retryIteration" value="0" />
                  <property name="repeatIteration" value="0" />
                </properties>
              </test-case>
              <test-case id="1094" name="Parse_UnitCommands_ReturnTypedEnsureUnitCount(&quot;create 10 archers&quot;,2,10)" fullname="OpenEmpires.Tests.CommanderIntentParserTests.Parse_UnitCommands_ReturnTypedEnsureUnitCount(&quot;create 10 archers&quot;,2,10)" methodname="Parse_UnitCommands_ReturnTypedEnsureUnitCount" classname="OpenEmpires.Tests.CommanderIntentParserTests" runstate="Runnable" seed="375077690" result="Passed" start-time="2026-09-16 08:55:18Z" end-time="2026-09-16 08:55:18Z" duration="0.000108" asserts="0">
                <properties>
                  <property name="retryIteration" value="0" />
                  <property name="repeatIteration" value="0" />
                </properties>
              </test-case>
              <test-case id="1095" name="Parse_UnitCommands_ReturnTypedEnsureUnitCount(&quot;train 20 knights&quot;,7,20)" fullname="OpenEmpires.Tests.CommanderIntentParserTests.Parse_UnitCommands_ReturnTypedEnsureUnitCount(&quot;train 20 knights&quot;,7,20)" methodname="Parse_UnitCommands_ReturnTypedEnsureUnitCount" classname="OpenEmpires.Tests.CommanderIntentParserTests" runstate="Runnable" seed="392415265" result="Passed" start-time="2026-09-16 08:55:18Z" end-time="2026-09-16 08:55:18Z" duration="0.000119" asserts="0">
                <properties>
                  <property name="retryIteration" value="0" />
                  <property name="repeatIteration" value="0" />
                </properties>
              </test-case>
              <test-case id="1096" name="Parse_UnitCommands_ReturnTypedEnsureUnitCount(&quot;  MAKE   10 Spearmen. &quot;,1,10)" fullname="OpenEmpires.Tests.CommanderIntentParserTests.Parse_UnitCommands_ReturnTypedEnsureUnitCount(&quot;  MAKE   10 Spearmen. &quot;,1,10)" methodname="Parse_UnitCommands_ReturnTypedEnsureUnitCount" classname="OpenEmpires.Tests.CommanderIntentParserTests" runstate="Runnable" seed="1132811377" result="Passed" start-time="2026-09-16 08:55:18Z" end-time="2026-09-16 08:55:18Z" duration="0.000115" asserts="0">
                <properties>
                  <property name="retryIteration" value="0" />
                  <property name="repeatIteration" value="0" />
                </properties>
              </test-case>
            </test-suite>
          </test-suite>
          <test-suite type="TestFixture" id="1123" name="CommanderIntentResolverTests" fullname="OpenEmpires.Tests.CommanderIntentResolverTests" classname="OpenEmpires.Tests.CommanderIntentResolverTests" runstate="Runnable" testcasecount="6" result="Passed" start-time="2026-09-16 08:55:18Z" end-time="2026-09-16 08:55:19Z" duration="1.439927" total="6" passed="6" failed="0" inconclusive="0" skipped="0" asserts="0">
            <properties />
            <test-case id="1124" name="Resolve_EnsureUnitCount_SubmitsExistingGoalAndStartedEvent" fullname="OpenEmpires.Tests.CommanderIntentResolverTests.Resolve_EnsureUnitCount_SubmitsExistingGoalAndStartedEvent" methodname="Resolve_EnsureUnitCount_SubmitsExistingGoalAndStartedEvent" classname="OpenEmpires.Tests.CommanderIntentResolverTests" runstate="Runnable" seed="1031299795" result="Passed" start-time="2026-09-16 08:55:18Z" end-time="2026-09-16 08:55:18Z" duration="0.240735" asserts="0">
              <properties>
                <property name="retryIteration" value="0" />
                <property name="repeatIteration" value="0" />
              </properties>
              <output><![CDATA[[Commander] Goal #1 submitted: EnsureUnitCount
]]></output>
            </test-case>
            <test-case id="1130" name="Resolve_IdleOnlyConstraint_ConfiguresGoalPolicy" fullname="OpenEmpires.Tests.CommanderIntentResolverTests.Resolve_IdleOnlyConstraint_ConfiguresGoalPolicy" methodname="Resolve_IdleOnlyConstraint_ConfiguresGoalPolicy" classname="OpenEmpires.Tests.CommanderIntentResolverTests" runstate="Runnable" seed="2138899444" result="Passed" start-time="2026-09-16 08:55:18Z" end-time="2026-09-16 08:55:18Z" duration="0.239001" asserts="0">
              <properties>
                <property name="retryIteration" value="0" />
                <property name="repeatIteration" value="0" />
              </properties>
              <output><![CDATA[[Commander] Goal #1 submitted: EnsureUnitCount
]]></output>
            </test-case>
            <test-case id="1125" name="Resolve_MaximumQueueConstraint_MapsToExistingGoalField" fullname="OpenEmpires.Tests.CommanderIntentResolverTests.Resolve_MaximumQueueConstraint_MapsToExistingGoalField" methodname="Resolve_MaximumQueueConstraint_MapsToExistingGoalField" classname="OpenEmpires.Tests.CommanderIntentResolverTests" runstate="Runnable" seed="309773124" result="Passed" start-time="2026-09-16 08:55:18Z" end-time="2026-09-16 08:55:18Z" duration="0.239159" asserts="0">
              <properties>
                <property name="retryIteration" value="0" />
                <property name="repeatIteration" value="0" />
              </properties>
              <output><![CDATA[[Commander] Goal #1 submitted: EnsureUnitCount
]]></output>
            </test-case>
            <test-suite type="ParameterizedMethod" id="1128" name="Resolve_RecognizedNonSpearmanIntent_CreatesProductionGoal" fullname="OpenEmpires.Tests.CommanderIntentResolverTests.Resolve_RecognizedNonSpearmanIntent_CreatesProductionGoal" classname="OpenEmpires.Tests.CommanderIntentResolverTests" runstate="Runnable" testcasecount="2" result="Passed" start-time="2026-09-16 08:55:18Z" end-time="2026-09-16 08:55:19Z" duration="0.479470" total="2" passed="2" failed="0" inconclusive="0" skipped="0" asserts="0">
              <properties />
              <test-case id="1126" name="Resolve_RecognizedNonSpearmanIntent_CreatesProductionGoal(2)" fullname="OpenEmpires.Tests.CommanderIntentResolverTests.Resolve_RecognizedNonSpearmanIntent_CreatesProductionGoal(2)" methodname="Resolve_RecognizedNonSpearmanIntent_CreatesProductionGoal" classname="OpenEmpires.Tests.CommanderIntentResolverTests" runstate="Runnable" seed="1512188210" result="Passed" start-time="2026-09-16 08:55:18Z" end-time="2026-09-16 08:55:19Z" duration="0.238650" asserts="0">
                <properties>
                  <property name="retryIteration" value="0" />
                  <property name="repeatIteration" value="0" />
                </properties>
                <output><![CDATA[[Commander] Goal #1 submitted: EnsureUnitCount
]]></output>
              </test-case>
              <test-case id="1127" name="Resolve_RecognizedNonSpearmanIntent_CreatesProductionGoal(7)" fullname="OpenEmpires.Tests.CommanderIntentResolverTests.Resolve_RecognizedNonSpearmanIntent_CreatesProductionGoal(7)" methodname="Resolve_RecognizedNonSpearmanIntent_CreatesProductionGoal" classname="OpenEmpires.Tests.CommanderIntentResolverTests" runstate="Runnable" seed="1358104386" result="Passed" start-time="2026-09-16 08:55:19Z" end-time="2026-09-16 08:55:19Z" duration="0.238689" asserts="0">
                <properties>
                  <property name="retryIteration" value="0" />
                  <property name="repeatIteration" value="0" />
                </properties>
                <output><![CDATA[[Commander] Goal #1 submitted: EnsureUnitCount
]]></output>
              </test-case>
            </test-suite>
            <test-case id="1129" name="Resolve_ResourceAndBuildingIntents_CreateTypedGoals" fullname="OpenEmpires.Tests.CommanderIntentResolverTests.Resolve_ResourceAndBuildingIntents_CreateTypedGoals" methodname="Resolve_ResourceAndBuildingIntents_CreateTypedGoals" classname="OpenEmpires.Tests.CommanderIntentResolverTests" runstate="Runnable" seed="1259192224" result="Passed" start-time="2026-09-16 08:55:19Z" end-time="2026-09-16 08:55:19Z" duration="0.240616" asserts="0">
              <properties>
                <property name="retryIteration" value="0" />
                <property name="repeatIteration" value="0" />
              </properties>
              <output><![CDATA[[Commander] Goal #1 submitted: ResourceAllocation
[Commander] Goal #2 submitted: BuildStructure
]]></output>
            </test-case>
          </test-suite>
          <test-suite type="TestFixture" id="1119" name="CommanderIntentValidationTests" fullname="OpenEmpires.Tests.CommanderIntentValidationTests" classname="OpenEmpires.Tests.CommanderIntentValidationTests" runstate="Runnable" testcasecount="3" result="Passed" start-time="2026-09-16 08:55:19Z" end-time="2026-09-16 08:55:20Z" duration="0.717885" total="3" passed="3" failed="0" inconclusive="0" skipped="0" asserts="0">
            <properties />
            <test-case id="1120" name="Validate_EnsureUnitCountAbovePopulationMaximum_IsRejectedWithoutClamping" fullname="OpenEmpires.Tests.CommanderIntentValidationTests.Validate_EnsureUnitCountAbovePopulationMaximum_IsRejectedWithoutClamping" methodname="Validate_EnsureUnitCountAbovePopulationMaximum_IsRejectedWithoutClamping" classname="OpenEmpires.Tests.CommanderIntentValidationTests" runstate="Runnable" seed="1441258191" result="Passed" start-time="2026-09-16 08:55:19Z" end-time="2026-09-16 08:55:19Z" duration="0.238059" asserts="0">
              <properties>
                <property name="retryIteration" value="0" />
                <property name="repeatIteration" value="0" />
              </properties>
            </test-case>
            <test-case id="1122" name="Validate_MaximumQueuePolicyAndDuplicateConstraints_AreRejected" fullname="OpenEmpires.Tests.CommanderIntentValidationTests.Validate_MaximumQueuePolicyAndDuplicateConstraints_AreRejected" methodname="Validate_MaximumQueuePolicyAndDuplicateConstraints_AreRejected" classname="OpenEmpires.Tests.CommanderIntentValidationTests" runstate="Runnable" seed="1773963569" result="Passed" start-time="2026-09-16 08:55:19Z" end-time="2026-09-16 08:55:19Z" duration="0.238327" asserts="0">
              <properties>
                <property name="retryIteration" value="0" />
                <property name="repeatIteration" value="0" />
              </properties>
            </test-case>
            <test-case id="1121" name="Validate_UnknownUnitAndPlayerMismatch_AreRejected" fullname="OpenEmpires.Tests.CommanderIntentValidationTests.Validate_UnknownUnitAndPlayerMismatch_AreRejected" methodname="Validate_UnknownUnitAndPlayerMismatch_AreRejected" classname="OpenEmpires.Tests.CommanderIntentValidationTests" runstate="Runnable" seed="441745017" result="Passed" start-time="2026-09-16 08:55:19Z" end-time="2026-09-16 08:55:20Z" duration="0.238831" asserts="0">
              <properties>
                <property name="retryIteration" value="0" />
                <property name="repeatIteration" value="0" />
              </properties>
            </test-case>
          </test-suite>
          <test-suite type="TestFixture" id="1144" name="CommanderPhase1Tests" fullname="OpenEmpires.Tests.CommanderPhase1Tests" classname="OpenEmpires.Tests.CommanderPhase1Tests" runstate="Runnable" testcasecount="29" result="Passed" start-time="2026-09-16 08:55:20Z" end-time="2026-09-16 08:55:27Z" duration="7.122642" total="29" passed="29" failed="0" inconclusive="0" skipped="0" asserts="0">
            <properties />
            <test-case id="1160" name="AbsoluteMaximumPopulation_BlocksWithoutHouseSpam" fullname="OpenEmpires.Tests.CommanderPhase1Tests.AbsoluteMaximumPopulation_BlocksWithoutHouseSpam" methodname="AbsoluteMaximumPopulation_BlocksWithoutHouseSpam" classname="OpenEmpires.Tests.CommanderPhase1Tests" runstate="Runnable" seed="536791699" result="Passed" start-time="2026-09-16 08:55:20Z" end-time="2026-09-16 08:55:20Z" duration="0.242463" asserts="0">
              <properties>
                <property name="retryIteration" value="0" />
                <property name="repeatIteration" value="0" />
              </properties>
              <output><![CDATA[[Commander] Goal #1 submitted: EnsureUnitCount
[Commander] Goal #1: status=Blocked owned=0 queued=0; Maximum population reached (200/200). Cannot increase capacity further.
]]></output>
            </test-case>
            <test-case id="1145" name="AlreadySatisfied_CompletesWithoutIssuingTraining" fullname="OpenEmpires.Tests.CommanderPhase1Tests.AlreadySatisfied_CompletesWithoutIssuingTraining" methodname="AlreadySatisfied_CompletesWithoutIssuingTraining" classname="OpenEmpires.Tests.CommanderPhase1Tests" runstate="Runnable" seed="868446884" result="Passed" start-time="2026-09-16 08:55:20Z" end-time="2026-09-16 08:55:20Z" duration="0.239523" asserts="0">
              <properties>
                <property name="retryIteration" value="0" />
                <property name="repeatIteration" value="0" />
              </properties>
              <output><![CDATA[[Commander] Goal #1 submitted: EnsureUnitCount
[Commander] Goal #1: status=Completed owned=10 queued=0; Owned 10/10 living units.
]]></output>
            </test-case>
            <test-case id="1152" name="Cancellation_StopsFutureCommanderActions" fullname="OpenEmpires.Tests.CommanderPhase1Tests.Cancellation_StopsFutureCommanderActions" methodname="Cancellation_StopsFutureCommanderActions" classname="OpenEmpires.Tests.CommanderPhase1Tests" runstate="Runnable" seed="1662440037" result="Passed" start-time="2026-09-16 08:55:20Z" end-time="2026-09-16 08:55:20Z" duration="0.239468" asserts="0">
              <properties>
                <property name="retryIteration" value="0" />
                <property name="repeatIteration" value="0" />
              </properties>
              <output><![CDATA[[Commander] Goal #1 submitted: EnsureUnitCount
[Commander] Goal #1 cancelled.
]]></output>
            </test-case>
            <test-case id="1173" name="CommanderCommands_RoundTripThroughActiveJsonSerializer" fullname="OpenEmpires.Tests.CommanderPhase1Tests.CommanderCommands_RoundTripThroughActiveJsonSerializer" methodname="CommanderCommands_RoundTripThroughActiveJsonSerializer" classname="OpenEmpires.Tests.CommanderPhase1Tests" runstate="Runnable" seed="2136994467" result="Passed" start-time="2026-09-16 08:55:20Z" end-time="2026-09-16 08:55:21Z" duration="0.247652" asserts="0">
              <properties>
                <property name="retryIteration" value="0" />
                <property name="repeatIteration" value="0" />
              </properties>
            </test-case>
            <test-case id="1158" name="CommanderPlacement_UnreachableCandidatesEmitNoPlaceCommand" fullname="OpenEmpires.Tests.CommanderPhase1Tests.CommanderPlacement_UnreachableCandidatesEmitNoPlaceCommand" methodname="CommanderPlacement_UnreachableCandidatesEmitNoPlaceCommand" classname="OpenEmpires.Tests.CommanderPhase1Tests" runstate="Runnable" seed="1614284120" result="Passed" start-time="2026-09-16 08:55:21Z" end-time="2026-09-16 08:55:21Z" duration="0.268371" asserts="0">
              <properties>
                <property name="retryIteration" value="0" />
                <property name="repeatIteration" value="0" />
              </properties>
              <output><![CDATA[[Commander] Goal #1 submitted: EnsureUnitCount
[Commander] Goal #1: status=Blocked owned=0 queued=0; No visible, reachable buildable location was found for Barracks.
]]></output>
            </test-case>
            <test-case id="1164" name="CommanderReservedWorker_IsReusedBeforeOrdinaryGatherer" fullname="OpenEmpires.Tests.CommanderPhase1Tests.CommanderReservedWorker_IsReusedBeforeOrdinaryGatherer" methodname="CommanderReservedWorker_IsReusedBeforeOrdinaryGatherer" classname="OpenEmpires.Tests.CommanderPhase1Tests" runstate="Runnable" seed="55955681" result="Passed" start-time="2026-09-16 08:55:21Z" end-time="2026-09-16 08:55:21Z" duration="0.243540" asserts="0">
              <properties>
                <property name="retryIteration" value="0" />
                <property name="repeatIteration" value="0" />
              </properties>
              <output><![CDATA[[Commander] Goal #1 submitted: EnsureUnitCount
[Commander] Goal #1: status=WaitingForResources owned=0 queued=0; Need 150 wood for Barracks; have 0. Reassigning villager #0 to Wood node #0.
[Commander] Goal #1: status=WaitingForResources owned=0 queued=0; Need 20 wood for the next Spearman; have 0. Reassigning villager #0 to Wood node #0.
]]></output>
            </test-case>
            <test-case id="1159" name="ConstructBuildingCommand_UnreachableWorkerRemainsUnassigned" fullname="OpenEmpires.Tests.CommanderPhase1Tests.ConstructBuildingCommand_UnreachableWorkerRemainsUnassigned" methodname="ConstructBuildingCommand_UnreachableWorkerRemainsUnassigned" classname="OpenEmpires.Tests.CommanderPhase1Tests" runstate="Runnable" seed="901698587" result="Passed" start-time="2026-09-16 08:55:21Z" end-time="2026-09-16 08:55:21Z" duration="0.270893" asserts="0">
              <properties>
                <property name="retryIteration" value="0" />
                <property name="repeatIteration" value="0" />
              </properties>
              <output><![CDATA[[SyncCheck] tick=0 PRE-CMD=72608F91 cmds=1
[SyncCheck] tick=0 POST-CMD=72608F91
[SyncCheck] tick=0 PRE-AI-EXEC=72608F91 aiCmds=0
[SyncCheck] INIT tick=1 checksum=FB7068AD systemDetail=72608F91,72608F91,72608F91,72608F91,72608F91,72608F91,72608F91,72608F91,72608F91
]]></output>
            </test-case>
            <test-case id="1153" name="ConstructionRecovery_DeadBuilderIssuesConstructCommandForBackup" fullname="OpenEmpires.Tests.CommanderPhase1Tests.ConstructionRecovery_DeadBuilderIssuesConstructCommandForBackup" methodname="ConstructionRecovery_DeadBuilderIssuesConstructCommandForBackup" classname="OpenEmpires.Tests.CommanderPhase1Tests" runstate="Runnable" seed="619951519" result="Passed" start-time="2026-09-16 08:55:21Z" end-time="2026-09-16 08:55:22Z" duration="0.241227" asserts="0">
              <properties>
                <property name="retryIteration" value="0" />
                <property name="repeatIteration" value="0" />
              </properties>
              <output><![CDATA[[Commander] Goal #1 submitted: EnsureUnitCount
[Commander] Goal #1: status=Executing owned=0 queued=0; Production prerequisite: assigning villager #1 to recover building #1.
]]></output>
            </test-case>
            <test-case id="1155" name="ConstructionRecovery_ProgressingBuilderDoesNotReceiveDuplicateCommand" fullname="OpenEmpires.Tests.CommanderPhase1Tests.ConstructionRecovery_ProgressingBuilderDoesNotReceiveDuplicateCommand" methodname="ConstructionRecovery_ProgressingBuilderDoesNotReceiveDuplicateCommand" classname="OpenEmpires.Tests.CommanderPhase1Tests" runstate="Runnable" seed="1746805136" result="Passed" start-time="2026-09-16 08:55:22Z" end-time="2026-09-16 08:55:22Z" duration="0.249976" asserts="0">
              <properties>
                <property name="retryIteration" value="0" />
                <property name="repeatIteration" value="0" />
              </properties>
              <output><![CDATA[[Commander] Goal #1 submitted: EnsureUnitCount
[Commander] Goal #1: status=WaitingForConstruction owned=0 queued=0; Production prerequisite: villager #0 is travelling to building #1.
]]></output>
            </test-case>
            <test-case id="1154" name="ConstructionRecovery_StalledBuilderReassignsBackupAfterGraceWindow" fullname="OpenEmpires.Tests.CommanderPhase1Tests.ConstructionRecovery_StalledBuilderReassignsBackupAfterGraceWindow" methodname="ConstructionRecovery_StalledBuilderReassignsBackupAfterGraceWindow" classname="OpenEmpires.Tests.CommanderPhase1Tests" runstate="Runnable" seed="1124696185" result="Passed" start-time="2026-09-16 08:55:22Z" end-time="2026-09-16 08:55:22Z" duration="0.268438" asserts="0">
              <properties>
                <property name="retryIteration" value="0" />
                <property name="repeatIteration" value="0" />
              </properties>
              <output><![CDATA[[Commander] Goal #1 submitted: EnsureUnitCount
[Commander] Goal #1: status=WaitingForConstruction owned=0 queued=0; Production prerequisite: building #1 is advancing with villager #0.
[Commander] Goal #1: status=Executing owned=0 queued=0; Production prerequisite: assigning villager #1 to recover building #1.
]]></output>
            </test-case>
            <test-case id="1156" name="ConstructionRecovery_UnreachableBackupBecomesBlocked" fullname="OpenEmpires.Tests.CommanderPhase1Tests.ConstructionRecovery_UnreachableBackupBecomesBlocked" methodname="ConstructionRecovery_UnreachableBackupBecomesBlocked" classname="OpenEmpires.Tests.CommanderPhase1Tests" runstate="Runnable" seed="1078150859" result="Passed" start-time="2026-09-16 08:55:22Z" end-time="2026-09-16 08:55:22Z" duration="0.239589" asserts="0">
              <properties>
                <property name="retryIteration" value="0" />
                <property name="repeatIteration" value="0" />
              </properties>
              <output><![CDATA[[Commander] Goal #1 submitted: EnsureUnitCount
[Commander] Goal #1: status=Blocked owned=0 queued=0; Production prerequisite: building #1 is stalled and no reachable, unprotected owned villager can resume it.
]]></output>
            </test-case>
            <test-case id="1150" name="ExistingTrainingQueue_IsCountedAndPreventsBlindOverQueueing" fullname="OpenEmpires.Tests.CommanderPhase1Tests.ExistingTrainingQueue_IsCountedAndPreventsBlindOverQueueing" methodname="ExistingTrainingQueue_IsCountedAndPreventsBlindOverQueueing" classname="OpenEmpires.Tests.CommanderPhase1Tests" runstate="Runnable" seed="279087610" result="Passed" start-time="2026-09-16 08:55:22Z" end-time="2026-09-16 08:55:23Z" duration="0.240490" asserts="0">
              <properties>
                <property name="retryIteration" value="0" />
                <property name="repeatIteration" value="0" />
              </properties>
              <output><![CDATA[[Commander] Goal #1 submitted: EnsureUnitCount
[Commander] Goal #1: status=WaitingForProduction owned=5 queued=3; All compatible production queues are at Commander limit 3.
]]></output>
            </test-case>
            <test-case id="1165" name="ExploredResourceDepletion_DoesNotChangeCommanderObservation" fullname="OpenEmpires.Tests.CommanderPhase1Tests.ExploredResourceDepletion_DoesNotChangeCommanderObservation" methodname="ExploredResourceDepletion_DoesNotChangeCommanderObservation" classname="OpenEmpires.Tests.CommanderPhase1Tests" runstate="Runnable" seed="185293" result="Passed" start-time="2026-09-16 08:55:23Z" end-time="2026-09-16 08:55:23Z" duration="0.246911" asserts="0">
              <properties>
                <property name="retryIteration" value="0" />
                <property name="repeatIteration" value="0" />
              </properties>
              <output><![CDATA[[Commander] Goal #1 submitted: EnsureUnitCount
[Commander] Goal #1: status=Blocked owned=0 queued=0; Need 150 wood for Barracks; have 0. No eligible owned villager is available.
]]></output>
            </test-case>
            <test-case id="1172" name="ForeignBuilder_CannotPlaceBuildingOrSpendIssuerResources" fullname="OpenEmpires.Tests.CommanderPhase1Tests.ForeignBuilder_CannotPlaceBuildingOrSpendIssuerResources" methodname="ForeignBuilder_CannotPlaceBuildingOrSpendIssuerResources" classname="OpenEmpires.Tests.CommanderPhase1Tests" runstate="Runnable" seed="2067524247" result="Passed" start-time="2026-09-16 08:55:23Z" end-time="2026-09-16 08:55:23Z" duration="0.247078" asserts="0">
              <properties>
                <property name="retryIteration" value="0" />
                <property name="repeatIteration" value="0" />
              </properties>
              <output><![CDATA[[SyncCheck] tick=0 PRE-CMD=1C668F91 cmds=1
[SyncCheck] tick=0 POST-CMD=1C668F91
[SyncCheck] tick=0 PRE-AI-EXEC=1C668F91 aiCmds=0
[SyncCheck] INIT tick=1 checksum=14499382 systemDetail=1C668F91,1C668F91,1C668F91,1C668F91,1C668F91,1C668F91,1C668F91,1C668F91,1C668F91
]]></output>
            </test-case>
            <test-case id="1170" name="ForeignControlledUnits_AreRejectedByMoveStopAndAttack" fullname="OpenEmpires.Tests.CommanderPhase1Tests.ForeignControlledUnits_AreRejectedByMoveStopAndAttack" methodname="ForeignControlledUnits_AreRejectedByMoveStopAndAttack" classname="OpenEmpires.Tests.CommanderPhase1Tests" runstate="Runnable" seed="590363377" result="Passed" start-time="2026-09-16 08:55:23Z" end-time="2026-09-16 08:55:23Z" duration="0.244640" asserts="0">
              <properties>
                <property name="retryIteration" value="0" />
                <property name="repeatIteration" value="0" />
              </properties>
              <output><![CDATA[[SyncCheck] tick=0 PRE-CMD=BEBCD370 cmds=3
[SyncCheck] tick=0 POST-CMD=BEBCD370
[SyncCheck] tick=0 PRE-AI-EXEC=BEBCD370 aiCmds=0
[SyncCheck] INIT tick=1 checksum=1FBD3E3A systemDetail=BEBCD370,BEBCD370,BEBCD370,BEBCD370,BEBCD370,BEBCD370,BEBCD370,BEBCD370,BEBCD370
]]></output>
            </test-case>
            <test-case id="1171" name="ForeignTowerUpgrade_IsRejectedWithoutSpendingOwnerResources" fullname="OpenEmpires.Tests.CommanderPhase1Tests.ForeignTowerUpgrade_IsRejectedWithoutSpendingOwnerResources" methodname="ForeignTowerUpgrade_IsRejectedWithoutSpendingOwnerResources" classname="OpenEmpires.Tests.CommanderPhase1Tests" runstate="Runnable" seed="605658184" result="Passed" start-time="2026-09-16 08:55:23Z" end-time="2026-09-16 08:55:24Z" duration="0.241237" asserts="0">
              <properties>
                <property name="retryIteration" value="0" />
                <property name="repeatIteration" value="0" />
              </properties>
              <output><![CDATA[[SyncCheck] tick=0 PRE-CMD=00000011 cmds=1
[SyncCheck] tick=0 POST-CMD=00000011
[SyncCheck] tick=0 PRE-AI-EXEC=00000011 aiCmds=0
[SyncCheck] INIT tick=1 checksum=E83D7494 systemDetail=00000011,00000011,00000011,00000011,00000011,00000011,00000011,00000011,00000011
]]></output>
            </test-case>
            <test-case id="1169" name="GatherCommand_CannotControlForeignVillager" fullname="OpenEmpires.Tests.CommanderPhase1Tests.GatherCommand_CannotControlForeignVillager" methodname="GatherCommand_CannotControlForeignVillager" classname="OpenEmpires.Tests.CommanderPhase1Tests" runstate="Runnable" seed="1136171494" result="Passed" start-time="2026-09-16 08:55:24Z" end-time="2026-09-16 08:55:24Z" duration="0.242703" asserts="0">
              <properties>
                <property name="retryIteration" value="0" />
                <property name="repeatIteration" value="0" />
              </properties>
              <output><![CDATA[[SyncCheck] tick=0 PRE-CMD=1C668F91 cmds=1
[SyncCheck] tick=0 POST-CMD=1C668F91
[SyncCheck] tick=0 PRE-AI-EXEC=1C668F91 aiCmds=0
[SyncCheck] INIT tick=1 checksum=D14DBA6C systemDetail=1C668F91,1C668F91,1C668F91,1C668F91,1C668F91,1C668F91,1C668F91,1C668F91,1C668F91
]]></output>
            </test-case>
            <test-case id="1168" name="GoalTimeout_PublishesStructuredFailureEvent" fullname="OpenEmpires.Tests.CommanderPhase1Tests.GoalTimeout_PublishesStructuredFailureEvent" methodname="GoalTimeout_PublishesStructuredFailureEvent" classname="OpenEmpires.Tests.CommanderPhase1Tests" runstate="Runnable" seed="6619817" result="Passed" start-time="2026-09-16 08:55:24Z" end-time="2026-09-16 08:55:24Z" duration="0.242386" asserts="0">
              <properties>
                <property name="retryIteration" value="0" />
                <property name="repeatIteration" value="0" />
              </properties>
              <output><![CDATA[[Commander] Goal #1 submitted: EnsureUnitCount
[Commander] Goal #1: status=Blocked owned=0 queued=0; Need 150 wood for Barracks; have 0. No eligible owned villager is available.
[Commander] Goal #1 failed: Goal exceeded its 30-tick duration limit.
]]></output>
            </test-case>
            <test-case id="1157" name="GridPathfinder_CompletePathCheckRejectsNonEmptyPartialPath" fullname="OpenEmpires.Tests.CommanderPhase1Tests.GridPathfinder_CompletePathCheckRejectsNonEmptyPartialPath" methodname="GridPathfinder_CompletePathCheckRejectsNonEmptyPartialPath" classname="OpenEmpires.Tests.CommanderPhase1Tests" runstate="Runnable" seed="998017777" result="Passed" start-time="2026-09-16 08:55:24Z" end-time="2026-09-16 08:55:24Z" duration="0.240049" asserts="0">
              <properties>
                <property name="retryIteration" value="0" />
                <property name="repeatIteration" value="0" />
              </properties>
            </test-case>
            <test-case id="1166" name="HiddenEnemyBuilding_DoesNotChangePlacementObservation" fullname="OpenEmpires.Tests.CommanderPhase1Tests.HiddenEnemyBuilding_DoesNotChangePlacementObservation" methodname="HiddenEnemyBuilding_DoesNotChangePlacementObservation" classname="OpenEmpires.Tests.CommanderPhase1Tests" runstate="Runnable" seed="1183358256" result="Passed" start-time="2026-09-16 08:55:24Z" end-time="2026-09-16 08:55:25Z" duration="0.242455" asserts="0">
              <properties>
                <property name="retryIteration" value="0" />
                <property name="repeatIteration" value="0" />
              </properties>
              <output><![CDATA[[Commander] Goal #1 submitted: EnsureUnitCount
[Commander] Goal #1: status=Blocked owned=0 queued=0; No visible, reachable buildable location was found for Barracks.
]]></output>
            </test-case>
            <test-case id="1162" name="HumanCommand_ClearsReservationAndProtectionPreventsReclaim" fullname="OpenEmpires.Tests.CommanderPhase1Tests.HumanCommand_ClearsReservationAndProtectionPreventsReclaim" methodname="HumanCommand_ClearsReservationAndProtectionPreventsReclaim" classname="OpenEmpires.Tests.CommanderPhase1Tests" runstate="Runnable" seed="914261515" result="Passed" start-time="2026-09-16 08:55:25Z" end-time="2026-09-16 08:55:25Z" duration="0.242490" asserts="0">
              <properties>
                <property name="retryIteration" value="0" />
                <property name="repeatIteration" value="0" />
              </properties>
              <output><![CDATA[[Commander] Goal #1 submitted: EnsureUnitCount
[Commander] Goal #1: status=WaitingForResources owned=0 queued=0; Need 150 wood for Barracks; have 0. Reassigning villager #0 to Wood node #0.
[Commander] Goal #1: status=WaitingForResources owned=0 queued=0; Need 150 wood for Barracks; have 0. Reassigning villager #1 to Wood node #0.
]]></output>
            </test-case>
            <test-case id="1163" name="HumanProtectionWindow_PreventsRapidReclaimAtSixSimulationSeconds" fullname="OpenEmpires.Tests.CommanderPhase1Tests.HumanProtectionWindow_PreventsRapidReclaimAtSixSimulationSeconds" methodname="HumanProtectionWindow_PreventsRapidReclaimAtSixSimulationSeconds" classname="OpenEmpires.Tests.CommanderPhase1Tests" runstate="Runnable" seed="1584756424" result="Passed" start-time="2026-09-16 08:55:25Z" end-time="2026-09-16 08:55:25Z" duration="0.242306" asserts="0">
              <properties>
                <property name="retryIteration" value="0" />
                <property name="repeatIteration" value="0" />
              </properties>
              <output><![CDATA[[Commander] Goal #1 submitted: EnsureUnitCount
[Commander] Goal #1: status=WaitingForResources owned=0 queued=0; Need 150 wood for Barracks; have 0. Reassigning villager #0 to Wood node #0.
[Commander] Goal #1: status=WaitingForResources owned=0 queued=0; Need 150 wood for Barracks; have 0. Reassigning villager #1 to Wood node #0.
]]></output>
            </test-case>
            <test-case id="1148" name="InsufficientBarracksWood_ReassignsOwnedVillagerWithoutCheatingResources" fullname="OpenEmpires.Tests.CommanderPhase1Tests.InsufficientBarracksWood_ReassignsOwnedVillagerWithoutCheatingResources" methodname="InsufficientBarracksWood_ReassignsOwnedVillagerWithoutCheatingResources" classname="OpenEmpires.Tests.CommanderPhase1Tests" runstate="Runnable" seed="664159921" result="Passed" start-time="2026-09-16 08:55:25Z" end-time="2026-09-16 08:55:25Z" duration="0.239716" asserts="0">
              <properties>
                <property name="retryIteration" value="0" />
                <property name="repeatIteration" value="0" />
              </properties>
              <output><![CDATA[[Commander] Goal #1 submitted: EnsureUnitCount
[Commander] Goal #1: status=WaitingForResources owned=0 queued=0; Need 150 wood for Barracks; have 0. Reassigning villager #0 to Wood node #0.
]]></output>
            </test-case>
            <test-case id="1147" name="MissingBarracks_EmitsLegitimatePlaceBuildingCommand" fullname="OpenEmpires.Tests.CommanderPhase1Tests.MissingBarracks_EmitsLegitimatePlaceBuildingCommand" methodname="MissingBarracks_EmitsLegitimatePlaceBuildingCommand" classname="OpenEmpires.Tests.CommanderPhase1Tests" runstate="Runnable" seed="959598540" result="Passed" start-time="2026-09-16 08:55:25Z" end-time="2026-09-16 08:55:26Z" duration="0.241815" asserts="0">
              <properties>
                <property name="retryIteration" value="0" />
                <property name="repeatIteration" value="0" />
              </properties>
              <output><![CDATA[[Commander] Goal #1 submitted: EnsureUnitCount
[Commander] Goal #1: status=Executing owned=0 queued=0; Placing Barracks at (197,140) with villager #0.
]]></output>
            </test-case>
            <test-case id="1167" name="MultipleBarracks_UsesLowestLoadAvailableProducer" fullname="OpenEmpires.Tests.CommanderPhase1Tests.MultipleBarracks_UsesLowestLoadAvailableProducer" methodname="MultipleBarracks_UsesLowestLoadAvailableProducer" classname="OpenEmpires.Tests.CommanderPhase1Tests" runstate="Runnable" seed="376242413" result="Passed" start-time="2026-09-16 08:55:26Z" end-time="2026-09-16 08:55:26Z" duration="0.242209" asserts="0">
              <properties>
                <property name="retryIteration" value="0" />
                <property name="repeatIteration" value="0" />
              </properties>
              <output><![CDATA[[Commander] Goal #1 submitted: EnsureUnitCount
[Commander] Goal #1: status=Executing owned=0 queued=4; Queueing Spearman at Barracks #3.
]]></output>
            </test-case>
            <test-case id="1146" name="PartialCount_PlansOnlyRemainingProduction" fullname="OpenEmpires.Tests.CommanderPhase1Tests.PartialCount_PlansOnlyRemainingProduction" methodname="PartialCount_PlansOnlyRemainingProduction" classname="OpenEmpires.Tests.CommanderPhase1Tests" runstate="Runnable" seed="495492290" result="Passed" start-time="2026-09-16 08:55:26Z" end-time="2026-09-16 08:55:26Z" duration="0.241501" asserts="0">
              <properties>
                <property name="retryIteration" value="0" />
                <property name="repeatIteration" value="0" />
              </properties>
              <output><![CDATA[[Commander] Goal #1 submitted: EnsureUnitCount
[Commander] Goal #1: status=Executing owned=4 queued=0; Queueing Spearman at Barracks #1.
]]></output>
            </test-case>
            <test-case id="1149" name="PopulationBlocked_EmitsHousePlacementBeforeMoreTraining" fullname="OpenEmpires.Tests.CommanderPhase1Tests.PopulationBlocked_EmitsHousePlacementBeforeMoreTraining" methodname="PopulationBlocked_EmitsHousePlacementBeforeMoreTraining" classname="OpenEmpires.Tests.CommanderPhase1Tests" runstate="Runnable" seed="230410694" result="Passed" start-time="2026-09-16 08:55:26Z" end-time="2026-09-16 08:55:26Z" duration="0.241899" asserts="0">
              <properties>
                <property name="retryIteration" value="0" />
                <property name="repeatIteration" value="0" />
              </properties>
              <output><![CDATA[[Commander] Goal #1 submitted: EnsureUnitCount
[Commander] Goal #1: status=Executing owned=0 queued=0; Placing House at (197,140) with villager #0.
]]></output>
            </test-case>
            <test-case id="1161" name="SameTickHumanGatherCommand_ProtectsWorkerBeforeCommanderPlans" fullname="OpenEmpires.Tests.CommanderPhase1Tests.SameTickHumanGatherCommand_ProtectsWorkerBeforeCommanderPlans" methodname="SameTickHumanGatherCommand_ProtectsWorkerBeforeCommanderPlans" classname="OpenEmpires.Tests.CommanderPhase1Tests" runstate="Runnable" seed="444083319" result="Passed" start-time="2026-09-16 08:55:26Z" end-time="2026-09-16 08:55:27Z" duration="0.242263" asserts="0">
              <properties>
                <property name="retryIteration" value="0" />
                <property name="repeatIteration" value="0" />
              </properties>
              <output><![CDATA[[Commander] Goal #1 submitted: EnsureUnitCount
[Commander] Goal #1: status=WaitingForResources owned=0 queued=0; Need 60 food for the next Spearman; have 0. Reassigning villager #1 to Food node #0.
]]></output>
            </test-case>
            <test-case id="1151" name="UnitDeathBeforeCompletion_ReevaluationRestoresMissingOrder" fullname="OpenEmpires.Tests.CommanderPhase1Tests.UnitDeathBeforeCompletion_ReevaluationRestoresMissingOrder" methodname="UnitDeathBeforeCompletion_ReevaluationRestoresMissingOrder" classname="OpenEmpires.Tests.CommanderPhase1Tests" runstate="Runnable" seed="734097604" result="Passed" start-time="2026-09-16 08:55:27Z" end-time="2026-09-16 08:55:27Z" duration="0.241143" asserts="0">
              <properties>
                <property name="retryIteration" value="0" />
                <property name="repeatIteration" value="0" />
              </properties>
              <output><![CDATA[[Commander] Goal #1 submitted: EnsureUnitCount
[Commander] Goal #1: status=WaitingForProduction owned=8 queued=2; Owned 8, queued 2, target 10.
[Commander] Goal #1: status=Executing owned=7 queued=2; Queueing Spearman at Barracks #1.
]]></output>
            </test-case>
          </test-suite>
          <test-suite type="TestFixture" id="1174" name="CommanderPhase3A1Tests" fullname="OpenEmpires.Tests.CommanderPhase3A1Tests" classname="OpenEmpires.Tests.CommanderPhase3A1Tests" runstate="Runnable" testcasecount="20" result="Passed" start-time="2026-09-16 08:55:27Z" end-time="2026-09-16 08:55:32Z" duration="4.866772" total="20" passed="20" failed="0" inconclusive="0" skipped="0" asserts="0">
            <properties />
            <test-case id="1197" name="AgePrerequisiteWait_YieldsToLaterResourceRequest" fullname="OpenEmpires.Tests.CommanderPhase3A1Tests.AgePrerequisiteWait_YieldsToLaterResourceRequest" methodname="AgePrerequisiteWait_YieldsToLaterResourceRequest" classname="OpenEmpires.Tests.CommanderPhase3A1Tests" runstate="Runnable" seed="1599750911" result="Passed" start-time="2026-09-16 08:55:27Z" end-time="2026-09-16 08:55:27Z" duration="0.250554" asserts="0">
              <properties>
                <property name="retryIteration" value="0" />
                <property name="repeatIteration" value="0" />
              </properties>
              <output><![CDATA[[Commander] Goal #1 submitted: EnsureUnitCount
[Commander] Goal #1: status=Blocked owned=0 queued=0; Need 100 gold for the next Knight; have 0. No eligible owned villager is available.
[Commander] Goal #2 submitted: ResourceAllocation
[Commander] Goal #1: status=WaitingForPrerequisite owned=0 queued=0; Knight requires age 3. Advance age to resume.
[Commander] Goal #2: status=WaitingForResources owned=0 queued=0; Assigning at least 1 villagers to Wood; currently 0. Reassigning villager #0 to Wood node #0.
]]></output>
            </test-case>
            <test-case id="1195" name="BlockedGoal_Cancelled_DoesNotRetry" fullname="OpenEmpires.Tests.CommanderPhase3A1Tests.BlockedGoal_Cancelled_DoesNotRetry" methodname="BlockedGoal_Cancelled_DoesNotRetry" classname="OpenEmpires.Tests.CommanderPhase3A1Tests" runstate="Runnable" seed="973829631" result="Passed" start-time="2026-09-16 08:55:27Z" end-time="2026-09-16 08:55:27Z" duration="0.247511" asserts="0">
              <properties>
                <property name="retryIteration" value="0" />
                <property name="repeatIteration" value="0" />
              </properties>
              <output><![CDATA[[Commander] Goal #1 submitted: EnsureUnitCount
[Commander] Goal #1: status=Blocked owned=0 queued=0; Need 100 gold for the next Knight; have 0. No eligible owned villager is available.
[Commander] Goal #1 cancelled.
]]></output>
            </test-case>
            <test-case id="1194" name="BlockedGoal_ConditionResolvesAtDeadline_Recovers" fullname="OpenEmpires.Tests.CommanderPhase3A1Tests.BlockedGoal_ConditionResolvesAtDeadline_Recovers" methodname="BlockedGoal_ConditionResolvesAtDeadline_Recovers" classname="OpenEmpires.Tests.CommanderPhase3A1Tests" runstate="Runnable" seed="1386397976" result="Passed" start-time="2026-09-16 08:55:27Z" end-time="2026-09-16 08:55:28Z" duration="0.239144" asserts="0">
              <properties>
                <property name="retryIteration" value="0" />
                <property name="repeatIteration" value="0" />
              </properties>
              <output><![CDATA[[Commander] Goal #1 submitted: EnsureUnitCount
[Commander] Goal #1: status=Blocked owned=0 queued=0; Need 100 gold for the next Knight; have 0. No eligible owned villager is available.
[Commander] Goal #1: status=Executing owned=0 queued=0; Queueing Knight at Stables #1.
]]></output>
            </test-case>
            <test-case id="1191" name="BlockedGoal_DoesNotFreezeFutureCommands" fullname="OpenEmpires.Tests.CommanderPhase3A1Tests.BlockedGoal_DoesNotFreezeFutureCommands" methodname="BlockedGoal_DoesNotFreezeFutureCommands" classname="OpenEmpires.Tests.CommanderPhase3A1Tests" runstate="Runnable" seed="933880774" result="Passed" start-time="2026-09-16 08:55:28Z" end-time="2026-09-16 08:55:28Z" duration="0.240509" asserts="0">
              <properties>
                <property name="retryIteration" value="0" />
                <property name="repeatIteration" value="0" />
              </properties>
              <output><![CDATA[[Commander] Goal #1 submitted: EnsureUnitCount
[Commander] Goal #1: status=Blocked owned=0 queued=0; Need 100 gold for the next Knight; have 0. No eligible owned villager is available.
[Commander] Goal #2 submitted: ResourceAllocation
[Commander] Goal #2: status=WaitingForResources owned=0 queued=0; Assigning at least 1 villagers to Wood; currently 0. Reassigning villager #0 to Wood node #0.
]]></output>
            </test-case>
            <test-case id="1193" name="BlockedGoal_FailsAfterTimeout" fullname="OpenEmpires.Tests.CommanderPhase3A1Tests.BlockedGoal_FailsAfterTimeout" methodname="BlockedGoal_FailsAfterTimeout" classname="OpenEmpires.Tests.CommanderPhase3A1Tests" runstate="Runnable" seed="2043567545" result="Passed" start-time="2026-09-16 08:55:28Z" end-time="2026-09-16 08:55:28Z" duration="0.242727" asserts="0">
              <properties>
                <property name="retryIteration" value="0" />
                <property name="repeatIteration" value="0" />
              </properties>
              <output><![CDATA[[Commander] Goal #1 submitted: EnsureUnitCount
[Commander] Goal #1: status=Blocked owned=0 queued=0; Need 100 gold for the next Knight; have 0. No eligible owned villager is available.
[Commander] Goal #1 failed: Blocked for 1800 ticks. Need 100 gold for the next Knight; have 0. No eligible owned villager is available.
]]></output>
            </test-case>
            <test-case id="1192" name="BlockedGoal_RecoversAfterConditionChanges" fullname="OpenEmpires.Tests.CommanderPhase3A1Tests.BlockedGoal_RecoversAfterConditionChanges" methodname="BlockedGoal_RecoversAfterConditionChanges" classname="OpenEmpires.Tests.CommanderPhase3A1Tests" runstate="Runnable" seed="381583265" result="Passed" start-time="2026-09-16 08:55:28Z" end-time="2026-09-16 08:55:28Z" duration="0.241459" asserts="0">
              <properties>
                <property name="retryIteration" value="0" />
                <property name="repeatIteration" value="0" />
              </properties>
              <output><![CDATA[[Commander] Goal #1 submitted: EnsureUnitCount
[Commander] Goal #1: status=Blocked owned=0 queued=0; Need 100 gold for the next Knight; have 0. No eligible owned villager is available.
[Commander] Goal #1: status=Executing owned=0 queued=0; Queueing Knight at Stables #1.
]]></output>
            </test-case>
            <test-case id="1196" name="BlockedRetry_AndLaterGoal_EmitAtMostOneCommandPerTick" fullname="OpenEmpires.Tests.CommanderPhase3A1Tests.BlockedRetry_AndLaterGoal_EmitAtMostOneCommandPerTick" methodname="BlockedRetry_AndLaterGoal_EmitAtMostOneCommandPerTick" classname="OpenEmpires.Tests.CommanderPhase3A1Tests" runstate="Runnable" seed="659240519" result="Passed" start-time="2026-09-16 08:55:28Z" end-time="2026-09-16 08:55:29Z" duration="0.240606" asserts="0">
              <properties>
                <property name="retryIteration" value="0" />
                <property name="repeatIteration" value="0" />
              </properties>
              <output><![CDATA[[Commander] Goal #1 submitted: EnsureUnitCount
[Commander] Goal #1: status=Blocked owned=0 queued=0; Need 100 gold for the next Knight; have 0. No eligible owned villager is available.
[Commander] Goal #2 submitted: ResourceAllocation
[Commander] Goal #1: status=Executing owned=0 queued=0; Queueing Knight at Stables #1.
]]></output>
            </test-case>
            <test-case id="1187" name="ConstructionAfterArrival_StallRecoveryWorks" fullname="OpenEmpires.Tests.CommanderPhase3A1Tests.ConstructionAfterArrival_StallRecoveryWorks" methodname="ConstructionAfterArrival_StallRecoveryWorks" classname="OpenEmpires.Tests.CommanderPhase3A1Tests" runstate="Runnable" seed="132820531" result="Passed" start-time="2026-09-16 08:55:29Z" end-time="2026-09-16 08:55:29Z" duration="0.241128" asserts="0">
              <properties>
                <property name="retryIteration" value="0" />
                <property name="repeatIteration" value="0" />
              </properties>
              <output><![CDATA[[Commander] Goal #1 submitted: BuildStructure
[Commander] Goal #1: status=WaitingForConstruction owned=0 queued=1; Construction: villager #0 is travelling to building #0.
[Commander] Goal #1: status=WaitingForConstruction owned=0 queued=1; Construction: building #0 is advancing with villager #0.
[Commander] Goal #1: status=Executing owned=0 queued=1; Construction: assigning villager #1 to recover building #0.
[Commander] Goal #1: status=WaitingForConstruction owned=0 queued=1; Construction: building #0 is advancing with villager #0.
]]></output>
            </test-case>
            <test-case id="1189" name="ConstructionArrivedBuilder_NotMaskedByLowerIdTraveller" fullname="OpenEmpires.Tests.CommanderPhase3A1Tests.ConstructionArrivedBuilder_NotMaskedByLowerIdTraveller" methodname="ConstructionArrivedBuilder_NotMaskedByLowerIdTraveller" classname="OpenEmpires.Tests.CommanderPhase3A1Tests" runstate="Runnable" seed="34918709" result="Passed" start-time="2026-09-16 08:55:29Z" end-time="2026-09-16 08:55:29Z" duration="0.240460" asserts="0">
              <properties>
                <property name="retryIteration" value="0" />
                <property name="repeatIteration" value="0" />
              </properties>
              <output><![CDATA[[Commander] Goal #1 submitted: BuildStructure
[Commander] Goal #1: status=WaitingForConstruction owned=0 queued=1; Construction: building #0 is advancing with villager #1.
[Commander] Goal #1: status=Executing owned=0 queued=1; Construction: assigning villager #2 to recover building #0.
]]></output>
            </test-case>
            <test-case id="1188" name="ConstructionDeadBuilder_StillRecovers" fullname="OpenEmpires.Tests.CommanderPhase3A1Tests.ConstructionDeadBuilder_StillRecovers" methodname="ConstructionDeadBuilder_StillRecovers" classname="OpenEmpires.Tests.CommanderPhase3A1Tests" runstate="Runnable" seed="1609912535" result="Passed" start-time="2026-09-16 08:55:29Z" end-time="2026-09-16 08:55:29Z" duration="0.240074" asserts="0">
              <properties>
                <property name="retryIteration" value="0" />
                <property name="repeatIteration" value="0" />
              </properties>
              <output><![CDATA[[Commander] Goal #1 submitted: BuildStructure
[Commander] Goal #1: status=WaitingForConstruction owned=0 queued=1; Construction: villager #0 is travelling to building #0.
[Commander] Goal #1: status=Executing owned=0 queued=1; Construction: assigning villager #1 to recover building #0.
]]></output>
            </test-case>
            <test-case id="1190" name="ConstructionProgress_ResetsArrivalStallWindow" fullname="OpenEmpires.Tests.CommanderPhase3A1Tests.ConstructionProgress_ResetsArrivalStallWindow" methodname="ConstructionProgress_ResetsArrivalStallWindow" classname="OpenEmpires.Tests.CommanderPhase3A1Tests" runstate="Runnable" seed="8462451" result="Passed" start-time="2026-09-16 08:55:29Z" end-time="2026-09-16 08:55:30Z" duration="0.240072" asserts="0">
              <properties>
                <property name="retryIteration" value="0" />
                <property name="repeatIteration" value="0" />
              </properties>
              <output><![CDATA[[Commander] Goal #1 submitted: BuildStructure
[Commander] Goal #1: status=WaitingForConstruction owned=0 queued=1; Construction: building #0 is advancing with villager #0.
[Commander] Goal #1: status=Executing owned=0 queued=1; Construction: assigning villager #1 to recover building #0.
]]></output>
            </test-case>
            <test-suite type="ParameterizedMethod" id="1186" name="ConstructionTravelTime_DoesNotTriggerStall" fullname="OpenEmpires.Tests.CommanderPhase3A1Tests.ConstructionTravelTime_DoesNotTriggerStall" classname="OpenEmpires.Tests.CommanderPhase3A1Tests" runstate="Runnable" testcasecount="2" result="Passed" start-time="2026-09-16 08:55:30Z" end-time="2026-09-16 08:55:30Z" duration="0.486645" total="2" passed="2" failed="0" inconclusive="0" skipped="0" asserts="0">
              <properties />
              <test-case id="1184" name="ConstructionTravelTime_DoesNotTriggerStall(MovingToBuild)" fullname="OpenEmpires.Tests.CommanderPhase3A1Tests.ConstructionTravelTime_DoesNotTriggerStall(MovingToBuild)" methodname="ConstructionTravelTime_DoesNotTriggerStall" classname="OpenEmpires.Tests.CommanderPhase3A1Tests" runstate="Runnable" seed="715407061" result="Passed" start-time="2026-09-16 08:55:30Z" end-time="2026-09-16 08:55:30Z" duration="0.239904" asserts="0">
                <properties>
                  <property name="retryIteration" value="0" />
                  <property name="repeatIteration" value="0" />
                </properties>
                <output><![CDATA[[Commander] Goal #1 submitted: BuildStructure
[Commander] Goal #1: status=WaitingForConstruction owned=0 queued=1; Construction: villager #0 is travelling to building #0.
]]></output>
              </test-case>
              <test-case id="1185" name="ConstructionTravelTime_DoesNotTriggerStall(Constructing)" fullname="OpenEmpires.Tests.CommanderPhase3A1Tests.ConstructionTravelTime_DoesNotTriggerStall(Constructing)" methodname="ConstructionTravelTime_DoesNotTriggerStall" classname="OpenEmpires.Tests.CommanderPhase3A1Tests" runstate="Runnable" seed="1819123726" result="Passed" start-time="2026-09-16 08:55:30Z" end-time="2026-09-16 08:55:30Z" duration="0.240853" asserts="0">
                <properties>
                  <property name="retryIteration" value="0" />
                  <property name="repeatIteration" value="0" />
                </properties>
                <output><![CDATA[[Commander] Goal #1 submitted: BuildStructure
[Commander] Goal #1: status=WaitingForConstruction owned=0 queued=1; Construction: villager #0 is travelling to building #0.
]]></output>
              </test-case>
            </test-suite>
            <test-case id="1198" name="DeferredAndQueuedGoals_RetainOverallDurationLimit" fullname="OpenEmpires.Tests.CommanderPhase3A1Tests.DeferredAndQueuedGoals_RetainOverallDurationLimit" methodname="DeferredAndQueuedGoals_RetainOverallDurationLimit" classname="OpenEmpires.Tests.CommanderPhase3A1Tests" runstate="Runnable" seed="1080645249" result="Passed" start-time="2026-09-16 08:55:30Z" end-time="2026-09-16 08:55:30Z" duration="0.241177" asserts="0">
              <properties>
                <property name="retryIteration" value="0" />
                <property name="repeatIteration" value="0" />
              </properties>
              <output><![CDATA[[Commander] Goal #1 submitted: EnsureUnitCount
[Commander] Goal #1: status=Blocked owned=0 queued=0; Need 100 gold for the next Knight; have 0. No eligible owned villager is available.
[Commander] Goal #2 submitted: ResourceAllocation
[Commander] Goal #2 failed: Goal exceeded its 30-tick duration limit.
]]></output>
            </test-case>
            <test-suite type="ParameterizedMethod" id="1177" name="FogPath_VisibleMiddleVisible_UsesKnowledgeBoundary" fullname="OpenEmpires.Tests.CommanderPhase3A1Tests.FogPath_VisibleMiddleVisible_UsesKnowledgeBoundary" classname="OpenEmpires.Tests.CommanderPhase3A1Tests" runstate="Runnable" testcasecount="2" result="Passed" start-time="2026-09-16 08:55:30Z" end-time="2026-09-16 08:55:31Z" duration="0.483593" total="2" passed="2" failed="0" inconclusive="0" skipped="0" asserts="0">
              <properties />
              <test-case id="1175" name="FogPath_VisibleMiddleVisible_UsesKnowledgeBoundary(Explored,True)" fullname="OpenEmpires.Tests.CommanderPhase3A1Tests.FogPath_VisibleMiddleVisible_UsesKnowledgeBoundary(Explored,True)" methodname="FogPath_VisibleMiddleVisible_UsesKnowledgeBoundary" classname="OpenEmpires.Tests.CommanderPhase3A1Tests" runstate="Runnable" seed="1907396580" result="Passed" start-time="2026-09-16 08:55:30Z" end-time="2026-09-16 08:55:30Z" duration="0.239535" asserts="0">
                <properties>
                  <property name="retryIteration" value="0" />
                  <property name="repeatIteration" value="0" />
                </properties>
              </test-case>
              <test-case id="1176" name="FogPath_VisibleMiddleVisible_UsesKnowledgeBoundary(Unexplored,False)" fullname="OpenEmpires.Tests.CommanderPhase3A1Tests.FogPath_VisibleMiddleVisible_UsesKnowledgeBoundary(Unexplored,False)" methodname="FogPath_VisibleMiddleVisible_UsesKnowledgeBoundary" classname="OpenEmpires.Tests.CommanderPhase3A1Tests" runstate="Runnable" seed="835328223" result="Passed" start-time="2026-09-16 08:55:30Z" end-time="2026-09-16 08:55:31Z" duration="0.238681" asserts="0">
                <properties>
                  <property name="retryIteration" value="0" />
                  <property name="repeatIteration" value="0" />
                </properties>
              </test-case>
            </test-suite>
[...]
                <properties>
                  <property name="retryIteration" value="0" />
                  <property name="repeatIteration" value="0" />
                </properties>
              </test-case>
              <test-case id="1142" name="Generate_TerminalOrBlockedGoalEvent_ReturnsDeterministicTemplate(GoalCancelled,&quot;The Commander request was cancelled.&quot;)" fullname="OpenEmpires.Tests.CommanderResponseGeneratorTests.Generate_TerminalOrBlockedGoalEvent_ReturnsDeterministicTemplate(GoalCancelled,&quot;The Commander request was cancelled.&quot;)" methodname="Generate_TerminalOrBlockedGoalEvent_ReturnsDeterministicTemplate" classname="OpenEmpires.Tests.CommanderResponseGeneratorTests" runstate="Runnable" seed="1233897743" result="Passed" start-time="2026-09-16 08:57:12Z" end-time="2026-09-16 08:57:12Z" duration="0.000085" asserts="0">
                <properties>
                  <property name="retryIteration" value="0" />
                  <property name="repeatIteration" value="0" />
                </properties>
              </test-case>
            </test-suite>
            <test-case id="1139" name="Generate_UnsupportedFutureIntent_DoesNotClaimExecution" fullname="OpenEmpires.Tests.CommanderResponseGeneratorTests.Generate_UnsupportedFutureIntent_DoesNotClaimExecution" methodname="Generate_UnsupportedFutureIntent_DoesNotClaimExecution" classname="OpenEmpires.Tests.CommanderResponseGeneratorTests" runstate="Runnable" seed="1642749351" result="Passed" start-time="2026-09-16 08:57:12Z" end-time="2026-09-16 08:57:12Z" duration="0.000228" asserts="0">
              <properties>
                <property name="retryIteration" value="0" />
                <property name="repeatIteration" value="0" />
              </properties>
            </test-case>
          </test-suite>
          <test-suite type="TestFixture" id="1642" name="FormationFacingTests" fullname="OpenEmpires.Tests.FormationFacingTests" classname="OpenEmpires.Tests.FormationFacingTests" runstate="Runnable" testcasecount="5" result="Passed" start-time="2026-09-16 08:57:12Z" end-time="2026-09-16 08:57:12Z" duration="0.244283" total="5" passed="5" failed="0" inconclusive="0" skipped="0" asserts="0">
            <properties />
            <test-case id="1643" name="GroupedFacingFormation_KeepsDestinationAtCentroid" fullname="OpenEmpires.Tests.FormationFacingTests.GroupedFacingFormation_KeepsDestinationAtCentroid" methodname="GroupedFacingFormation_KeepsDestinationAtCentroid" classname="OpenEmpires.Tests.FormationFacingTests" runstate="Runnable" seed="737134832" result="Passed" start-time="2026-09-16 08:57:12Z" end-time="2026-09-16 08:57:12Z" duration="0.002072" asserts="0">
              <properties>
                <property name="retryIteration" value="0" />
                <property name="repeatIteration" value="0" />
              </properties>
            </test-case>
            <test-case id="1644" name="GroupedFacingFormation_PutsEarlierGroupsInFront" fullname="OpenEmpires.Tests.FormationFacingTests.GroupedFacingFormation_PutsEarlierGroupsInFront" methodname="GroupedFacingFormation_PutsEarlierGroupsInFront" classname="OpenEmpires.Tests.FormationFacingTests" runstate="Runnable" seed="191947841" result="Passed" start-time="2026-09-16 08:57:12Z" end-time="2026-09-16 08:57:12Z" duration="0.000369" asserts="0">
              <properties>
                <property name="retryIteration" value="0" />
                <property name="repeatIteration" value="0" />
              </properties>
            </test-case>
            <test-case id="1645" name="GroupedFacingFormation_RotatesRowsWithFacingDirection" fullname="OpenEmpires.Tests.FormationFacingTests.GroupedFacingFormation_RotatesRowsWithFacingDirection" methodname="GroupedFacingFormation_RotatesRowsWithFacingDirection" classname="OpenEmpires.Tests.FormationFacingTests" runstate="Runnable" seed="608283711" result="Passed" start-time="2026-09-16 08:57:12Z" end-time="2026-09-16 08:57:12Z" duration="0.000202" asserts="0">
              <properties>
                <property name="retryIteration" value="0" />
                <property name="repeatIteration" value="0" />
              </properties>
            </test-case>
            <test-case id="1646" name="MovementArrival_CommitsRequestedFacingToSimulation" fullname="OpenEmpires.Tests.FormationFacingTests.MovementArrival_CommitsRequestedFacingToSimulation" methodname="MovementArrival_CommitsRequestedFacingToSimulation" classname="OpenEmpires.Tests.FormationFacingTests" runstate="Runnable" seed="1780740762" result="Passed" start-time="2026-09-16 08:57:12Z" end-time="2026-09-16 08:57:12Z" duration="0.000551" asserts="0">
              <properties>
                <property name="retryIteration" value="0" />
                <property name="repeatIteration" value="0" />
              </properties>
            </test-case>
            <test-case id="1647" name="SingleUnitFacingMove_UsesUnitSpeedAndAdvances" fullname="OpenEmpires.Tests.FormationFacingTests.SingleUnitFacingMove_UsesUnitSpeedAndAdvances" methodname="SingleUnitFacingMove_UsesUnitSpeedAndAdvances" classname="OpenEmpires.Tests.FormationFacingTests" runstate="Runnable" seed="1009296823" result="Passed" start-time="2026-09-16 08:57:12Z" end-time="2026-09-16 08:57:12Z" duration="0.240230" asserts="0">
              <properties>
                <property name="retryIteration" value="0" />
                <property name="repeatIteration" value="0" />
              </properties>
              <output><![CDATA[[SyncCheck] tick=0 PRE-CMD=D1D08F91 cmds=1
[SyncCheck] tick=0 POST-CMD=D1D08F92
[SyncCheck] tick=0 PRE-AI-EXEC=D1D08F92 aiCmds=0
[SyncCheck] INIT tick=1 checksum=EE54AB69 systemDetail=D1D08F92,D204B3DB,D204B3DB,D204B3DB,D204B3DB,D204B3DB,D204B3DB,D204B3DB,D204B3DB
]]></output>
            </test-case>
          </test-suite>
          <test-suite type="TestFixture" id="1648" name="SpearmanProductionAssetIntegrationTests" fullname="OpenEmpires.Tests.SpearmanProductionAssetIntegrationTests" classname="OpenEmpires.Tests.SpearmanProductionAssetIntegrationTests" runstate="Runnable" testcasecount="4" result="Passed" start-time="2026-09-16 08:57:12Z" end-time="2026-09-16 08:57:12Z" duration="0.035164" total="4" passed="4" failed="0" inconclusive="0" skipped="0" asserts="0">
            <properties />
            <test-case id="1649" name="ProductionFBX_ImportsWithZeroRigsAndZeroAnimators" fullname="OpenEmpires.Tests.SpearmanProductionAssetIntegrationTests.ProductionFBX_ImportsWithZeroRigsAndZeroAnimators" methodname="ProductionFBX_ImportsWithZeroRigsAndZeroAnimators" classname="OpenEmpires.Tests.SpearmanProductionAssetIntegrationTests" runstate="Runnable" seed="1942938047" result="Passed" start-time="2026-09-16 08:57:12Z" end-time="2026-09-16 08:57:12Z" duration="0.014125" asserts="0">
              <properties>
                <property name="retryIteration" value="0" />
                <property name="repeatIteration" value="0" />
              </properties>
            </test-case>
            <test-case id="1650" name="SpearmanVisualHierarchy_PreservesLocalObjectSpacePivots" fullname="OpenEmpires.Tests.SpearmanProductionAssetIntegrationTests.SpearmanVisualHierarchy_PreservesLocalObjectSpacePivots" methodname="SpearmanVisualHierarchy_PreservesLocalObjectSpacePivots" classname="OpenEmpires.Tests.SpearmanProductionAssetIntegrationTests" runstate="Runnable" seed="1981163393" result="Passed" start-time="2026-09-16 08:57:12Z" end-time="2026-09-16 08:57:12Z" duration="0.003180" asserts="0">
              <properties>
                <property name="retryIteration" value="0" />
                <property name="repeatIteration" value="0" />
              </properties>
              <output><![CDATA[[PIVOT AUDIT] Helmet local: (0.00, 0.94, 0.00), world: (0.00, 0.94, 0.00)
[PIVOT AUDIT] Speartip local: (-0.22, 1.82, 0.06), world: (-0.22, 1.82, 0.06)
[PIVOT AUDIT] Cylinder local: (-0.22, 0.55, 0.06), world: (-0.22, 0.55, 0.06)
[PIVOT AUDIT] RoundShield local: (0.20, 0.57, 0.08), world: (0.20, 0.57, 0.08)
]]></output>
            </test-case>
            <test-case id="1652" name="SpearmanVisualHierarchy_SelectionSilhouetteAndTeamColors_Compatible" fullname="OpenEmpires.Tests.SpearmanProductionAssetIntegrationTests.SpearmanVisualHierarchy_SelectionSilhouetteAndTeamColors_Compatible" methodname="SpearmanVisualHierarchy_SelectionSilhouetteAndTeamColors_Compatible" classname="OpenEmpires.Tests.SpearmanProductionAssetIntegrationTests" runstate="Runnable" seed="1634839800" result="Passed" start-time="2026-09-16 08:57:12Z" end-time="2026-09-16 08:57:12Z" duration="0.010809" asserts="0">
              <properties>
                <property name="retryIteration" value="0" />
                <property name="repeatIteration" value="0" />
              </properties>
            </test-case>
            <test-case id="1651" name="SpearmanVisualHierarchy_UnitAttackVisualAnimator_DetectsWeaponAndCreatesAttackPivot" fullname="OpenEmpires.Tests.SpearmanProductionAssetIntegrationTests.SpearmanVisualHierarchy_UnitAttackVisualAnimator_DetectsWeaponAndCreatesAttackPivot" methodname="SpearmanVisualHierarchy_UnitAttackVisualAnimator_DetectsWeaponAndCreatesAttackPivot" classname="OpenEmpires.Tests.SpearmanProductionAssetIntegrationTests" runstate="Runnable" seed="167835561" result="Passed" start-time="2026-09-16 08:57:12Z" end-time="2026-09-16 08:57:12Z" duration="0.004984" asserts="0">
              <properties>
                <property name="retryIteration" value="0" />
                <property name="repeatIteration" value="0" />
              </properties>
            </test-case>
          </test-suite>
          <test-suite type="TestFixture" id="1653" name="UnitAttackVisualAnimatorTests" fullname="OpenEmpires.Tests.UnitAttackVisualAnimatorTests" classname="OpenEmpires.Tests.UnitAttackVisualAnimatorTests" runstate="Runnable" testcasecount="12" result="Passed" start-time="2026-09-16 08:57:12Z" end-time="2026-09-16 08:57:12Z" duration="0.076922" total="12" passed="12" failed="0" inconclusive="0" skipped="0" asserts="0">
            <properties />
            <test-case id="1654" name="Constructor_SeparatesVisualsFromSelectionRing" fullname="OpenEmpires.Tests.UnitAttackVisualAnimatorTests.Constructor_SeparatesVisualsFromSelectionRing" methodname="Constructor_SeparatesVisualsFromSelectionRing" classname="OpenEmpires.Tests.UnitAttackVisualAnimatorTests" runstate="Runnable" seed="1810373406" result="Passed" start-time="2026-09-16 08:57:12Z" end-time="2026-09-16 08:57:12Z" duration="0.000620" asserts="0">
              <properties>
                <property name="retryIteration" value="0" />
                <property name="repeatIteration" value="0" />
              </properties>
            </test-case>
            <test-case id="1656" name="MountedCharge_LowersLanceIntoChargePose" fullname="OpenEmpires.Tests.UnitAttackVisualAnimatorTests.MountedCharge_LowersLanceIntoChargePose" methodname="MountedCharge_LowersLanceIntoChargePose" classname="OpenEmpires.Tests.UnitAttackVisualAnimatorTests" runstate="Runnable" seed="2112960050" result="Passed" start-time="2026-09-16 08:57:12Z" end-time="2026-09-16 08:57:12Z" duration="0.000847" asserts="0">
              <properties>
                <property name="retryIteration" value="0" />
                <property name="repeatIteration" value="0" />
              </properties>
            </test-case>
            <test-case id="1655" name="SpearAttack_AnimatesWeaponWithoutMovingUnitRoot" fullname="OpenEmpires.Tests.UnitAttackVisualAnimatorTests.SpearAttack_AnimatesWeaponWithoutMovingUnitRoot" methodname="SpearAttack_AnimatesWeaponWithoutMovingUnitRoot" classname="OpenEmpires.Tests.UnitAttackVisualAnimatorTests" runstate="Runnable" seed="1179135071" result="Passed" start-time="2026-09-16 08:57:12Z" end-time="2026-09-16 08:57:12Z" duration="0.000690" asserts="0">
              <properties>
                <property name="retryIteration" value="0" />
                <property name="repeatIteration" value="0" />
              </properties>
            </test-case>
            <test-suite type="ParameterizedMethod" id="1666" name="WeaponPrefab_CreatesAttackPivot" fullname="OpenEmpires.Tests.UnitAttackVisualAnimatorTests.WeaponPrefab_CreatesAttackPivot" classname="OpenEmpires.Tests.UnitAttackVisualAnimatorTests" runstate="Runnable" testcasecount="9" result="Passed" start-time="2026-09-16 08:57:12Z" end-time="2026-09-16 08:57:12Z" duration="0.070134" total="9" passed="9" failed="0" inconclusive="0" skipped="0" asserts="0">
              <properties />
              <test-case id="1657" name="WeaponPrefab_CreatesAttackPivot(&quot;Assets/Prefabs/Units/Spearman.prefab&quot;,1)" fullname="OpenEmpires.Tests.UnitAttackVisualAnimatorTests.WeaponPrefab_CreatesAttackPivot(&quot;Assets/Prefabs/Units/Spearman.prefab&quot;,1)" methodname="WeaponPrefab_CreatesAttackPivot" classname="OpenEmpires.Tests.UnitAttackVisualAnimatorTests" runstate="Runnable" seed="1968754839" result="Passed" start-time="2026-09-16 08:57:12Z" end-time="2026-09-16 08:57:12Z" duration="0.015595" asserts="0">
                <properties>
                  <property name="retryIteration" value="0" />
                  <property name="repeatIteration" value="0" />
                </properties>
              </test-case>
              <test-case id="1658" name="WeaponPrefab_CreatesAttackPivot(&quot;Assets/Prefabs/Units/Archer.prefab&quot;,2)" fullname="OpenEmpires.Tests.UnitAttackVisualAnimatorTests.WeaponPrefab_CreatesAttackPivot(&quot;Assets/Prefabs/Units/Archer.prefab&quot;,2)" methodname="WeaponPrefab_CreatesAttackPivot" classname="OpenEmpires.Tests.UnitAttackVisualAnimatorTests" runstate="Runnable" seed="1079660907" result="Passed" start-time="2026-09-16 08:57:12Z" end-time="2026-09-16 08:57:12Z" duration="0.006435" asserts="0">
                <properties>
                  <property name="retryIteration" value="0" />
                  <property name="repeatIteration" value="0" />
                </properties>
              </test-case>
              <test-case id="1659" name="WeaponPrefab_CreatesAttackPivot(&quot;Assets/Prefabs/Units/Horseman.prefab&quot;,3)" fullname="OpenEmpires.Tests.UnitAttackVisualAnimatorTests.WeaponPrefab_CreatesAttackPivot(&quot;Assets/Prefabs/Units/Horseman.prefab&quot;,3)" methodname="WeaponPrefab_CreatesAttackPivot" classname="OpenEmpires.Tests.UnitAttackVisualAnimatorTests" runstate="Runnable" seed="1225205110" result="Passed" start-time="2026-09-16 08:57:12Z" end-time="2026-09-16 08:57:12Z" duration="0.006223" asserts="0">
                <properties>
                  <property name="retryIteration" value="0" />
                  <property name="repeatIteration" value="0" />
                </properties>
              </test-case>
              <test-case id="1660" name="WeaponPrefab_CreatesAttackPivot(&quot;Assets/Prefabs/Units/ManAtArms.prefab&quot;,6)" fullname="OpenEmpires.Tests.UnitAttackVisualAnimatorTests.WeaponPrefab_CreatesAttackPivot(&quot;Assets/Prefabs/Units/ManAtArms.prefab&quot;,6)" methodname="WeaponPrefab_CreatesAttackPivot" classname="OpenEmpires.Tests.UnitAttackVisualAnimatorTests" runstate="Runnable" seed="1202610153" result="Passed" start-time="2026-09-16 08:57:12Z" end-time="2026-09-16 08:57:12Z" duration="0.006733" asserts="0">
                <properties>
                  <property name="retryIteration" value="0" />
                  <property name="repeatIteration" value="0" />
                </properties>
              </test-case>
              <test-case id="1661" name="WeaponPrefab_CreatesAttackPivot(&quot;Assets/Prefabs/Units/Knight.prefab&quot;,7)" fullname="OpenEmpires.Tests.UnitAttackVisualAnimatorTests.WeaponPrefab_CreatesAttackPivot(&quot;Assets/Prefabs/Units/Knight.prefab&quot;,7)" methodname="WeaponPrefab_CreatesAttackPivot" classname="OpenEmpires.Tests.UnitAttackVisualAnimatorTests" runstate="Runnable" seed="2045284559" result="Passed" start-time="2026-09-16 08:57:12Z" end-time="2026-09-16 08:57:12Z" duration="0.007170" asserts="0">
                <properties>
                  <property name="retryIteration" value="0" />
                  <property name="repeatIteration" value="0" />
                </properties>
              </test-case>
              <test-case id="1662" name="WeaponPrefab_CreatesAttackPivot(&quot;Assets/Prefabs/Units/Crossbowman.prefab&quot;,8)" fullname="OpenEmpires.Tests.UnitAttackVisualAnimatorTests.WeaponPrefab_CreatesAttackPivot(&quot;Assets/Prefabs/Units/Crossbowman.prefab&quot;,8)" methodname="WeaponPrefab_CreatesAttackPivot" classname="OpenEmpires.Tests.UnitAttackVisualAnimatorTests" runstate="Runnable" seed="419188537" result="Passed" start-time="2026-09-16 08:57:12Z" end-time="2026-09-16 08:57:12Z" duration="0.006354" asserts="0">
                <properties>
                  <property name="retryIteration" value="0" />
                  <property name="repeatIteration" value="0" />
                </properties>
              </test-case>
              <test-case id="1663" name="WeaponPrefab_CreatesAttackPivot(&quot;Assets/Prefabs/Units/Longbowman.prefab&quot;,10)" fullname="OpenEmpires.Tests.UnitAttackVisualAnimatorTests.WeaponPrefab_CreatesAttackPivot(&quot;Assets/Prefabs/Units/Longbowman.prefab&quot;,10)" methodname="WeaponPrefab_CreatesAttackPivot" classname="OpenEmpires.Tests.UnitAttackVisualAnimatorTests" runstate="Runnable" seed="425797362" result="Passed" start-time="2026-09-16 08:57:12Z" end-time="2026-09-16 08:57:12Z" duration="0.005701" asserts="0">
                <properties>
                  <property name="retryIteration" value="0" />
                  <property name="repeatIteration" value="0" />
                </properties>
              </test-case>
              <test-case id="1664" name="WeaponPrefab_CreatesAttackPivot(&quot;Assets/Prefabs/Units/Gendarme.prefab&quot;,11)" fullname="OpenEmpires.Tests.UnitAttackVisualAnimatorTests.WeaponPrefab_CreatesAttackPivot(&quot;Assets/Prefabs/Units/Gendarme.prefab&quot;,11)" methodname="WeaponPrefab_CreatesAttackPivot" classname="OpenEmpires.Tests.UnitAttackVisualAnimatorTests" runstate="Runnable" seed="1328044221" result="Passed" start-time="2026-09-16 08:57:12Z" end-time="2026-09-16 08:57:12Z" duration="0.005452" asserts="0">
                <properties>
                  <property name="retryIteration" value="0" />
                  <property name="repeatIteration" value="0" />
                </properties>
              </test-case>
              <test-case id="1665" name="WeaponPrefab_CreatesAttackPivot(&quot;Assets/Prefabs/Units/Landsknecht.prefab&quot;,12)" fullname="OpenEmpires.Tests.UnitAttackVisualAnimatorTests.WeaponPrefab_CreatesAttackPivot(&quot;Assets/Prefabs/Units/Landsknecht.prefab&quot;,12)" methodname="WeaponPrefab_CreatesAttackPivot" classname="OpenEmpires.Tests.UnitAttackVisualAnimatorTests" runstate="Runnable" seed="1399712280" result="Passed" start-time="2026-09-16 08:57:12Z" end-time="2026-09-16 08:57:12Z" duration="0.006003" asserts="0">
                <properties>
                  <property name="retryIteration" value="0" />
                  <property name="repeatIteration" value="0" />
                </properties>
                <output><![CDATA[<b><color=#2EA3FF>MCP-FOR-UNITY</color></b>: [TestRunnerNoThrottle] Restored Interaction Mode after test run.
Saving results to: C:/Users/RS/AppData/LocalLow/DefaultCompany/Open Empires\TestResults.xml
]]></output>
              </test-case>
            </test-suite>
          </test-suite>
        </test-suite>
      </test-suite>
    </test-suite>
  </test-suite>
</test-run>