<?xml version="1.0" encoding="utf-8"?>
<test-run id="2" testcasecount="15" result="Passed" total="15" passed="15" failed="0" inconclusive="0" skipped="0" asserts="0" engine-version="3.5.0.0" clr-version="4.0.30319.42000" start-time="2026-09-16 19:28:52Z" end-time="2026-09-16 19:28:53Z" duration="0.59668">
  <test-suite type="TestSuite" id="1000" name="Open Empires" fullname="Open Empires" runstate="Runnable" testcasecount="527" result="Passed" start-time="2026-09-16 19:28:52Z" end-time="2026-09-16 19:28:53Z" duration="0.596680" total="15" passed="15" failed="0" inconclusive="0" skipped="0" asserts="0">
    <properties>
      <property name="platform" value="EditMode" />
    </properties>
    <test-suite type="Assembly" id="1594" name="OpenEmpires.EditModeTests.dll" fullname="D:/unity_projects/OpenEmpires/Open Empires/Library/ScriptAssemblies/OpenEmpires.EditModeTests.dll" runstate="Runnable" testcasecount="527" result="Passed" start-time="2026-09-16 19:28:53Z" end-time="2026-09-16 19:28:53Z" duration="0.495081" total="15" passed="15" failed="0" inconclusive="0" skipped="0" asserts="0">
      <properties>
        <property name="_PID" value="16924" />
        <property name="_APPDOMAIN" value="Unity Child Domain" />
        <property name="platform" value="EditMode" />
        <property name="EditorOnly" value="True" />
      </properties>
      <test-suite type="TestSuite" id="1595" name="OpenEmpires" fullname="OpenEmpires" runstate="Runnable" testcasecount="527" result="Passed" start-time="2026-09-16 19:28:53Z" end-time="2026-09-16 19:28:53Z" duration="0.400831" total="15" passed="15" failed="0" inconclusive="0" skipped="0" asserts="0">
        <properties />
        <test-suite type="TestSuite" id="1596" name="Tests" fullname="OpenEmpires.Tests" runstate="Runnable" testcasecount="527" result="Passed" start-time="2026-09-16 19:28:53Z" end-time="2026-09-16 19:28:53Z" duration="0.301946" total="15" passed="15" failed="0" inconclusive="0" skipped="0" asserts="0">
          <properties />
          <test-suite type="TestFixture" id="1552" name="CommanderPhase4C2Tests" fullname="OpenEmpires.Tests.CommanderPhase4C2Tests" classname="OpenEmpires.Tests.CommanderPhase4C2Tests" runstate="Runnable" testcasecount="15" result="Passed" start-time="2026-09-16 19:28:53Z" end-time="2026-09-16 19:28:53Z" duration="0.199965" total="15" passed="15" failed="0" inconclusive="0" skipped="0" asserts="0">
            <properties>
              <property name="Category" value="CommanderPhase4C2" />
            </properties>
            <test-case id="1563" name="Context_CopiesAndBoundsPrimitiveInputs" fullname="OpenEmpires.Tests.CommanderPhase4C2Tests.Context_CopiesAndBoundsPrimitiveInputs" methodname="Context_CopiesAndBoundsPrimitiveInputs" classname="OpenEmpires.Tests.CommanderPhase4C2Tests" runstate="Runnable" seed="1099560364" result="Passed" start-time="2026-09-16 19:28:53Z" end-time="2026-09-16 19:28:53Z" duration="0.013864" asserts="0">
              <properties>
                <property name="retryIteration" value="0" />
                <property name="repeatIteration" value="0" />
              </properties>
            </test-case>
            <test-case id="1564" name="Context_RejectsInvalidOwnerIdentityTicksAndEnums" fullname="OpenEmpires.Tests.CommanderPhase4C2Tests.Context_RejectsInvalidOwnerIdentityTicksAndEnums" methodname="Context_RejectsInvalidOwnerIdentityTicksAndEnums" classname="OpenEmpires.Tests.CommanderPhase4C2Tests" runstate="Runnable" seed="333229507" result="Passed" start-time="2026-09-16 19:28:53Z" end-time="2026-09-16 19:28:53Z" duration="0.000787" asserts="0">
              <properties>
                <property name="retryIteration" value="0" />
                <property name="repeatIteration" value="0" />
              </properties>
            </test-case>
            <test-case id="1565" name="CurrentPlan_IsSortedAndDistinguishesUnavailableEmptyAndCapped" fullname="OpenEmpires.Tests.CommanderPhase4C2Tests.CurrentPlan_IsSortedAndDistinguishesUnavailableEmptyAndCapped" methodname="CurrentPlan_IsSortedAndDistinguishesUnavailableEmptyAndCapped" classname="OpenEmpires.Tests.CommanderPhase4C2Tests" runstate="Runnable" seed="1022608135" result="Passed" start-time="2026-09-16 19:28:53Z" end-time="2026-09-16 19:28:53Z" duration="0.004777" asserts="0">
              <properties>
                <property name="retryIteration" value="0" />
                <property name="repeatIteration" value="0" />
              </properties>
            </test-case>
            <test-case id="1553" name="Explanation_MatchesDecisionReason" fullname="OpenEmpires.Tests.CommanderPhase4C2Tests.Explanation_MatchesDecisionReason" methodname="Explanation_MatchesDecisionReason" classname="OpenEmpires.Tests.CommanderPhase4C2Tests" runstate="Runnable" seed="822611686" result="Passed" start-time="2026-09-16 19:28:53Z" end-time="2026-09-16 19:28:53Z" duration="0.007919" asserts="0">
              <properties>
                <property name="retryIteration" value="0" />
                <property name="repeatIteration" value="0" />
              </properties>
            </test-case>
            <test-case id="1562" name="MissingReason_StatesEvidenceIsUnavailable" fullname="OpenEmpires.Tests.CommanderPhase4C2Tests.MissingReason_StatesEvidenceIsUnavailable" methodname="MissingReason_StatesEvidenceIsUnavailable" classname="OpenEmpires.Tests.CommanderPhase4C2Tests" runstate="Runnable" seed="1945061982" result="Passed" start-time="2026-09-16 19:28:53Z" end-time="2026-09-16 19:28:53Z" duration="0.000158" asserts="0">
              <properties>
                <property name="retryIteration" value="0" />
                <property name="repeatIteration" value="0" />
              </properties>
            </test-case>
            <test-suite type="ParameterizedMethod" id="1560" name="Outcomes_HaveHandSpecifiedMeaning" fullname="OpenEmpires.Tests.CommanderPhase4C2Tests.Outcomes_HaveHandSpecifiedMeaning" classname="OpenEmpires.Tests.CommanderPhase4C2Tests" runstate="Runnable" testcasecount="6" result="Passed" start-time="2026-09-16 19:28:53Z" end-time="2026-09-16 19:28:53Z" duration="0.066468" total="6" passed="6" failed="0" inconclusive="0" skipped="0" asserts="0">
              <properties />
              <test-case id="1554" name="Outcomes_HaveHandSpecifiedMeaning(NoDecision,&quot;No recorded decision is available&quot;)" fullname="OpenEmpires.Tests.CommanderPhase4C2Tests.Outcomes_HaveHandSpecifiedMeaning(NoDecision,&quot;No recorded decision is available&quot;)" methodname="Outcomes_HaveHandSpecifiedMeaning" classname="OpenEmpires.Tests.CommanderPhase4C2Tests" runstate="Runnable" seed="1148872077" result="Passed" start-time="2026-09-16 19:28:53Z" end-time="2026-09-16 19:28:53Z" duration="0.000531" asserts="0">
                <properties>
                  <property name="retryIteration" value="0" />
                  <property name="repeatIteration" value="0" />
                </properties>
              </test-case>
              <test-case id="1555" name="Outcomes_HaveHandSpecifiedMeaning(Rejected,&quot;recorded decision was rejected&quot;)" fullname="OpenEmpires.Tests.CommanderPhase4C2Tests.Outcomes_HaveHandSpecifiedMeaning(Rejected,&quot;recorded decision was rejected&quot;)" methodname="Outcomes_HaveHandSpecifiedMeaning" classname="OpenEmpires.Tests.CommanderPhase4C2Tests" runstate="Runnable" seed="832170425" result="Passed" start-time="2026-09-16 19:28:53Z" end-time="2026-09-16 19:28:53Z" duration="0.000088" asserts="0">
                <properties>
                  <property name="retryIteration" value="0" />
                  <property name="repeatIteration" value="0" />
                </properties>
              </test-case>
              <test-case id="1556" name="Outcomes_HaveHandSpecifiedMeaning(TransitionRefused,&quot;blocked before submission&quot;)" fullname="OpenEmpires.Tests.CommanderPhase4C2Tests.Outcomes_HaveHandSpecifiedMeaning(TransitionRefused,&quot;blocked before submission&quot;)" methodname="Outcomes_HaveHandSpecifiedMeaning" classname="OpenEmpires.Tests.CommanderPhase4C2Tests" runstate="Runnable" seed="704024965" result="Passed" start-time="2026-09-16 19:28:53Z" end-time="2026-09-16 19:28:53Z" duration="0.000048" asserts="0">
                <properties>
                  <property name="retryIteration" value="0" />
                  <property name="repeatIteration" value="0" />
                </properties>
              </test-case>
              <test-case id="1557" name="Outcomes_HaveHandSpecifiedMeaning(PlannerRejected,&quot;planner rejected the submitted intent&quot;)" fullname="OpenEmpires.Tests.CommanderPhase4C2Tests.Outcomes_HaveHandSpecifiedMeaning(PlannerRejected,&quot;planner rejected the submitted intent&quot;)" methodname="Outcomes_HaveHandSpecifiedMeaning" classname="OpenEmpires.Tests.CommanderPhase4C2Tests" runstate="Runnable" seed="1808741908" result="Passed" start-time="2026-09-16 19:28:53Z" end-time="2026-09-16 19:28:53Z" duration="0.000043" asserts="0">
                <properties>
                  <property name="retryIteration" value="0" />
                  <property name="repeatIteration" value="0" />
                </properties>
              </test-case>
              <test-case id="1558" name="Outcomes_HaveHandSpecifiedMeaning(PlanCreated,&quot;created plan #8 (CavalryPressure)&quot;)" fullname="OpenEmpires.Tests.CommanderPhase4C2Tests.Outcomes_HaveHandSpecifiedMeaning(PlanCreated,&quot;created plan #8 (CavalryPressure)&quot;)" methodname="Outcomes_HaveHandSpecifiedMeaning" classname="OpenEmpires.Tests.CommanderPhase4C2Tests" runstate="Runnable" seed="87569316" result="Passed" start-time="2026-09-16 19:28:53Z" end-time="2026-09-16 19:28:53Z" duration="0.000066" asserts="0">
                <properties>
                  <property name="retryIteration" value="0" />
                  <property name="repeatIteration" value="0" />
                </properties>
              </test-case>
              <test-case id="1559" name="Outcomes_HaveHandSpecifiedMeaning(SelectionNotSubmitted,&quot;selected but was not submitted&quot;)" fullname="OpenEmpires.Tests.CommanderPhase4C2Tests.Outcomes_HaveHandSpecifiedMeaning(SelectionNotSubmitted,&quot;selected but was not submitted&quot;)" methodname="Outcomes_HaveHandSpecifiedMeaning" classname="OpenEmpires.Tests.CommanderPhase4C2Tests" runstate="Runnable" seed="796314947" result="Passed" start-time="2026-09-16 19:28:53Z" end-time="2026-09-16 19:28:53Z" duration="0.000040" asserts="0">
                <properties>
                  <property name="retryIteration" value="0" />
                  <property name="repeatIteration" value="0" />
                </properties>
              </test-case>
            </test-suite>
            <test-case id="1566" name="QuerySemantics_DoNotFabricateRejectionOrAttackAttribution" fullname="OpenEmpires.Tests.CommanderPhase4C2Tests.QuerySemantics_DoNotFabricateRejectionOrAttackAttribution" methodname="QuerySemantics_DoNotFabricateRejectionOrAttackAttribution" classname="OpenEmpires.Tests.CommanderPhase4C2Tests" runstate="Runnable" seed="1943526024" result="Passed" start-time="2026-09-16 19:28:53Z" end-time="2026-09-16 19:28:53Z" duration="0.000268" asserts="0">
              <properties>
                <property name="retryIteration" value="0" />
                <property name="repeatIteration" value="0" />
              </properties>
            </test-case>
            <test-case id="1561" name="RejectedPlanHasReason" fullname="OpenEmpires.Tests.CommanderPhase4C2Tests.RejectedPlanHasReason" methodname="RejectedPlanHasReason" classname="OpenEmpires.Tests.CommanderPhase4C2Tests" runstate="Runnable" seed="725460604" result="Passed" start-time="2026-09-16 19:28:53Z" end-time="2026-09-16 19:28:53Z" duration="0.000158" asserts="0">
              <properties>
                <property name="retryIteration" value="0" />
                <property name="repeatIteration" value="0" />
              </properties>
            </test-case>
            <test-case id="1567" name="Rendering_IsInvariantAndBounded" fullname="OpenEmpires.Tests.CommanderPhase4C2Tests.Rendering_IsInvariantAndBounded" methodname="Rendering_IsInvariantAndBounded" classname="OpenEmpires.Tests.CommanderPhase4C2Tests" runstate="Runnable" seed="500394701" result="Passed" start-time="2026-09-16 19:28:53Z" end-time="2026-09-16 19:28:53Z" duration="0.001385" asserts="0">
              <properties>
                <property name="retryIteration" value="0" />
                <property name="repeatIteration" value="0" />
              </properties>
            </test-case>
            <test-case id="1568" name="Service_RejectsNullContextAndInvalidQuery" fullname="OpenEmpires.Tests.CommanderPhase4C2Tests.Service_RejectsNullContextAndInvalidQuery" methodname="Service_RejectsNullContextAndInvalidQuery" classname="OpenEmpires.Tests.CommanderPhase4C2Tests" runstate="Runnable" seed="307039003" result="Passed" start-time="2026-09-16 19:28:53Z" end-time="2026-09-16 19:28:53Z" duration="0.000267" asserts="0">
              <properties>
                <property name="retryIteration" value="0" />
                <property name="repeatIteration" value="0" />
              </properties>
              <output><![CDATA[<b><color=#2EA3FF>MCP-FOR-UNITY</color></b>: [TestRunnerNoThrottle] Restored Interaction Mode after test run.
Saving results to: C:/Users/RS/AppData/LocalLow/DefaultCompany/Open Empires\TestResults.xml
]]></output>
            </test-case>
          </test-suite>
        </test-suite>
      </test-suite>
    </test-suite>
  </test-suite>
</test-run>