<?xml version="1.0" encoding="utf-8"?>
<test-run id="2" testcasecount="512" result="Passed" total="512" passed="512" failed="0" inconclusive="0" skipped="0" asserts="0" engine-version="3.5.0.0" clr-version="4.0.30319.42000" start-time="2026-09-16 14:14:40Z" end-time="2026-09-16 14:17:59Z" duration="198.3475001">
  <test-suite type="TestSuite" id="1092" name="Open Empires" fullname="Open Empires" runstate="Runnable" testcasecount="512" result="Passed" start-time="2026-09-16 14:14:40Z" end-time="2026-09-16 14:17:59Z" duration="198.347500" total="512" passed="512" failed="0" inconclusive="0" skipped="0" asserts="0">
    <properties>
      <property name="platform" value="EditMode" />
    </properties>
    <test-suite type="Assembly" id="1669" name="OpenEmpires.EditModeTests.dll" fullname="D:/unity_projects/OpenEmpires/Open Empires/Library/ScriptAssemblies/OpenEmpires.EditModeTests.dll" runstate="Runnable" testcasecount="512" result="Passed" start-time="2026-09-16 14:14:40Z" end-time="2026-09-16 14:17:59Z" duration="198.249463" total="512" passed="512" failed="0" inconclusive="0" skipped="0" asserts="0">
      <properties>
        <property name="_PID" value="15140" />
        <property name="_APPDOMAIN" value="Unity Child Domain" />
        <property name="platform" value="EditMode" />
        <property name="EditorOnly" value="True" />
      </properties>
      <test-suite type="TestSuite" id="1670" name="OpenEmpires" fullname="OpenEmpires" runstate="Runnable" testcasecount="512" result="Passed" start-time="2026-09-16 14:14:40Z" end-time="2026-09-16 14:17:59Z" duration="198.139713" total="512" passed="512" failed="0" inconclusive="0" skipped="0" asserts="0">
        <properties />
        <test-suite type="TestSuite" id="1671" name="Tests" fullname="OpenEmpires.Tests" runstate="Runnable" testcasecount="512" result="Passed" start-time="2026-09-16 14:14:41Z" end-time="2026-09-16 14:17:59Z" duration="198.030109" total="512" passed="512" failed="0" inconclusive="0" skipped="0" asserts="0">
          <properties />
          <test-suite type="TestFixture" id="1133" name="CommanderIntentIntegrationTests" fullname="OpenEmpires.Tests.CommanderIntentIntegrationTests" classname="OpenEmpires.Tests.CommanderIntentIntegrationTests" runstate="Runnable" testcasecount="6" result="Passed" start-time="2026-09-16 14:14:41Z" end-time="2026-09-16 14:14:47Z" duration="6.262500" total="6" passed="6" failed="0" inconclusive="0" skipped="0" asserts="0">
            <properties />
            <test-case id="1139" name="GoalCompletionEvent_ProducesDeterministicReadyResponse" fullname="OpenEmpires.Tests.CommanderIntentIntegrationTests.GoalCompletionEvent_ProducesDeterministicReadyResponse" methodname="GoalCompletionEvent_ProducesDeterministicReadyResponse" classname="OpenEmpires.Tests.CommanderIntentIntegrationTests" runstate="Runnable" seed="1804680521" result="Passed" start-time="2026-09-16 14:14:41Z" end-time="2026-09-16 14:14:42Z" duration="0.995131" asserts="0">
              <properties>
                <property name="retryIteration" value="0" />
                <property name="repeatIteration" value="0" />
              </properties>
              <output><![CDATA[[Commander] Goal #1 submitted: EnsureUnitCount
[Commander] Goal #1: status=Completed owned=10 queued=0; Owned 10/10 living units.
]]></output>
            </test-case>
            <test-case id="1138" name="InjectedInterpreter_RunsOnlyOnSubmissionNotCommanderTicks" fullname="OpenEmpires.Tests.CommanderIntentIntegrationTests.InjectedInterpreter_RunsOnlyOnSubmissionNotCommanderTicks" methodname="InjectedInterpreter_RunsOnlyOnSubmissionNotCommanderTicks" classname="OpenEmpires.Tests.CommanderIntentIntegrationTests" runstate="Runnable" seed="1936052576" result="Passed" start-time="2026-09-16 14:14:42Z" end-time="2026-09-16 14:14:43Z" duration="1.070564" asserts="0">
              <properties>
                <property name="retryIteration" value="0" />
                <property name="repeatIteration" value="0" />
              </properties>
              <output><![CDATA[[Commander] Goal #1 submitted: EnsureUnitCount
[Commander] Goal #1: status=Blocked owned=0 queued=0; Need 150 wood for Barracks; have 0. No eligible owned villager is available.
]]></output>
            </test-case>
            <test-case id="1136" name="SubmitText_InvalidIntentRejects_BuildIntentCreatesGoalWithoutImmediateCommand" fullname="OpenEmpires.Tests.CommanderIntentIntegrationTests.SubmitText_InvalidIntentRejects_BuildIntentCreatesGoalWithoutImmediateCommand" methodname="SubmitText_InvalidIntentRejects_BuildIntentCreatesGoalWithoutImmediateCommand" classname="OpenEmpires.Tests.CommanderIntentIntegrationTests" runstate="Runnable" seed="282423322" result="Passed" start-time="2026-09-16 14:14:43Z" end-time="2026-09-16 14:14:44Z" duration="0.992484" asserts="0">
              <properties>
                <property name="retryIteration" value="0" />
                <property name="repeatIteration" value="0" />
              </properties>
              <output><![CDATA[[Commander] Goal #1 submitted: BuildStructure
]]></output>
            </test-case>
            <test-case id="1134" name="SubmitText_MakeTenSpearmen_CreatesActiveExistingGoal" fullname="OpenEmpires.Tests.CommanderIntentIntegrationTests.SubmitText_MakeTenSpearmen_CreatesActiveExistingGoal" methodname="SubmitText_MakeTenSpearmen_CreatesActiveExistingGoal" classname="OpenEmpires.Tests.CommanderIntentIntegrationTests" runstate="Runnable" seed="1281225978" result="Passed" start-time="2026-09-16 14:14:44Z" end-time="2026-09-16 14:14:45Z" duration="1.001583" asserts="0">
              <properties>
                <property name="retryIteration" value="0" />
                <property name="repeatIteration" value="0" />
              </properties>
              <output><![CDATA[[Commander] Goal #1 submitted: EnsureUnitCount
]]></output>
            </test-case>
            <test-case id="1137" name="SubmitText_OversizedUnitTarget_IsRejectedBeforeGoalCreation" fullname="OpenEmpires.Tests.CommanderIntentIntegrationTests.SubmitText_OversizedUnitTarget_IsRejectedBeforeGoalCreation" methodname="SubmitText_OversizedUnitTarget_IsRejectedBeforeGoalCreation" classname="OpenEmpires.Tests.CommanderIntentIntegrationTests" runstate="Runnable" seed="1199112475" result="Passed" start-time="2026-09-16 14:14:45Z" end-time="2026-09-16 14:14:46Z" duration="1.083779" asserts="0">
              <properties>
                <property name="retryIteration" value="0" />
                <property name="repeatIteration" value="0" />
              </properties>
            </test-case>
            <test-case id="1135" name="SubmitText_UsesExistingCommanderExecutionAndNormalGameplayCommand" fullname="OpenEmpires.Tests.CommanderIntentIntegrationTests.SubmitText_UsesExistingCommanderExecutionAndNormalGameplayCommand" methodname="SubmitText_UsesExistingCommanderExecutionAndNormalGameplayCommand" classname="OpenEmpires.Tests.CommanderIntentIntegrationTests" runstate="Runnable" seed="425466784" result="Passed" start-time="2026-09-16 14:14:46Z" end-time="2026-09-16 14:14:47Z" duration="0.999956" asserts="0">
              <properties>
                <property name="retryIteration" value="0" />
                <property name="repeatIteration" value="0" />
              </properties>
              <output><![CDATA[[Commander] Goal #1 submitted: EnsureUnitCount
[Commander] Goal #1: status=Executing owned=0 queued=0; Queueing Spearman at Barracks #1.
]]></output>
            </test-case>
          </test-suite>
          <test-suite type="TestFixture" id="1094" name="CommanderIntentParserTests" fullname="OpenEmpires.Tests.CommanderIntentParserTests" classname="OpenEmpires.Tests.CommanderIntentParserTests" runstate="Runnable" testcasecount="21" result="Passed" start-time="2026-09-16 14:14:47Z" end-time="2026-09-16 14:14:47Z" duration="0.551300" total="21" passed="21" failed="0" inconclusive="0" skipped="0" asserts="0">
            <properties />
            <test-suite type="ParameterizedMethod" id="1109" name="Parse_BuildingCommands_ReturnTypedBuildStructure" fullname="OpenEmpires.Tests.CommanderIntentParserTests.Parse_BuildingCommands_ReturnTypedBuildStructure" classname="OpenEmpires.Tests.CommanderIntentParserTests" runstate="Runnable" testcasecount="3" result="Passed" start-time="2026-09-16 14:14:47Z" end-time="2026-09-16 14:14:47Z" duration="0.007735" total="3" passed="3" failed="0" inconclusive="0" skipped="0" asserts="0">
              <properties />
              <test-case id="1106" name="Parse_BuildingCommands_ReturnTypedBuildStructure(&quot;build barracks&quot;,Barracks)" fullname="OpenEmpires.Tests.CommanderIntentParserTests.Parse_BuildingCommands_ReturnTypedBuildStructure(&quot;build barracks&quot;,Barracks)" methodname="Parse_BuildingCommands_ReturnTypedBuildStructure" classname="OpenEmpires.Tests.CommanderIntentParserTests" runstate="Runnable" seed="225272092" result="Passed" start-time="2026-09-16 14:14:47Z" end-time="2026-09-16 14:14:47Z" duration="0.003101" asserts="0">
                <properties>
                  <property name="retryIteration" value="0" />
                  <property name="repeatIteration" value="0" />
                </properties>
              </test-case>
              <test-case id="1107" name="Parse_BuildingCommands_ReturnTypedBuildStructure(&quot;create house&quot;,House)" fullname="OpenEmpires.Tests.CommanderIntentParserTests.Parse_BuildingCommands_ReturnTypedBuildStructure(&quot;create house&quot;,House)" methodname="Parse_BuildingCommands_ReturnTypedBuildStructure" classname="OpenEmpires.Tests.CommanderIntentParserTests" runstate="Runnable" seed="1339753523" result="Passed" start-time="2026-09-16 14:14:47Z" end-time="2026-09-16 14:14:47Z" duration="0.000862" asserts="0">
                <properties>
                  <property name="retryIteration" value="0" />
                  <property name="repeatIteration" value="0" />
                </properties>
              </test-case>
              <test-case id="1108" name="Parse_BuildingCommands_ReturnTypedBuildStructure(&quot;make a stable&quot;,Stables)" fullname="OpenEmpires.Tests.CommanderIntentParserTests.Parse_BuildingCommands_ReturnTypedBuildStructure(&quot;make a stable&quot;,Stables)" methodname="Parse_BuildingCommands_ReturnTypedBuildStructure" classname="OpenEmpires.Tests.CommanderIntentParserTests" runstate="Runnable" seed="2065943959" result="Passed" start-time="2026-09-16 14:14:47Z" end-time="2026-09-16 14:14:47Z" duration="0.000978" asserts="0">
                <properties>
                  <property name="retryIteration" value="0" />
                  <property name="repeatIteration" value="0" />
                </properties>
              </test-case>
            </test-suite>
            <test-case id="1110" name="Parse_Constraints_AreStronglyTypedAndKeptOutsideCommandNoun" fullname="OpenEmpires.Tests.CommanderIntentParserTests.Parse_Constraints_AreStronglyTypedAndKeptOutsideCommandNoun" methodname="Parse_Constraints_AreStronglyTypedAndKeptOutsideCommandNoun" classname="OpenEmpires.Tests.CommanderIntentParserTests" runstate="Runnable" seed="499734846" result="Passed" start-time="2026-09-16 14:14:47Z" end-time="2026-09-16 14:14:47Z" duration="0.006953" asserts="0">
              <properties>
                <property name="retryIteration" value="0" />
                <property name="repeatIteration" value="0" />
              </properties>
            </test-case>
            <test-case id="1112" name="Parse_DoNotQueueMoreThanFive_IsMaximumQueueConstraint" fullname="OpenEmpires.Tests.CommanderIntentParserTests.Parse_DoNotQueueMoreThanFive_IsMaximumQueueConstraint" methodname="Parse_DoNotQueueMoreThanFive_IsMaximumQueueConstraint" classname="OpenEmpires.Tests.CommanderIntentParserTests" runstate="Runnable" seed="695098954" result="Passed" start-time="2026-09-16 14:14:47Z" end-time="2026-09-16 14:14:47Z" duration="0.001474" asserts="0">
              <properties>
                <property name="retryIteration" value="0" />
                <property name="repeatIteration" value="0" />
              </properties>
            </test-case>
            <test-case id="1111" name="Parse_IdleOnlyConstraint_IsStronglyTyped" fullname="OpenEmpires.Tests.CommanderIntentParserTests.Parse_IdleOnlyConstraint_IsStronglyTyped" methodname="Parse_IdleOnlyConstraint_IsStronglyTyped" classname="OpenEmpires.Tests.CommanderIntentParserTests" runstate="Runnable" seed="1185241221" result="Passed" start-time="2026-09-16 14:14:47Z" end-time="2026-09-16 14:14:47Z" duration="0.002498" asserts="0">
              <properties>
                <property name="retryIteration" value="0" />
                <property name="repeatIteration" value="0" />
              </properties>
            </test-case>
            <test-suite type="ParameterizedMethod" id="1120" name="Parse_InvalidInput_ReturnsStructuredRejection" fullname="OpenEmpires.Tests.CommanderIntentParserTests.Parse_InvalidInput_ReturnsStructuredRejection" classname="OpenEmpires.Tests.CommanderIntentParserTests" runstate="Runnable" testcasecount="7" result="Passed" start-time="2026-09-16 14:14:47Z" end-time="2026-09-16 14:14:47Z" duration="0.114112" total="7" passed="7" failed="0" inconclusive="0" skipped="0" asserts="0">
              <properties />
              <test-case id="1113" name="Parse_InvalidInput_ReturnsStructuredRejection(&quot;&quot;,EmptyInput)" fullname="OpenEmpires.Tests.CommanderIntentParserTests.Parse_InvalidInput_ReturnsStructuredRejection(&quot;&quot;,EmptyInput)" methodname="Parse_InvalidInput_ReturnsStructuredRejection" classname="OpenEmpires.Tests.CommanderIntentParserTests" runstate="Runnable" seed="1262827838" result="Passed" start-time="2026-09-16 14:14:47Z" end-time="2026-09-16 14:14:47Z" duration="0.001688" asserts="0">
                <properties>
                  <property name="retryIteration" value="0" />
                  <property name="repeatIteration" value="0" />
                </properties>
              </test-case>
              <test-case id="1114" name="Parse_InvalidInput_ReturnsStructuredRejection(&quot;dance around the town center&quot;,UnknownCommand)" fullname="OpenEmpires.Tests.CommanderIntentParserTests.Parse_InvalidInput_ReturnsStructuredRejection(&quot;dance around the town center&quot;,UnknownCommand)" methodname="Parse_InvalidInput_ReturnsStructuredRejection" classname="OpenEmpires.Tests.CommanderIntentParserTests" runstate="Runnable" seed="2033340709" result="Passed" start-time="2026-09-16 14:14:47Z" end-time="2026-09-16 14:14:47Z" duration="0.001462" asserts="0">
                <properties>
                  <property name="retryIteration" value="0" />
                  <property name="repeatIteration" value="0" />
                </properties>
              </test-case>
              <test-case id="1115" name="Parse_InvalidInput_ReturnsStructuredRejection(&quot;make 10 banana warriors&quot;,UnknownUnit)" fullname="OpenEmpires.Tests.CommanderIntentParserTests.Parse_InvalidInput_ReturnsStructuredRejection(&quot;make 10 banana warriors&quot;,UnknownUnit)" methodname="Parse_InvalidInput_ReturnsStructuredRejection" classname="OpenEmpires.Tests.CommanderIntentParserTests" runstate="Runnable" seed="1288853653" result="Passed" start-time="2026-09-16 14:14:47Z" end-time="2026-09-16 14:14:47Z" duration="0.000946" asserts="0">
                <properties>
                  <property name="retryIteration" value="0" />
                  <property name="repeatIteration" value="0" />
                </properties>
              </test-case>
              <test-case id="1116" name="Parse_InvalidInput_ReturnsStructuredRejection(&quot;put 8 villagers on crystal&quot;,UnknownResource)" fullname="OpenEmpires.Tests.CommanderIntentParserTests.Parse_InvalidInput_ReturnsStructuredRejection(&quot;put 8 villagers on crystal&quot;,UnknownResource)" methodname="Parse_InvalidInput_ReturnsStructuredRejection" classname="OpenEmpires.Tests.CommanderIntentParserTests" runstate="Runnable" seed="1811057391" result="Passed" start-time="2026-09-16 14:14:47Z" end-time="2026-09-16 14:14:47Z" duration="0.001734" asserts="0">
                <properties>
                  <property name="retryIteration" value="0" />
                  <property name="repeatIteration" value="0" />
                </properties>
              </test-case>
              <test-case id="1117" name="Parse_InvalidInput_ReturnsStructuredRejection(&quot;build dragon keep&quot;,UnknownStructure)" fullname="OpenEmpires.Tests.CommanderIntentParserTests.Parse_InvalidInput_ReturnsStructuredRejection(&quot;build dragon keep&quot;,UnknownStructure)" methodname="Parse_InvalidInput_ReturnsStructuredRejection" classname="OpenEmpires.Tests.CommanderIntentParserTests" runstate="Runnable" seed="2063053609" result="Passed" start-time="2026-09-16 14:14:47Z" end-time="2026-09-16 14:14:47Z" duration="0.000945" asserts="0">
                <properties>
                  <property name="retryIteration" value="0" />
                  <property name="repeatIteration" value="0" />
                </properties>
              </test-case>
              <test-case id="1118" name="Parse_InvalidInput_ReturnsStructuredRejection(&quot;make -5 spearmen&quot;,InvalidAmount)" fullname="OpenEmpires.Tests.CommanderIntentParserTests.Parse_InvalidInput_ReturnsStructuredRejection(&quot;make -5 spearmen&quot;,InvalidAmount)" methodname="Parse_InvalidInput_ReturnsStructuredRejection" classname="OpenEmpires.Tests.CommanderIntentParserTests" runstate="Runnable" seed="503641660" result="Passed" start-time="2026-09-16 14:14:47Z" end-time="2026-09-16 14:14:47Z" duration="0.000783" asserts="0">
                <properties>
                  <property name="retryIteration" value="0" />
                  <property name="repeatIteration" value="0" />
                </properties>
              </test-case>
              <test-case id="1119" name="Parse_InvalidInput_ReturnsStructuredRejection(&quot;make 999999999999999999999 spearmen&quot;,InvalidAmount)" fullname="OpenEmpires.Tests.CommanderIntentParserTests.Parse_InvalidInput_ReturnsStructuredRejection(&quot;make 999999999999999999999 spearmen&quot;,InvalidAmount)" methodname="Parse_InvalidInput_ReturnsStructuredRejection" classname="OpenEmpires.Tests.CommanderIntentParserTests" runstate="Runnable" seed="10806206" result="Passed" start-time="2026-09-16 14:14:47Z" end-time="2026-09-16 14:14:47Z" duration="0.001243" asserts="0">
                <properties>
                  <property name="retryIteration" value="0" />
                  <property name="repeatIteration" value="0" />
                </properties>
              </test-case>
            </test-suite>
            <test-suite type="ParameterizedMethod" id="1105" name="Parse_MoreGoldWorkers_RepresentsUnspecifiedIncreaseWithoutInventingCount" fullname="OpenEmpires.Tests.CommanderIntentParserTests.Parse_MoreGoldWorkers_RepresentsUnspecifiedIncreaseWithoutInventingCount" classname="OpenEmpires.Tests.CommanderIntentParserTests" runstate="Runnable" testcasecount="2" result="Passed" start-time="2026-09-16 14:14:47Z" end-time="2026-09-16 14:14:47Z" duration="0.092448" total="2" passed="2" failed="0" inconclusive="0" skipped="0" asserts="0">
              <properties />
              <test-case id="1103" name="Parse_MoreGoldWorkers_RepresentsUnspecifiedIncreaseWithoutInventingCount(&quot;more gold workers&quot;)" fullname="OpenEmpires.Tests.CommanderIntentParserTests.Parse_MoreGoldWorkers_RepresentsUnspecifiedIncreaseWithoutInventingCount(&quot;more gold workers&quot;)" methodname="Parse_MoreGoldWorkers_RepresentsUnspecifiedIncreaseWithoutInventingCount" classname="OpenEmpires.Tests.CommanderIntentParserTests" runstate="Runnable" seed="1906204431" result="Passed" start-time="2026-09-16 14:14:47Z" end-time="2026-09-16 14:14:47Z" duration="0.003262" asserts="0">
                <properties>
                  <property name="retryIteration" value="0" />
                  <property name="repeatIteration" value="0" />
                </properties>
              </test-case>
              <test-case id="1104" name="Parse_MoreGoldWorkers_RepresentsUnspecifiedIncreaseWithoutInventingCount(&quot;increase gold workers&quot;)" fullname="OpenEmpires.Tests.CommanderIntentParserTests.Parse_MoreGoldWorkers_RepresentsUnspecifiedIncreaseWithoutInventingCount(&quot;increase gold workers&quot;)" methodname="Parse_MoreGoldWorkers_RepresentsUnspecifiedIncreaseWithoutInventingCount" classname="OpenEmpires.Tests.CommanderIntentParserTests" runstate="Runnable" seed="998191582" result="Passed" start-time="2026-09-16 14:14:47Z" end-time="2026-09-16 14:14:47Z" duration="0.000662" asserts="0">
                <properties>
                  <property name="retryIteration" value="0" />
                  <property name="repeatIteration" value="0" />
                </properties>
              </test-case>
            </test-suite>
            <test-suite type="ParameterizedMethod" id="1102" name="Parse_ResourceCommands_ReturnTypedExactAllocation" fullname="OpenEmpires.Tests.CommanderIntentParserTests.Parse_ResourceCommands_ReturnTypedExactAllocation" classname="OpenEmpires.Tests.CommanderIntentParserTests" runstate="Runnable" testcasecount="2" result="Passed" start-time="2026-09-16 14:14:47Z" end-time="2026-09-16 14:14:47Z" duration="0.115610" total="2" passed="2" failed="0" inconclusive="0" skipped="0" asserts="0">
              <properties />
              <test-case id="1100" name="Parse_ResourceCommands_ReturnTypedExactAllocation(&quot;put 8 villagers on wood&quot;,Wood,8)" fullname="OpenEmpires.Tests.CommanderIntentParserTests.Parse_ResourceCommands_ReturnTypedExactAllocation(&quot;put 8 villagers on wood&quot;,Wood,8)" methodname="Parse_ResourceCommands_ReturnTypedExactAllocation" classname="OpenEmpires.Tests.CommanderIntentParserTests" runstate="Runnable" seed="291061405" result="Passed" start-time="2026-09-16 14:14:47Z" end-time="2026-09-16 14:14:47Z" duration="0.008393" asserts="0">
                <properties>
                  <property name="retryIteration" value="0" />
                  <property name="repeatIteration" value="0" />
                </properties>
              </test-case>
              <test-case id="1101" name="Parse_ResourceCommands_ReturnTypedExactAllocation(&quot;move 5 workers to food&quot;,Food,5)" fullname="OpenEmpires.Tests.CommanderIntentParserTests.Parse_ResourceCommands_ReturnTypedExactAllocation(&quot;move 5 workers to food&quot;,Food,5)" methodname="Parse_ResourceCommands_ReturnTypedExactAllocation" classname="OpenEmpires.Tests.CommanderIntentParserTests" runstate="Runnable" seed="419447759" result="Passed" start-time="2026-09-16 14:14:47Z" end-time="2026-09-16 14:14:47Z" duration="0.002197" asserts="0">
                <properties>
                  <property name="retryIteration" value="0" />
                  <property name="repeatIteration" value="0" />
                </properties>
              </test-case>
            </test-suite>
            <test-suite type="ParameterizedMethod" id="1099" name="Parse_UnitCommands_ReturnTypedEnsureUnitCount" fullname="OpenEmpires.Tests.CommanderIntentParserTests.Parse_UnitCommands_ReturnTypedEnsureUnitCount" classname="OpenEmpires.Tests.CommanderIntentParserTests" runstate="Runnable" testcasecount="4" result="Passed" start-time="2026-09-16 14:14:47Z" end-time="2026-09-16 14:14:47Z" duration="0.101894" total="4" passed="4" failed="0" inconclusive="0" skipped="0" asserts="0">
              <properties />
              <test-case id="1095" name="Parse_UnitCommands_ReturnTypedEnsureUnitCount(&quot;make 5 spearmen&quot;,1,5)" fullname="OpenEmpires.Tests.CommanderIntentParserTests.Parse_UnitCommands_ReturnTypedEnsureUnitCount(&quot;make 5 spearmen&quot;,1,5)" methodname="Parse_UnitCommands_ReturnTypedEnsureUnitCount" classname="OpenEmpires.Tests.CommanderIntentParserTests" runstate="Runnable" seed="1989423562" result="Passed" start-time="2026-09-16 14:14:47Z" end-time="2026-09-16 14:14:47Z" duration="0.002004" asserts="0">
                <properties>
                  <property name="retryIteration" value="0" />
                  <property name="repeatIteration" value="0" />
                </properties>
              </test-case>
              <test-case id="1096" name="Parse_UnitCommands_ReturnTypedEnsureUnitCount(&quot;create 10 archers&quot;,2,10)" fullname="OpenEmpires.Tests.CommanderIntentParserTests.Parse_UnitCommands_ReturnTypedEnsureUnitCount(&quot;create 10 archers&quot;,2,10)" methodname="Parse_UnitCommands_ReturnTypedEnsureUnitCount" classname="OpenEmpires.Tests.CommanderIntentParserTests" runstate="Runnable" seed="480761600" result="Passed" start-time="2026-09-16 14:14:47Z" end-time="2026-09-16 14:14:47Z" duration="0.000728" asserts="0">
                <properties>
                  <property name="retryIteration" value="0" />
                  <property name="repeatIteration" value="0" />
                </properties>
              </test-case>
              <test-case id="1097" name="Parse_UnitCommands_ReturnTypedEnsureUnitCount(&quot;train 20 knights&quot;,7,20)" fullname="OpenEmpires.Tests.CommanderIntentParserTests.Parse_UnitCommands_ReturnTypedEnsureUnitCount(&quot;train 20 knights&quot;,7,20)" methodname="Parse_UnitCommands_ReturnTypedEnsureUnitCount" classname="OpenEmpires.Tests.CommanderIntentParserTests" runstate="Runnable" seed="1134603502" result="Passed" start-time="2026-09-16 14:14:47Z" end-time="2026-09-16 14:14:47Z" duration="0.000667" asserts="0">
                <properties>
                  <property name="retryIteration" value="0" />
                  <property name="repeatIteration" value="0" />
                </properties>
              </test-case>
              <test-case id="1098" name="Parse_UnitCommands_ReturnTypedEnsureUnitCount(&quot;  MAKE   10 Spearmen. &quot;,1,10)" fullname="OpenEmpires.Tests.CommanderIntentParserTests.Parse_UnitCommands_ReturnTypedEnsureUnitCount(&quot;  MAKE   10 Spearmen. &quot;,1,10)" methodname="Parse_UnitCommands_ReturnTypedEnsureUnitCount" classname="OpenEmpires.Tests.CommanderIntentParserTests" runstate="Runnable" seed="1413271997" result="Passed" start-time="2026-09-16 14:14:47Z" end-time="2026-09-16 14:14:47Z" duration="0.000842" asserts="0">
                <properties>
                  <property name="retryIteration" value="0" />
                  <property name="repeatIteration" value="0" />
                </properties>
              </test-case>
            </test-suite>
          </test-suite>
          <test-suite type="TestFixture" id="1125" name="CommanderIntentResolverTests" fullname="OpenEmpires.Tests.CommanderIntentResolverTests" classname="OpenEmpires.Tests.CommanderIntentResolverTests" runstate="Runnable" testcasecount="6" result="Passed" start-time="2026-09-16 14:14:47Z" end-time="2026-09-16 14:14:54Z" duration="6.270541" total="6" passed="6" failed="0" inconclusive="0" skipped="0" asserts="0">
            <properties />
            <test-case id="1126" name="Resolve_EnsureUnitCount_SubmitsExistingGoalAndStartedEvent" fullname="OpenEmpires.Tests.CommanderIntentResolverTests.Resolve_EnsureUnitCount_SubmitsExistingGoalAndStartedEvent" methodname="Resolve_EnsureUnitCount_SubmitsExistingGoalAndStartedEvent" classname="OpenEmpires.Tests.CommanderIntentResolverTests" runstate="Runnable" seed="1448817385" result="Passed" start-time="2026-09-16 14:14:48Z" end-time="2026-09-16 14:14:49Z" duration="0.981521" asserts="0">
              <properties>
                <property name="retryIteration" value="0" />
                <property name="repeatIteration" value="0" />
              </properties>
              <output><![CDATA[[Commander] Goal #1 submitted: EnsureUnitCount
]]></output>
            </test-case>
            <test-case id="1132" name="Resolve_IdleOnlyConstraint_ConfiguresGoalPolicy" fullname="OpenEmpires.Tests.CommanderIntentResolverTests.Resolve_IdleOnlyConstraint_ConfiguresGoalPolicy" methodname="Resolve_IdleOnlyConstraint_ConfiguresGoalPolicy" classname="OpenEmpires.Tests.CommanderIntentResolverTests" runstate="Runnable" seed="2031607578" result="Passed" start-time="2026-09-16 14:14:49Z" end-time="2026-09-16 14:14:50Z" duration="0.978432" asserts="0">
              <properties>
                <property name="retryIteration" value="0" />
                <property name="repeatIteration" value="0" />
              </properties>
              <output><![CDATA[[Commander] Goal #1 submitted: EnsureUnitCount
]]></output>
            </test-case>
            <test-case id="1127" name="Resolve_MaximumQueueConstraint_MapsToExistingGoalField" fullname="OpenEmpires.Tests.CommanderIntentResolverTests.Resolve_MaximumQueueConstraint_MapsToExistingGoalField" methodname="Resolve_MaximumQueueConstraint_MapsToExistingGoalField" classname="OpenEmpires.Tests.CommanderIntentResolverTests" runstate="Runnable" seed="1041553476" result="Passed" start-time="2026-09-16 14:14:50Z" end-time="2026-09-16 14:14:51Z" duration="1.102462" asserts="0">
              <properties>
                <property name="retryIteration" value="0" />
                <property name="repeatIteration" value="0" />
              </properties>
              <output><![CDATA[[Commander] Goal #1 submitted: EnsureUnitCount
]]></output>
            </test-case>
            <test-suite type="ParameterizedMethod" id="1130" name="Resolve_RecognizedNonSpearmanIntent_CreatesProductionGoal" fullname="OpenEmpires.Tests.CommanderIntentResolverTests.Resolve_RecognizedNonSpearmanIntent_CreatesProductionGoal" classname="OpenEmpires.Tests.CommanderIntentResolverTests" runstate="Runnable" testcasecount="2" result="Passed" start-time="2026-09-16 14:14:51Z" end-time="2026-09-16 14:14:53Z" duration="2.010572" total="2" passed="2" failed="0" inconclusive="0" skipped="0" asserts="0">
              <properties />
              <test-case id="1128" name="Resolve_RecognizedNonSpearmanIntent_CreatesProductionGoal(2)" fullname="OpenEmpires.Tests.CommanderIntentResolverTests.Resolve_RecognizedNonSpearmanIntent_CreatesProductionGoal(2)" methodname="Resolve_RecognizedNonSpearmanIntent_CreatesProductionGoal" classname="OpenEmpires.Tests.CommanderIntentResolverTests" runstate="Runnable" seed="53641696" result="Passed" start-time="2026-09-16 14:14:51Z" end-time="2026-09-16 14:14:52Z" duration="1.008109" asserts="0">
                <properties>
                  <property name="retryIteration" value="0" />
                  <property name="repeatIteration" value="0" />
                </properties>
                <output><![CDATA[[Commander] Goal #1 submitted: EnsureUnitCount
]]></output>
              </test-case>
              <test-case id="1129" name="Resolve_RecognizedNonSpearmanIntent_CreatesProductionGoal(7)" fullname="OpenEmpires.Tests.CommanderIntentResolverTests.Resolve_RecognizedNonSpearmanIntent_CreatesProductionGoal(7)" methodname="Resolve_RecognizedNonSpearmanIntent_CreatesProductionGoal" classname="OpenEmpires.Tests.CommanderIntentResolverTests" runstate="Runnable" seed="123268346" result="Passed" start-time="2026-09-16 14:14:52Z" end-time="2026-09-16 14:14:53Z" duration="0.993892" asserts="0">
                <properties>
                  <property name="retryIteration" value="0" />
                  <property name="repeatIteration" value="0" />
                </properties>
                <output><![CDATA[[Commander] Goal #1 submitted: EnsureUnitCount
]]></output>
              </test-case>
            </test-suite>
            <test-case id="1131" name="Resolve_ResourceAndBuildingIntents_CreateTypedGoals" fullname="OpenEmpires.Tests.CommanderIntentResolverTests.Resolve_ResourceAndBuildingIntents_CreateTypedGoals" methodname="Resolve_ResourceAndBuildingIntents_CreateTypedGoals" classname="OpenEmpires.Tests.CommanderIntentResolverTests" runstate="Runnable" seed="1141934724" result="Passed" start-time="2026-09-16 14:14:53Z" end-time="2026-09-16 14:14:54Z" duration="1.088662" asserts="0">
              <properties>
                <property name="retryIteration" value="0" />
                <property name="repeatIteration" value="0" />
              </properties>
              <output><![CDATA[[Commander] Goal #1 submitted: ResourceAllocation
[Commander] Goal #2 submitted: BuildStructure
]]></output>
            </test-case>
          </test-suite>
          <test-suite type="TestFixture" id="1121" name="CommanderIntentValidationTests" fullname="OpenEmpires.Tests.CommanderIntentValidationTests" classname="OpenEmpires.Tests.CommanderIntentValidationTests" runstate="Runnable" testcasecount="3" result="Passed" start-time="2026-09-16 14:14:54Z" end-time="2026-09-16 14:14:57Z" duration="3.082157" total="3" passed="3" failed="0" inconclusive="0" skipped="0" asserts="0">
            <properties />
            <test-case id="1122" name="Validate_EnsureUnitCountAbovePopulationMaximum_IsRejectedWithoutClamping" fullname="OpenEmpires.Tests.CommanderIntentValidationTests.Validate_EnsureUnitCountAbovePopulationMaximum_IsRejectedWithoutClamping" methodname="Validate_EnsureUnitCountAbovePopulationMaximum_IsRejectedWithoutClamping" classname="OpenEmpires.Tests.CommanderIntentValidationTests" runstate="Runnable" seed="102146158" result="Passed" start-time="2026-09-16 14:14:54Z" end-time="2026-09-16 14:14:55Z" duration="1.028610" asserts="0">
              <properties>
                <property name="retryIteration" value="0" />
                <property name="repeatIteration" value="0" />
              </properties>
            </test-case>
            <test-case id="1124" name="Validate_MaximumQueuePolicyAndDuplicateConstraints_AreRejected" fullname="OpenEmpires.Tests.CommanderIntentValidationTests.Validate_MaximumQueuePolicyAndDuplicateConstraints_AreRejected" methodname="Validate_MaximumQueuePolicyAndDuplicateConstraints_AreRejected" classname="OpenEmpires.Tests.CommanderIntentValidationTests" runstate="Runnable" seed="18849524" result="Passed" start-time="2026-09-16 14:14:55Z" end-time="2026-09-16 14:14:56Z" duration="1.025714" asserts="0">
              <properties>
                <property name="retryIteration" value="0" />
                <property name="repeatIteration" value="0" />
              </properties>
            </test-case>
            <test-case id="1123" name="Validate_UnknownUnitAndPlayerMismatch_AreRejected" fullname="OpenEmpires.Tests.CommanderIntentValidationTests.Validate_UnknownUnitAndPlayerMismatch_AreRejected" methodname="Validate_UnknownUnitAndPlayerMismatch_AreRejected" classname="OpenEmpires.Tests.CommanderIntentValidationTests" runstate="Runnable" seed="1015981859" result="Passed" start-time="2026-09-16 14:14:56Z" end-time="2026-09-16 14:14:57Z" duration="1.007933" asserts="0">
              <properties>
                <property name="retryIteration" value="0" />
                <property name="repeatIteration" value="0" />
              </properties>
            </test-case>
          </test-suite>
          <test-suite type="TestFixture" id="1146" name="CommanderPhase1Tests" fullname="OpenEmpires.Tests.CommanderPhase1Tests" classname="OpenEmpires.Tests.CommanderPhase1Tests" runstate="Runnable" testcasecount="29" result="Passed" start-time="2026-09-16 14:14:57Z" end-time="2026-09-16 14:15:27Z" duration="30.130983" total="29" passed="29" failed="0" inconclusive="0" skipped="0" asserts="0">
            <properties />
            <test-case id="1162" name="AbsoluteMaximumPopulation_BlocksWithoutHouseSpam" fullname="OpenEmpires.Tests.CommanderPhase1Tests.AbsoluteMaximumPopulation_BlocksWithoutHouseSpam" methodname="AbsoluteMaximumPopulation_BlocksWithoutHouseSpam" classname="OpenEmpires.Tests.CommanderPhase1Tests" runstate="Runnable" seed="981860895" result="Passed" start-time="2026-09-16 14:14:57Z" end-time="2026-09-16 14:14:58Z" duration="0.965412" asserts="0">
              <properties>
                <property name="retryIteration" value="0" />
                <property name="repeatIteration" value="0" />
              </properties>
              <output><![CDATA[[Commander] Goal #1 submitted: EnsureUnitCount
[Commander] Goal #1: status=Blocked owned=0 queued=0; Maximum population reached (200/200). Cannot increase capacity further.
]]></output>
            </test-case>
            <test-case id="1147" name="AlreadySatisfied_CompletesWithoutIssuingTraining" fullname="OpenEmpires.Tests.CommanderPhase1Tests.AlreadySatisfied_CompletesWithoutIssuingTraining" methodname="AlreadySatisfied_CompletesWithoutIssuingTraining" classname="OpenEmpires.Tests.CommanderPhase1Tests" runstate="Runnable" seed="831715333" result="Passed" start-time="2026-09-16 14:14:58Z" end-time="2026-09-16 14:14:59Z" duration="1.073955" asserts="0">
              <properties>
                <property name="retryIteration" value="0" />
                <property name="repeatIteration" value="0" />
              </properties>
              <output><![CDATA[[Commander] Goal #1 submitted: EnsureUnitCount
[Commander] Goal #1: status=Completed owned=10 queued=0; Owned 10/10 living units.
]]></output>
            </test-case>
            <test-case id="1154" name="Cancellation_StopsFutureCommanderActions" fullname="OpenEmpires.Tests.CommanderPhase1Tests.Cancellation_StopsFutureCommanderActions" methodname="Cancellation_StopsFutureCommanderActions" classname="OpenEmpires.Tests.CommanderPhase1Tests" runstate="Runnable" seed="1298038676" result="Passed" start-time="2026-09-16 14:14:59Z" end-time="2026-09-16 14:15:00Z" duration="0.985279" asserts="0">
              <properties>
                <property name="retryIteration" value="0" />
                <property name="repeatIteration" value="0" />
              </properties>
              <output><![CDATA[[Commander] Goal #1 submitted: EnsureUnitCount
[Commander] Goal #1 cancelled.
]]></output>
            </test-case>
            <test-case id="1175" name="CommanderCommands_RoundTripThroughActiveJsonSerializer" fullname="OpenEmpires.Tests.CommanderPhase1Tests.CommanderCommands_RoundTripThroughActiveJsonSerializer" methodname="CommanderCommands_RoundTripThroughActiveJsonSerializer" classname="OpenEmpires.Tests.CommanderPhase1Tests" runstate="Runnable" seed="1997989601" result="Passed" start-time="2026-09-16 14:15:00Z" end-time="2026-09-16 14:15:01Z" duration="0.997500" asserts="0">
              <properties>
                <property name="retryIteration" value="0" />
                <property name="repeatIteration" value="0" />
              </properties>
            </test-case>
            <test-case id="1160" name="CommanderPlacement_UnreachableCandidatesEmitNoPlaceCommand" fullname="OpenEmpires.Tests.CommanderPhase1Tests.CommanderPlacement_UnreachableCandidatesEmitNoPlaceCommand" methodname="CommanderPlacement_UnreachableCandidatesEmitNoPlaceCommand" classname="OpenEmpires.Tests.CommanderPhase1Tests" runstate="Runnable" seed="230663339" result="Passed" start-time="2026-09-16 14:15:01Z" end-time="2026-09-16 14:15:02Z" duration="1.255375" asserts="0">
              <properties>
                <property name="retryIteration" value="0" />
                <property name="repeatIteration" value="0" />
              </properties>
              <output><![CDATA[[Commander] Goal #1 submitted: EnsureUnitCount
[Commander] Goal #1: status=Blocked owned=0 queued=0; No visible, reachable buildable location was found for Barracks.
]]></output>
            </test-case>
            <test-case id="1166" name="CommanderReservedWorker_IsReusedBeforeOrdinaryGatherer" fullname="OpenEmpires.Tests.CommanderPhase1Tests.CommanderReservedWorker_IsReusedBeforeOrdinaryGatherer" methodname="CommanderReservedWorker_IsReusedBeforeOrdinaryGatherer" classname="OpenEmpires.Tests.CommanderPhase1Tests" runstate="Runnable" seed="1294985413" result="Passed" start-time="2026-09-16 14:15:02Z" end-time="2026-09-16 14:15:03Z" duration="0.987990" asserts="0">
              <properties>
                <property name="retryIteration" value="0" />
                <property name="repeatIteration" value="0" />
              </properties>
              <output><![CDATA[[Commander] Goal #1 submitted: EnsureUnitCount
[Commander] Goal #1: status=WaitingForResources owned=0 queued=0; Need 150 wood for Barracks; have 0. Reassigning villager #0 to Wood node #0.
[Commander] Goal #1: status=WaitingForResources owned=0 queued=0; Need 20 wood for the next Spearman; have 0. Reassigning villager #0 to Wood node #0.
]]></output>
            </test-case>
            <test-case id="1161" name="ConstructBuildingCommand_UnreachableWorkerRemainsUnassigned" fullname="OpenEmpires.Tests.CommanderPhase1Tests.ConstructBuildingCommand_UnreachableWorkerRemainsUnassigned" methodname="ConstructBuildingCommand_UnreachableWorkerRemainsUnassigned" classname="OpenEmpires.Tests.CommanderPhase1Tests" runstate="Runnable" seed="269053507" result="Passed" start-time="2026-09-16 14:15:03Z" end-time="2026-09-16 14:15:04Z" duration="1.145728" asserts="0">
              <properties>
                <property name="retryIteration" value="0" />
                <property name="repeatIteration" value="0" />
              </properties>
              <output><![CDATA[[SyncCheck] tick=0 PRE-CMD=72608F91 cmds=1
[SyncCheck] tick=0 POST-CMD=72608F91
[SyncCheck] tick=0 PRE-AI-EXEC=72608F91 aiCmds=0
[SyncCheck] INIT tick=1 checksum=FB7068AD systemDetail=72608F91,72608F91,72608F91,72608F91,72608F91,72608F91,72608F91,72608F91,72608F91
]]></output>
            </test-case>
            <test-case id="1155" name="ConstructionRecovery_DeadBuilderIssuesConstructCommandForBackup" fullname="OpenEmpires.Tests.CommanderPhase1Tests.ConstructionRecovery_DeadBuilderIssuesConstructCommandForBackup" methodname="ConstructionRecovery_DeadBuilderIssuesConstructCommandForBackup" classname="OpenEmpires.Tests.CommanderPhase1Tests" runstate="Runnable" seed="1613097710" result="Passed" start-time="2026-09-16 14:15:04Z" end-time="2026-09-16 14:15:05Z" duration="0.981886" asserts="0">
              <properties>
                <property name="retryIteration" value="0" />
                <property name="repeatIteration" value="0" />
              </properties>
              <output><![CDATA[[Commander] Goal #1 submitted: EnsureUnitCount
[Commander] Goal #1: status=Executing owned=0 queued=0; Production prerequisite: assigning villager #1 to recover building #1.
]]></output>
            </test-case>
            <test-case id="1157" name="ConstructionRecovery_ProgressingBuilderDoesNotReceiveDuplicateCommand" fullname="OpenEmpires.Tests.CommanderPhase1Tests.ConstructionRecovery_ProgressingBuilderDoesNotReceiveDuplicateCommand" methodname="ConstructionRecovery_ProgressingBuilderDoesNotReceiveDuplicateCommand" classname="OpenEmpires.Tests.CommanderPhase1Tests" runstate="Runnable" seed="1088940476" result="Passed" start-time="2026-09-16 14:15:05Z" end-time="2026-09-16 14:15:06Z" duration="1.072388" asserts="0">
              <properties>
                <property name="retryIteration" value="0" />
                <property name="repeatIteration" value="0" />
              </properties>
              <output><![CDATA[[Commander] Goal #1 submitted: EnsureUnitCount
[Commander] Goal #1: status=WaitingForConstruction owned=0 queued=0; Production prerequisite: villager #0 is travelling to building #1.
]]></output>
            </test-case>
            <test-case id="1156" name="ConstructionRecovery_StalledBuilderReassignsBackupAfterGraceWindow" fullname="OpenEmpires.Tests.CommanderPhase1Tests.ConstructionRecovery_StalledBuilderReassignsBackupAfterGraceWindow" methodname="ConstructionRecovery_StalledBuilderReassignsBackupAfterGraceWindow" classname="OpenEmpires.Tests.CommanderPhase1Tests" runstate="Runnable" seed="2067967183" result="Passed" start-time="2026-09-16 14:15:06Z" end-time="2026-09-16 14:15:07Z" duration="1.134516" asserts="0">
              <properties>
                <property name="retryIteration" value="0" />
                <property name="repeatIteration" value="0" />
              </properties>
              <output><![CDATA[[Commander] Goal #1 submitted: EnsureUnitCount
[Commander] Goal #1: status=WaitingForConstruction owned=0 queued=0; Production prerequisite: building #1 is advancing with villager #0.
[Commander] Goal #1: status=Executing owned=0 queued=0; Production prerequisite: assigning villager #1 to recover building #1.
]]></output>
            </test-case>
            <test-case id="1158" name="ConstructionRecovery_UnreachableBackupBecomesBlocked" fullname="OpenEmpires.Tests.CommanderPhase1Tests.ConstructionRecovery_UnreachableBackupBecomesBlocked" methodname="ConstructionRecovery_UnreachableBackupBecomesBlocked" classname="OpenEmpires.Tests.CommanderPhase1Tests" runstate="Runnable" seed="305738212" result="Passed" start-time="2026-09-16 14:15:07Z" end-time="2026-09-16 14:15:09Z" duration="1.071785" asserts="0">
              <properties>
                <property name="retryIteration" value="0" />
                <property name="repeatIteration" value="0" />
              </properties>
              <output><![CDATA[[Commander] Goal #1 submitted: EnsureUnitCount
[Commander] Goal #1: status=Blocked owned=0 queued=0; Production prerequisite: building #1 is stalled and no reachable, unprotected owned villager can resume it.
]]></output>
            </test-case>
            <test-case id="1152" name="ExistingTrainingQueue_IsCountedAndPreventsBlindOverQueueing" fullname="OpenEmpires.Tests.CommanderPhase1Tests.ExistingTrainingQueue_IsCountedAndPreventsBlindOverQueueing" methodname="ExistingTrainingQueue_IsCountedAndPreventsBlindOverQueueing" classname="OpenEmpires.Tests.CommanderPhase1Tests" runstate="Runnable" seed="1449329135" result="Passed" start-time="2026-09-16 14:15:09Z" end-time="2026-09-16 14:15:10Z" duration="1.076385" asserts="0">
              <properties>
                <property name="retryIteration" value="0" />
                <property name="repeatIteration" value="0" />
              </properties>
              <output><![CDATA[[Commander] Goal #1 submitted: EnsureUnitCount
[Commander] Goal #1: status=WaitingForProduction owned=5 queued=3; All compatible production queues are at Commander limit 3.
]]></output>
            </test-case>
            <test-case id="1167" name="ExploredResourceDepletion_DoesNotChangeCommanderObservation" fullname="OpenEmpires.Tests.CommanderPhase1Tests.ExploredResourceDepletion_DoesNotChangeCommanderObservation" methodname="ExploredResourceDepletion_DoesNotChangeCommanderObservation" classname="OpenEmpires.Tests.CommanderPhase1Tests" runstate="Runnable" seed="7017896" result="Passed" start-time="2026-09-16 14:15:10Z" end-time="2026-09-16 14:15:11Z" duration="0.968046" asserts="0">
              <properties>
                <property name="retryIteration" value="0" />
                <property name="repeatIteration" value="0" />
              </properties>
              <output><![CDATA[[Commander] Goal #1 submitted: EnsureUnitCount
[Commander] Goal #1: status=Blocked owned=0 queued=0; Need 150 wood for Barracks; have 0. No eligible owned villager is available.
]]></output>
            </test-case>
            <test-case id="1174" name="ForeignBuilder_CannotPlaceBuildingOrSpendIssuerResources" fullname="OpenEmpires.Tests.CommanderPhase1Tests.ForeignBuilder_CannotPlaceBuildingOrSpendIssuerResources" methodname="ForeignBuilder_CannotPlaceBuildingOrSpendIssuerResources" classname="OpenEmpires.Tests.CommanderPhase1Tests" runstate="Runnable" seed="1460180260" result="Passed" start-time="2026-09-16 14:15:11Z" end-time="2026-09-16 14:15:12Z" duration="0.978831" asserts="0">
              <properties>
                <property name="retryIteration" value="0" />
                <property name="repeatIteration" value="0" />
              </properties>
              <output><![CDATA[[SyncCheck] tick=0 PRE-CMD=1C668F91 cmds=1
[SyncCheck] tick=0 POST-CMD=1C668F91
[SyncCheck] tick=0 PRE-AI-EXEC=1C668F91 aiCmds=0
[SyncCheck] INIT tick=1 checksum=14499382 systemDetail=1C668F91,1C668F91,1C668F91,1C668F91,1C668F91,1C668F91,1C668F91,1C668F91,1C668F91
]]></output>
            </test-case>
            <test-case id="1172" name="ForeignControlledUnits_AreRejectedByMoveStopAndAttack" fullname="OpenEmpires.Tests.CommanderPhase1Tests.ForeignControlledUnits_AreRejectedByMoveStopAndAttack" methodname="ForeignControlledUnits_AreRejectedByMoveStopAndAttack" classname="OpenEmpires.Tests.CommanderPhase1Tests" runstate="Runnable" seed="1760758647" result="Passed" start-time="2026-09-16 14:15:12Z" end-time="2026-09-16 14:15:13Z" duration="1.071314" asserts="0">
              <properties>
                <property name="retryIteration" value="0" />
                <property name="repeatIteration" value="0" />
              </properties>
              <output><![CDATA[[SyncCheck] tick=0 PRE-CMD=BEBCD370 cmds=3
[SyncCheck] tick=0 POST-CMD=BEBCD370
[SyncCheck] tick=0 PRE-AI-EXEC=BEBCD370 aiCmds=0
[SyncCheck] INIT tick=1 checksum=1FBD3E3A systemDetail=BEBCD370,BEBCD370,BEBCD370,BEBCD370,BEBCD370,BEBCD370,BEBCD370,BEBCD370,BEBCD370
]]></output>
            </test-case>
            <test-case id="1173" name="ForeignTowerUpgrade_IsRejectedWithoutSpendingOwnerResources" fullname="OpenEmpires.Tests.CommanderPhase1Tests.ForeignTowerUpgrade_IsRejectedWithoutSpendingOwnerResources" methodname="ForeignTowerUpgrade_IsRejectedWithoutSpendingOwnerResources" classname="OpenEmpires.Tests.CommanderPhase1Tests" runstate="Runnable" seed="1980226887" result="Passed" start-time="2026-09-16 14:15:13Z" end-time="2026-09-16 14:15:14Z" duration="1.020724" asserts="0">
              <properties>
                <property name="retryIteration" value="0" />
                <property name="repeatIteration" value="0" />
              </properties>
              <output><![CDATA[[SyncCheck] tick=0 PRE-CMD=00000011 cmds=1
[SyncCheck] tick=0 POST-CMD=00000011
[SyncCheck] tick=0 PRE-AI-EXEC=00000011 aiCmds=0
[SyncCheck] INIT tick=1 checksum=E83D7494 systemDetail=00000011,00000011,00000011,00000011,00000011,00000011,00000011,00000011,00000011
]]></output>
            </test-case>
            <test-case id="1171" name="GatherCommand_CannotControlForeignVillager" fullname="OpenEmpires.Tests.CommanderPhase1Tests.GatherCommand_CannotControlForeignVillager" methodname="GatherCommand_CannotControlForeignVillager" classname="OpenEmpires.Tests.CommanderPhase1Tests" runstate="Runnable" seed="1684463100" result="Passed" start-time="2026-09-16 14:15:14Z" end-time="2026-09-16 14:15:15Z" duration="1.040764" asserts="0">
              <properties>
                <property name="retryIteration" value="0" />
                <property name="repeatIteration" value="0" />
              </properties>
              <output><![CDATA[[SyncCheck] tick=0 PRE-CMD=1C668F91 cmds=1
[SyncCheck] tick=0 POST-CMD=1C668F91
[SyncCheck] tick=0 PRE-AI-EXEC=1C668F91 aiCmds=0
[SyncCheck] INIT tick=1 checksum=D14DBA6C systemDetail=1C668F91,1C668F91,1C668F91,1C668F91,1C668F91,1C668F91,1C668F91,1C668F91,1C668F91
]]></output>
            </test-case>
            <test-case id="1170" name="GoalTimeout_PublishesStructuredFailureEvent" fullname="OpenEmpires.Tests.CommanderPhase1Tests.GoalTimeout_PublishesStructuredFailureEvent" methodname="GoalTimeout_PublishesStructuredFailureEvent" classname="OpenEmpires.Tests.CommanderPhase1Tests" runstate="Runnable" seed="1860866920" result="Passed" start-time="2026-09-16 14:15:15Z" end-time="2026-09-16 14:15:16Z" duration="1.001535" asserts="0">
              <properties>
                <property name="retryIteration" value="0" />
                <property name="repeatIteration" value="0" />
              </properties>
              <output><![CDATA[[Commander] Goal #1 submitted: EnsureUnitCount
[Commander] Goal #1: status=Blocked owned=0 queued=0; Need 150 wood for Barracks; have 0. No eligible owned villager is available.
[Commander] Goal #1 failed: Goal exceeded its 30-tick duration limit.
]]></output>
            </test-case>
            <test-case id="1159" name="GridPathfinder_CompletePathCheckRejectsNonEmptyPartialPath" fullname="OpenEmpires.Tests.CommanderPhase1Tests.GridPathfinder_CompletePathCheckRejectsNonEmptyPartialPath" methodname="GridPathfinder_CompletePathCheckRejectsNonEmptyPartialPath" classname="OpenEmpires.Tests.CommanderPhase1Tests" runstate="Runnable" seed="394371441" result="Passed" start-time="2026-09-16 14:15:16Z" end-time="2026-09-16 14:15:17Z" duration="1.001494" asserts="0">
              <properties>
                <property name="retryIteration" value="0" />
                <property name="repeatIteration" value="0" />
              </properties>
            </test-case>
            <test-case id="1168" name="HiddenEnemyBuilding_DoesNotChangePlacementObservation" fullname="OpenEmpires.Tests.CommanderPhase1Tests.HiddenEnemyBuilding_DoesNotChangePlacementObservation" methodname="HiddenEnemyBuilding_DoesNotChangePlacementObservation" classname="OpenEmpires.Tests.CommanderPhase1Tests" runstate="Runnable" seed="1578834026" result="Passed" start-time="2026-09-16 14:15:17Z" end-time="2026-09-16 14:15:18Z" duration="0.979409" asserts="0">
              <properties>
                <property name="retryIteration" value="0" />
                <property name="repeatIteration" value="0" />
              </properties>
              <output><![CDATA[[Commander] Goal #1 submitted: EnsureUnitCount
[Commander] Goal #1: status=Blocked owned=0 queued=0; No visible, reachable buildable location was found for Barracks.
]]></output>
            </test-case>
            <test-case id="1164" name="HumanCommand_ClearsReservationAndProtectionPreventsReclaim" fullname="OpenEmpires.Tests.CommanderPhase1Tests.HumanCommand_ClearsReservationAndProtectionPreventsReclaim" methodname="HumanCommand_ClearsReservationAndProtectionPreventsReclaim" classname="OpenEmpires.Tests.CommanderPhase1Tests" runstate="Runnable" seed="2041360522" result="Passed" start-time="2026-09-16 14:15:18Z" end-time="2026-09-16 14:15:19Z" duration="0.999968" asserts="0">
              <properties>
                <property name="retryIteration" value="0" />
                <property name="repeatIteration" value="0" />
              </properties>
              <output><![CDATA[[Commander] Goal #1 submitted: EnsureUnitCount
[Commander] Goal #1: status=WaitingForResources owned=0 queued=0; Need 150 wood for Barracks; have 0. Reassigning villager #0 to Wood node #0.
[Commander] Goal #1: status=WaitingForResources owned=0 queued=0; Need 150 wood for Barracks; have 0. Reassigning villager #1 to Wood node #0.
]]></output>
            </test-case>
            <test-case id="1165" name="HumanProtectionWindow_PreventsRapidReclaimAtSixSimulationSeconds" fullname="OpenEmpires.Tests.CommanderPhase1Tests.HumanProtectionWindow_PreventsRapidReclaimAtSixSimulationSeconds" methodname="HumanProtectionWindow_PreventsRapidReclaimAtSixSimulationSeconds" classname="OpenEmpires.Tests.CommanderPhase1Tests" runstate="Runnable" seed="464725637" result="Passed" start-time="2026-09-16 14:15:19Z" end-time="2026-09-16 14:15:20Z" duration="1.038221" asserts="0">
              <properties>
                <property name="retryIteration" value="0" />
                <property name="repeatIteration" value="0" />
              </properties>
              <output><![CDATA[[Commander] Goal #1 submitted: EnsureUnitCount
[Commander] Goal #1: status=WaitingForResources owned=0 queued=0; Need 150 wood for Barracks; have 0. Reassigning villager #0 to Wood node #0.
[Commander] Goal #1: status=WaitingForResources owned=0 queued=0; Need 150 wood for Barracks; have 0. Reassigning villager #1 to Wood node #0.
]]></output>
            </test-case>
            <test-case id="1150" name="InsufficientBarracksWood_ReassignsOwnedVillagerWithoutCheatingResources" fullname="OpenEmpires.Tests.CommanderPhase1Tests.InsufficientBarracksWood_ReassignsOwnedVillagerWithoutCheatingResources" methodname="InsufficientBarracksWood_ReassignsOwnedVillagerWithoutCheatingResources" classname="OpenEmpires.Tests.CommanderPhase1Tests" runstate="Runnable" seed="242910047" result="Passed" start-time="2026-09-16 14:15:20Z" end-time="2026-09-16 14:15:21Z" duration="1.056259" asserts="0">
              <properties>
                <property name="retryIteration" value="0" />
                <property name="repeatIteration" value="0" />
              </properties>
              <output><![CDATA[[Commander] Goal #1 submitted: EnsureUnitCount
[Commander] Goal #1: status=WaitingForResources owned=0 queued=0; Need 150 wood for Barracks; have 0. Reassigning villager #0 to Wood node #0.
]]></output>
            </test-case>
            <test-case id="1149" name="MissingBarracks_EmitsLegitimatePlaceBuildingCommand" fullname="OpenEmpires.Tests.CommanderPhase1Tests.MissingBarracks_EmitsLegitimatePlaceBuildingCommand" methodname="MissingBarracks_EmitsLegitimatePlaceBuildingCommand" classname="OpenEmpires.Tests.CommanderPhase1Tests" runstate="Runnable" seed="1499375405" result="Passed" start-time="2026-09-16 14:15:21Z" end-time="2026-09-16 14:15:22Z" duration="1.064080" asserts="0">
              <properties>
                <property name="retryIteration" value="0" />
                <property name="repeatIteration" value="0" />
              </properties>
              <output><![CDATA[[Commander] Goal #1 submitted: EnsureUnitCount
[Commander] Goal #1: status=Executing owned=0 queued=0; Placing Barracks at (197,140) with villager #0.
]]></output>
            </test-case>
            <test-case id="1169" name="MultipleBarracks_UsesLowestLoadAvailableProducer" fullname="OpenEmpires.Tests.CommanderPhase1Tests.MultipleBarracks_UsesLowestLoadAvailableProducer" methodname="MultipleBarracks_UsesLowestLoadAvailableProducer" classname="OpenEmpires.Tests.CommanderPhase1Tests" runstate="Runnable" seed="392145553" result="Passed" start-time="2026-09-16 14:15:22Z" end-time="2026-09-16 14:15:23Z" duration="1.079250" asserts="0">
              <properties>
                <property name="retryIteration" value="0" />
                <property name="repeatIteration" value="0" />
              </properties>
              <output><![CDATA[[Commander] Goal #1 submitted: EnsureUnitCount
[Commander] Goal #1: status=Executing owned=0 queued=4; Queueing Spearman at Barracks #3.
]]></output>
            </test-case>
            <test-case id="1148" name="PartialCount_PlansOnlyRemainingProduction" fullname="OpenEmpires.Tests.CommanderPhase1Tests.PartialCount_PlansOnlyRemainingProduction" methodname="PartialCount_PlansOnlyRemainingProduction" classname="OpenEmpires.Tests.CommanderPhase1Tests" runstate="Runnable" seed="185913260" result="Passed" start-time="2026-09-16 14:15:23Z" end-time="2026-09-16 14:15:24Z" duration="0.956850" asserts="0">
              <properties>
                <property name="retryIteration" value="0" />
                <property name="repeatIteration" value="0" />
              </properties>
              <output><![CDATA[[Commander] Goal #1 submitted: EnsureUnitCount
[Commander] Goal #1: status=Executing owned=4 queued=0; Queueing Spearman at Barracks #1.
]]></output>
            </test-case>
            <test-case id="1151" name="PopulationBlocked_EmitsHousePlacementBeforeMoreTraining" fullname="OpenEmpires.Tests.CommanderPhase1Tests.PopulationBlocked_EmitsHousePlacementBeforeMoreTraining" methodname="PopulationBlocked_EmitsHousePlacementBeforeMoreTraining" classname="OpenEmpires.Tests.CommanderPhase1Tests" runstate="Runnable" seed="467744464" result="Passed" start-time="2026-09-16 14:15:24Z" end-time="2026-09-16 14:15:25Z" duration="1.078426" asserts="0">
              <properties>
                <property name="retryIteration" value="0" />
                <property name="repeatIteration" value="0" />
              </properties>
              <output><![CDATA[[Commander] Goal #1 submitted: EnsureUnitCount
[Commander] Goal #1: status=Executing owned=0 queued=0; Placing House at (197,140) with villager #0.
]]></output>
            </test-case>
            <test-case id="1163" name="SameTickHumanGatherCommand_ProtectsWorkerBeforeCommanderPlans" fullname="OpenEmpires.Tests.CommanderPhase1Tests.SameTickHumanGatherCommand_ProtectsWorkerBeforeCommanderPlans" methodname="SameTickHumanGatherCommand_ProtectsWorkerBeforeCommanderPlans" classname="OpenEmpires.Tests.CommanderPhase1Tests" runstate="Runnable" seed="601131579" result="Passed" start-time="2026-09-16 14:15:25Z" end-time="2026-09-16 14:15:26Z" duration="1.015465" asserts="0">
              <properties>
                <property name="retryIteration" value="0" />
                <property name="repeatIteration" value="0" />
              </properties>
              <output><![CDATA[[Commander] Goal #1 submitted: EnsureUnitCount
[Commander] Goal #1: status=WaitingForResources owned=0 queued=0; Need 60 food for the next Spearman; have 0. Reassigning villager #1 to Food node #0.
]]></output>
            </test-case>
            <test-case id="1153" name="UnitDeathBeforeCompletion_ReevaluationRestoresMissingOrder" fullname="OpenEmpires.Tests.CommanderPhase1Tests.UnitDeathBeforeCompletion_ReevaluationRestoresMissingOrder" methodname="UnitDeathBeforeCompletion_ReevaluationRestoresMissingOrder" classname="OpenEmpires.Tests.CommanderPhase1Tests" runstate="Runnable" seed="447074137" result="Passed" start-time="2026-09-16 14:15:26Z" end-time="2026-09-16 14:15:27Z" duration="0.997286" asserts="0">
              <properties>
                <property name="retryIteration" value="0" />
                <property name="repeatIteration" value="0" />
              </properties>
              <output><![CDATA[[Commander] Goal #1 submitted: EnsureUnitCount
[Commander] Goal #1: status=WaitingForProduction owned=8 queued=2; Owned 8, queued 2, target 10.
[Commander] Goal #1: status=Executing owned=7 queued=2; Queueing Spearman at Barracks #1.
]]></output>
            </test-case>
          </test-suite>
          <test-suite type="TestFixture" id="1176" name="CommanderPhase3A1Tests" fullname="OpenEmpires.Tests.CommanderPhase3A1Tests" classname="OpenEmpires.Tests.CommanderPhase3A1Tests" runstate="Runnable" testcasecount="20" result="Passed" start-time="2026-09-16 14:15:27Z" end-time="2026-09-16 14:15:48Z" duration="20.597738" total="20" passed="20" failed="0" inconclusive="0" skipped="0" asserts="0">
            <properties />
            <test-case id="1199" name="AgePrerequisiteWait_YieldsToLaterResourceRequest" fullname="OpenEmpires.Tests.CommanderPhase3A1Tests.AgePrerequisiteWait_YieldsToLaterResourceRequest" methodname="AgePrerequisiteWait_YieldsToLaterResourceRequest" classname="OpenEmpires.Tests.CommanderPhase3A1Tests" runstate="Runnable" seed="111753860" result="Passed" start-time="2026-09-16 14:15:27Z" end-time="2026-09-16 14:15:28Z" duration="1.024607" asserts="0">
              <properties>
                <property name="retryIteration" value="0" />
                <property name="repeatIteration" value="0" />
              </properties>
              <output><![CDATA[[Commander] Goal #1 submitted: EnsureUnitCount
[Commander] Goal #1: status=Blocked owned=0 queued=0; Need 100 gold for the next Knight; have 0. No eligible owned villager is available.
[Commander] Goal #2 submitted: ResourceAllocation
[Commander] Goal #1: status=WaitingForPrerequisite owned=0 queued=0; Knight requires age 3. Advance age to resume.
[Commander] Goal #2: status=WaitingForResources owned=0 queued=0; Assigning at least 1 villagers to Wood; currently 0. Reassigning villager #0 to Wood node #0.
]]></output>
            </test-case>
            <test-case id="1197" name="BlockedGoal_Cancelled_DoesNotRetry" fullname="OpenEmpires.Tests.CommanderPhase3A1Tests.BlockedGoal_Cancelled_DoesNotRetry" methodname="BlockedGoal_Cancelled_DoesNotRetry" classname="OpenEmpires.Tests.CommanderPhase3A1Tests" runstate="Runnable" seed="1691829044" result="Passed" start-time="2026-09-16 14:15:28Z" end-time="2026-09-16 14:15:29Z" duration="1.012833" asserts="0">
              <properties>
                <property name="retryIteration" value="0" />
                <property name="repeatIteration" value="0" />
              </properties>
              <output><![CDATA[[Commander] Goal #1 submitted: EnsureUnitCount
[Commander] Goal #1: status=Blocked owned=0 queued=0; Need 100 gold for the next Knight; have 0. No eligible owned villager is available.
[Commander] Goal #1 cancelled.
]]></output>
            </test-case>
            <test-case id="1196" name="BlockedGoal_ConditionResolvesAtDeadline_Recovers" fullname="OpenEmpires.Tests.CommanderPhase3A1Tests.BlockedGoal_ConditionResolvesAtDeadline_Recovers" methodname="BlockedGoal_ConditionResolvesAtDeadline_Recovers" classname="OpenEmpires.Tests.CommanderPhase3A1Tests" runstate="Runnable" seed="1697664608" result="Passed" start-time="2026-09-16 14:15:29Z" end-time="2026-09-16 14:15:30Z" duration="1.017612" asserts="0">
              <properties>
                <property name="retryIteration" value="0" />
                <property name="repeatIteration" value="0" />
              </properties>
              <output><![CDATA[[Commander] Goal #1 submitted: EnsureUnitCount
[Commander] Goal #1: status=Blocked owned=0 queued=0; Need 100 gold for the next Knight; have 0. No eligible owned villager is available.
[Commander] Goal #1: status=Executing owned=0 queued=0; Queueing Knight at Stables #1.
]]></output>
            </test-case>
            <test-case id="1193" name="BlockedGoal_DoesNotFreezeFutureCommands" fullname="OpenEmpires.Tests.CommanderPhase3A1Tests.BlockedGoal_DoesNotFreezeFutureCommands" methodname="BlockedGoal_DoesNotFreezeFutureCommands" classname="OpenEmpires.Tests.CommanderPhase3A1Tests" runstate="Runnable" seed="64642233" result="Passed" start-time="2026-09-16 14:15:30Z" end-time="2026-09-16 14:15:31Z" duration="1.101717" asserts="0">
              <properties>
                <property name="retryIteration" value="0" />
                <property name="repeatIteration" value="0" />
              </properties>
              <output><![CDATA[[Commander] Goal #1 submitted: EnsureUnitCount
[Commander] Goal #1: status=Blocked owned=0 queued=0; Need 100 gold for the next Knight; have 0. No eligible owned villager is available.
[Commander] Goal #2 submitted: ResourceAllocation
[Commander] Goal #2: status=WaitingForResources owned=0 queued=0; Assigning at least 1 villagers to Wood; currently 0. Reassigning villager #0 to Wood node #0.
]]></output>
            </test-case>
            <test-case id="1195" name="BlockedGoal_FailsAfterTimeout" fullname="OpenEmpires.Tests.CommanderPhase3A1Tests.BlockedGoal_FailsAfterTimeout" methodname="BlockedGoal_FailsAfterTimeout" classname="OpenEmpires.Tests.CommanderPhase3A1Tests" runstate="Runnable" seed="1034782350" result="Passed" start-time="2026-09-16 14:15:31Z" end-time="2026-09-16 14:15:32Z" duration="1.063940" asserts="0">
              <properties>
                <property name="retryIteration" value="0" />
                <property name="repeatIteration" value="0" />
              </properties>
              <output><![CDATA[[Commander] Goal #1 submitted: EnsureUnitCount
[Commander] Goal #1: status=Blocked owned=0 queued=0; Need 100 gold for the next Knight; have 0. No eligible owned villager is available.
[Commander] Goal #1 failed: Blocked for 1800 ticks. Need 100 gold for the next Knight; have 0. No eligible owned villager is available.
]]></output>
            </test-case>
            <test-case id="1194" name="BlockedGoal_RecoversAfterConditionChanges" fullname="OpenEmpires.Tests.CommanderPhase3A1Tests.BlockedGoal_RecoversAfterConditionChanges" methodname="BlockedGoal_RecoversAfterConditionChanges" classname="OpenEmpires.Tests.CommanderPhase3A1Tests" runstate="Runnable" seed="381253315" result="Passed" start-time="2026-09-16 14:15:32Z" end-time="2026-09-16 14:15:33Z" duration="1.018641" asserts="0">
              <properties>
                <property name="retryIteration" value="0" />
                <property name="repeatIteration" value="0" />
              </properties>
              <output><![CDATA[[Commander] Goal #1 submitted: EnsureUnitCount
[Commander] Goal #1: status=Blocked owned=0 queued=0; Need 100 gold for the next Knight; have 0. No eligible owned villager is available.
[Commander] Goal #1: status=Executing owned=0 queued=0; Queueing Knight at Stables #1.
]]></output>
            </test-case>
            <test-case id="1198" name="BlockedRetry_AndLaterGoal_EmitAtMostOneCommandPerTick" fullname="OpenEmpires.Tests.CommanderPhase3A1Tests.BlockedRetry_AndLaterGoal_EmitAtMostOneCommandPerTick" methodname="BlockedRetry_AndLaterGoal_EmitAtMostOneCommandPerTick" classname="OpenEmpires.Tests.CommanderPhase3A1Tests" runstate="Runnable" seed="342036091" result="Passed" start-time="2026-09-16 14:15:33Z" end-time="2026-09-16 14:15:34Z" duration="1.018481" asserts="0">
              <properties>
                <property name="retryIteration" value="0" />
                <property name="repeatIteration" value="0" />
              </properties>
              <output><![CDATA[[Commander] Goal #1 submitted: EnsureUnitCount
[Commander] Goal #1: status=Blocked owned=0 queued=0; Need 100 gold for the next Knight; have 0. No eligible owned villager is available.
[Commander] Goal #2 submitted: ResourceAllocation
[Commander] Goal #1: status=Executing owned=0 queued=0; Queueing Knight at Stables #1.
]]></output>
            </test-case>
            <test-case id="1189" name="ConstructionAfterArrival_StallRecoveryWorks" fullname="OpenEmpires.Tests.CommanderPhase3A1Tests.ConstructionAfterArrival_StallRecoveryWorks" methodname="ConstructionAfterArrival_StallRecoveryWorks" classname="OpenEmpires.Tests.CommanderPhase3A1Tests" runstate="Runnable" seed="2074239819" result="Passed" start-time="2026-09-16 14:15:34Z" end-time="2026-09-16 14:15:35Z" duration="1.020067" asserts="0">
              <properties>
                <property name="retryIteration" value="0" />
                <property name="repeatIteration" value="0" />
              </properties>
              <output><![CDATA[[Commander] Goal #1 submitted: BuildStructure
[Commander] Goal #1: status=WaitingForConstruction owned=0 queued=1; Construction: villager #0 is travelling to building #0.
[Commander] Goal #1: status=WaitingForConstruction owned=0 queued=1; Construction: building #0 is advancing with villager #0.
[Commander] Goal #1: status=Executing owned=0 queued=1; Construction: assigning villager #1 to recover building #0.
[Commander] Goal #1: status=WaitingForConstruction owned=0 queued=1; Construction: building #0 is advancing with villager #0.
]]></output>
            </test-case>
            <test-case id="1191" name="ConstructionArrivedBuilder_NotMaskedByLowerIdTraveller" fullname="OpenEmpires.Tests.CommanderPhase3A1Tests.ConstructionArrivedBuilder_NotMaskedByLowerIdTraveller" methodname="ConstructionArrivedBuilder_NotMaskedByLowerIdTraveller" classname="OpenEmpires.Tests.CommanderPhase3A1Tests" runstate="Runnable" seed="745997114" result="Passed" start-time="2026-09-16 14:15:35Z" end-time="2026-09-16 14:15:36Z" duration="1.001617" asserts="0">
              <properties>
                <property name="retryIteration" value="0" />
                <property name="repeatIteration" value="0" />
              </properties>
              <output><![CDATA[[Commander] Goal #1 submitted: BuildStructure
[Commander] Goal #1: status=WaitingForConstruction owned=0 queued=1; Construction: building #0 is advancing with villager #1.
[Commander] Goal #1: status=Executing owned=0 queued=1; Construction: assigning villager #2 to recover building #0.
]]></output>
            </test-case>
            <test-case id="1190" name="ConstructionDeadBuilder_StillRecovers" fullname="OpenEmpires.Tests.CommanderPhase3A1Tests.ConstructionDeadBuilder_StillRecovers" methodname="ConstructionDeadBuilder_StillRecovers" classname="OpenEmpires.Tests.CommanderPhase3A1Tests" runstate="Runnable" seed="620048171" result="Passed" start-time="2026-09-16 14:15:36Z" end-time="2026-09-16 14:15:37Z" duration="0.988112" asserts="0">
              <properties>
                <property name="retryIteration" value="0" />
                <property name="repeatIteration" value="0" />
              </properties>
              <output><![CDATA[[Commander] Goal #1 submitted: BuildStructure
[Commander] Goal #1: status=WaitingForConstruction owned=0 queued=1; Construction: villager #0 is travelling to building #0.
[Commander] Goal #1: status=Executing owned=0 queued=1; Construction: assigning villager #1 to recover building #0.
]]></output>
            </test-case>
            <test-case id="1192" name="ConstructionProgress_ResetsArrivalStallWindow" fullname="OpenEmpires.Tests.CommanderPhase3A1Tests.ConstructionProgress_ResetsArrivalStallWindow" methodname="ConstructionProgress_ResetsArrivalStallWindow" classname="OpenEmpires.Tests.CommanderPhase3A1Tests" runstate="Runnable" seed="1408583069" result="Passed" start-time="2026-09-16 14:15:37Z" end-time="2026-09-16 14:15:38Z" duration="1.047303" asserts="0">
              <properties>
                <property name="retryIteration" value="0" />
                <property name="repeatIteration" value="0" />
              </properties>
              <output><![CDATA[[Commander] Goal #1 submitted: BuildStructure
[Commander] Goal #1: status=WaitingForConstruction owned=0 queued=1; Construction: building #0 is advancing with villager #0.
[Commander] Goal #1: status=Executing owned=0 queued=1; Construction: assigning villager #1 to recover building #0.
]]></output>
            </test-case>
            <test-suite type="ParameterizedMethod" id="1188" name="ConstructionTravelTime_DoesNotTriggerStall" fullname="OpenEmpires.Tests.CommanderPhase3A1Tests.ConstructionTravelTime_DoesNotTriggerStall" classname="OpenEmpires.Tests.CommanderPhase3A1Tests" runstate="Runnable" testcasecount="2" result="Passed" start-time="2026-09-16 14:15:38Z" end-time="2026-09-16 14:15:40Z" duration="2.006557" total="2" passed="2" failed="0" inconclusive="0" skipped="0" asserts="0">
              <properties />
              <test-case id="1186" name="ConstructionTravelTime_DoesNotTriggerStall(MovingToBuild)" fullname="OpenEmpires.Tests.CommanderPhase3A1Tests.ConstructionTravelTime_DoesNotTriggerStall(MovingToBuild)" methodname="ConstructionTravelTime_DoesNotTriggerStall" classname="OpenEmpires.Tests.CommanderPhase3A1Tests" runstate="Runnable" seed="1526353530" result="Passed" start-time="2026-09-16 14:15:38Z" end-time="2026-09-16 14:15:39Z" duration="1.007257" asserts="0">
                <properties>
                  <property name="retryIteration" value="0" />
                  <property name="repeatIteration" value="0" />
                </properties>
                <output><![CDATA[[Commander] Goal #1 submitted: BuildStructure
[Commander] Goal #1: status=WaitingForConstruction owned=0 queued=1; Construction: villager #0 is travelling to building #0.
]]></output>
              </test-case>
              <test-case id="1187" name="ConstructionTravelTime_DoesNotTriggerStall(Constructing)" fullname="OpenEmpires.Tests.CommanderPhase3A1Tests.ConstructionTravelTime_DoesNotTriggerStall(Constructing)" methodname="ConstructionTravelTime_DoesNotTriggerStall" classname="OpenEmpires.Tests.CommanderPhase3A1Tests" runstate="Runnable" seed="2033411690" result="Passed" start-time="2026-09-16 14:15:39Z" end-time="2026-09-16 14:15:40Z" duration="0.977903" asserts="0">
                <properties>
                  <property name="retryIteration" value="0" />
                  <property name="repeatIteration" value="0" />
                </properties>
                <output><![CDATA[[Commander] Goal #1 submitted: BuildStructure
[Commander] Goal #1: status=WaitingForConstruction owned=0 queued=1; Construction: villager #0 is travelling to building #0.
]]></output>
              </test-case>
            </test-suite>
            <test-case id="1200" name="DeferredAndQueuedGoals_RetainOverallDurationLimit" fullname="OpenEmpires.Tests.CommanderPhase3A1Tests.DeferredAndQueuedGoals_RetainOverallDurationLimit" methodname="DeferredAndQueuedGoals_RetainOverallDurationLimit" classname="OpenEmpires.Tests.CommanderPhase3A1Tests" runstate="Runnable" seed="1940354989" result="Passed" start-time="2026-09-16 14:15:40Z" end-time="2026-09-16 14:15:41Z" duration="1.027147" asserts="0">
              <properties>
                <property name="retryIteration" value="0" />
                <property name="repeatIteration" value="0" />
              </properties>
              <output><![CDATA[[Commander] Goal #1 submitted: EnsureUnitCount
[Commander] Goal #1: status=Blocked owned=0 queued=0; Need 100 gold for the next Knight; have 0. No eligible owned villager is available.
[Commander] Goal #2 submitted: ResourceAllocation
[Commander] Goal #2 failed: Goal exceeded its 30-tick duration limit.
]]></output>
            </test-case>
            <test-suite type="ParameterizedMethod" id="1179" name="FogPath_VisibleMiddleVisible_UsesKnowledgeBoundary" fullname="OpenEmpires.Tests.CommanderPhase3A1Tests.FogPath_VisibleMiddleVisible_UsesKnowledgeBoundary" classname="OpenEmpires.Tests.CommanderPhase3A1Tests" runstate="Runnable" testcasecount="2" result="Passed" start-time="2026-09-16 14:15:41Z" end-time="2026-09-16 14:15:43Z" duration="2.032485" total="2" passed="2" failed="0" inconclusive="0" skipped="0" asserts="0">
              <properties />
              <test-case id="1177" name="FogPath_VisibleMiddleVisible_UsesKnowledgeBoundary(Explored,True)" fullname="OpenEmpires.Tests.CommanderPhase3A1Tests.FogPath_VisibleMiddleVisible_UsesKnowledgeBoundary(Explored,True)" methodname="FogPath_VisibleMiddleVisible_UsesKnowledgeBoundary" classname="OpenEmpires.Tests.CommanderPhase3A1Tests" runstate="Runnable" seed="1897678667" result="Passed" start-time="2026-09-16 14:15:41Z" end-time="2026-09-16 14:15:42Z" duration="0.999827" asserts="0">
                <properties>
                  <property name="retryIteration" value="0" />
                  <property name="repeatIteration" value="0" />
                </properties>
              </test-case>
              <test-case id="1178" name="FogPath_VisibleMiddleVisible_UsesKnowledgeBoundary(Unexplored,False)" fullname="OpenEmpires.Tests.CommanderPhase3A1Tests.FogPath_VisibleMiddleVisible_UsesKnowledgeBoundary(Unexplored,False)" methodname="FogPath_VisibleMiddleVisible_UsesKnowledgeBoundary" classname="OpenEmpires.Tests.CommanderPhase3A1Tests" runstate="Runnable" seed="145123488" result="Passed" start-time="2026-09-16 14:15:42Z" end-time="2026-09-16 14:15:43Z" duration="1.020283" asserts="0">
                <properties>
                  <property name="retryIteration" value="0" />
                  <property name="repeatIteration" value="0" />
                </properties>
              </test-case>
            </test-suite>
            <test-suite type="ParameterizedMethod" id="1182" name="ResourcePath_ExploredCorridorAccepted_HiddenCorridorRejected" fullname="OpenEmpires.Tests.CommanderPhase3A1Tests.ResourcePath_ExploredCorridorAccepted_HiddenCorridorRejected" classname="OpenEmpires.Tests.CommanderPhase3A1Tests" runstate="Runnable" testcasecount="2" result="Passed" start-time="2026-09-16 14:15:43Z" end-time="2026-09-16 14:15:45Z" duration="2.078569" total="2" passed="2" failed="0" inconclusive="0" skipped="0" asserts="0">
              <properties />
[...]
                <properties>
                  <property name="retryIteration" value="0" />
                  <property name="repeatIteration" value="0" />
                </properties>
              </test-case>
              <test-case id="1144" name="Generate_TerminalOrBlockedGoalEvent_ReturnsDeterministicTemplate(GoalCancelled,&quot;The Commander request was cancelled.&quot;)" fullname="OpenEmpires.Tests.CommanderResponseGeneratorTests.Generate_TerminalOrBlockedGoalEvent_ReturnsDeterministicTemplate(GoalCancelled,&quot;The Commander request was cancelled.&quot;)" methodname="Generate_TerminalOrBlockedGoalEvent_ReturnsDeterministicTemplate" classname="OpenEmpires.Tests.CommanderResponseGeneratorTests" runstate="Runnable" seed="1737640539" result="Passed" start-time="2026-09-16 14:17:58Z" end-time="2026-09-16 14:17:58Z" duration="0.000146" asserts="0">
                <properties>
                  <property name="retryIteration" value="0" />
                  <property name="repeatIteration" value="0" />
                </properties>
              </test-case>
            </test-suite>
            <test-case id="1141" name="Generate_UnsupportedFutureIntent_DoesNotClaimExecution" fullname="OpenEmpires.Tests.CommanderResponseGeneratorTests.Generate_UnsupportedFutureIntent_DoesNotClaimExecution" methodname="Generate_UnsupportedFutureIntent_DoesNotClaimExecution" classname="OpenEmpires.Tests.CommanderResponseGeneratorTests" runstate="Runnable" seed="1538473358" result="Passed" start-time="2026-09-16 14:17:58Z" end-time="2026-09-16 14:17:58Z" duration="0.000424" asserts="0">
              <properties>
                <property name="retryIteration" value="0" />
                <property name="repeatIteration" value="0" />
              </properties>
            </test-case>
          </test-suite>
          <test-suite type="TestFixture" id="1644" name="FormationFacingTests" fullname="OpenEmpires.Tests.FormationFacingTests" classname="OpenEmpires.Tests.FormationFacingTests" runstate="Runnable" testcasecount="5" result="Passed" start-time="2026-09-16 14:17:58Z" end-time="2026-09-16 14:17:58Z" duration="0.353454" total="5" passed="5" failed="0" inconclusive="0" skipped="0" asserts="0">
            <properties />
            <test-case id="1645" name="GroupedFacingFormation_KeepsDestinationAtCentroid" fullname="OpenEmpires.Tests.FormationFacingTests.GroupedFacingFormation_KeepsDestinationAtCentroid" methodname="GroupedFacingFormation_KeepsDestinationAtCentroid" classname="OpenEmpires.Tests.FormationFacingTests" runstate="Runnable" seed="2114918453" result="Passed" start-time="2026-09-16 14:17:58Z" end-time="2026-09-16 14:17:58Z" duration="0.006564" asserts="0">
              <properties>
                <property name="retryIteration" value="0" />
                <property name="repeatIteration" value="0" />
              </properties>
            </test-case>
            <test-case id="1646" name="GroupedFacingFormation_PutsEarlierGroupsInFront" fullname="OpenEmpires.Tests.FormationFacingTests.GroupedFacingFormation_PutsEarlierGroupsInFront" methodname="GroupedFacingFormation_PutsEarlierGroupsInFront" classname="OpenEmpires.Tests.FormationFacingTests" runstate="Runnable" seed="1455153764" result="Passed" start-time="2026-09-16 14:17:58Z" end-time="2026-09-16 14:17:58Z" duration="0.000791" asserts="0">
              <properties>
                <property name="retryIteration" value="0" />
                <property name="repeatIteration" value="0" />
              </properties>
            </test-case>
            <test-case id="1647" name="GroupedFacingFormation_RotatesRowsWithFacingDirection" fullname="OpenEmpires.Tests.FormationFacingTests.GroupedFacingFormation_RotatesRowsWithFacingDirection" methodname="GroupedFacingFormation_RotatesRowsWithFacingDirection" classname="OpenEmpires.Tests.FormationFacingTests" runstate="Runnable" seed="518246123" result="Passed" start-time="2026-09-16 14:17:58Z" end-time="2026-09-16 14:17:58Z" duration="0.000278" asserts="0">
              <properties>
                <property name="retryIteration" value="0" />
                <property name="repeatIteration" value="0" />
              </properties>
            </test-case>
            <test-case id="1648" name="MovementArrival_CommitsRequestedFacingToSimulation" fullname="OpenEmpires.Tests.FormationFacingTests.MovementArrival_CommitsRequestedFacingToSimulation" methodname="MovementArrival_CommitsRequestedFacingToSimulation" classname="OpenEmpires.Tests.FormationFacingTests" runstate="Runnable" seed="798465075" result="Passed" start-time="2026-09-16 14:17:58Z" end-time="2026-09-16 14:17:58Z" duration="0.000612" asserts="0">
              <properties>
                <property name="retryIteration" value="0" />
                <property name="repeatIteration" value="0" />
              </properties>
            </test-case>
            <test-case id="1649" name="SingleUnitFacingMove_UsesUnitSpeedAndAdvances" fullname="OpenEmpires.Tests.FormationFacingTests.SingleUnitFacingMove_UsesUnitSpeedAndAdvances" methodname="SingleUnitFacingMove_UsesUnitSpeedAndAdvances" classname="OpenEmpires.Tests.FormationFacingTests" runstate="Runnable" seed="2069190426" result="Passed" start-time="2026-09-16 14:17:58Z" end-time="2026-09-16 14:17:58Z" duration="0.246914" asserts="0">
              <properties>
                <property name="retryIteration" value="0" />
                <property name="repeatIteration" value="0" />
              </properties>
              <output><![CDATA[[SyncCheck] tick=0 PRE-CMD=D1D08F91 cmds=1
[SyncCheck] tick=0 POST-CMD=D1D08F92
[SyncCheck] tick=0 PRE-AI-EXEC=D1D08F92 aiCmds=0
[SyncCheck] INIT tick=1 checksum=EE54AB69 systemDetail=D1D08F92,D204B3DB,D204B3DB,D204B3DB,D204B3DB,D204B3DB,D204B3DB,D204B3DB,D204B3DB
]]></output>
            </test-case>
          </test-suite>
          <test-suite type="TestFixture" id="1650" name="SpearmanProductionAssetIntegrationTests" fullname="OpenEmpires.Tests.SpearmanProductionAssetIntegrationTests" classname="OpenEmpires.Tests.SpearmanProductionAssetIntegrationTests" runstate="Runnable" testcasecount="4" result="Passed" start-time="2026-09-16 14:17:58Z" end-time="2026-09-16 14:17:58Z" duration="0.052726" total="4" passed="4" failed="0" inconclusive="0" skipped="0" asserts="0">
            <properties />
            <test-case id="1651" name="ProductionFBX_ImportsWithZeroRigsAndZeroAnimators" fullname="OpenEmpires.Tests.SpearmanProductionAssetIntegrationTests.ProductionFBX_ImportsWithZeroRigsAndZeroAnimators" methodname="ProductionFBX_ImportsWithZeroRigsAndZeroAnimators" classname="OpenEmpires.Tests.SpearmanProductionAssetIntegrationTests" runstate="Runnable" seed="2113433105" result="Passed" start-time="2026-09-16 14:17:58Z" end-time="2026-09-16 14:17:58Z" duration="0.028840" asserts="0">
              <properties>
                <property name="retryIteration" value="0" />
                <property name="repeatIteration" value="0" />
              </properties>
            </test-case>
            <test-case id="1652" name="SpearmanVisualHierarchy_PreservesLocalObjectSpacePivots" fullname="OpenEmpires.Tests.SpearmanProductionAssetIntegrationTests.SpearmanVisualHierarchy_PreservesLocalObjectSpacePivots" methodname="SpearmanVisualHierarchy_PreservesLocalObjectSpacePivots" classname="OpenEmpires.Tests.SpearmanProductionAssetIntegrationTests" runstate="Runnable" seed="1340247947" result="Passed" start-time="2026-09-16 14:17:58Z" end-time="2026-09-16 14:17:58Z" duration="0.002806" asserts="0">
              <properties>
                <property name="retryIteration" value="0" />
                <property name="repeatIteration" value="0" />
              </properties>
              <output><![CDATA[[PIVOT AUDIT] Helmet local: (0.00, 0.94, 0.00), world: (0.00, 0.94, 0.00)
[PIVOT AUDIT] Speartip local: (-0.22, 1.82, 0.06), world: (-0.22, 1.82, 0.06)
[PIVOT AUDIT] Cylinder local: (-0.22, 0.55, 0.06), world: (-0.22, 0.55, 0.06)
[PIVOT AUDIT] RoundShield local: (0.20, 0.57, 0.08), world: (0.20, 0.57, 0.08)
]]></output>
            </test-case>
            <test-case id="1654" name="SpearmanVisualHierarchy_SelectionSilhouetteAndTeamColors_Compatible" fullname="OpenEmpires.Tests.SpearmanProductionAssetIntegrationTests.SpearmanVisualHierarchy_SelectionSilhouetteAndTeamColors_Compatible" methodname="SpearmanVisualHierarchy_SelectionSilhouetteAndTeamColors_Compatible" classname="OpenEmpires.Tests.SpearmanProductionAssetIntegrationTests" runstate="Runnable" seed="249697713" result="Passed" start-time="2026-09-16 14:17:58Z" end-time="2026-09-16 14:17:58Z" duration="0.013482" asserts="0">
              <properties>
                <property name="retryIteration" value="0" />
                <property name="repeatIteration" value="0" />
              </properties>
            </test-case>
            <test-case id="1653" name="SpearmanVisualHierarchy_UnitAttackVisualAnimator_DetectsWeaponAndCreatesAttackPivot" fullname="OpenEmpires.Tests.SpearmanProductionAssetIntegrationTests.SpearmanVisualHierarchy_UnitAttackVisualAnimator_DetectsWeaponAndCreatesAttackPivot" methodname="SpearmanVisualHierarchy_UnitAttackVisualAnimator_DetectsWeaponAndCreatesAttackPivot" classname="OpenEmpires.Tests.SpearmanProductionAssetIntegrationTests" runstate="Runnable" seed="1985231453" result="Passed" start-time="2026-09-16 14:17:58Z" end-time="2026-09-16 14:17:58Z" duration="0.005315" asserts="0">
              <properties>
                <property name="retryIteration" value="0" />
                <property name="repeatIteration" value="0" />
              </properties>
            </test-case>
          </test-suite>
          <test-suite type="TestFixture" id="1655" name="UnitAttackVisualAnimatorTests" fullname="OpenEmpires.Tests.UnitAttackVisualAnimatorTests" classname="OpenEmpires.Tests.UnitAttackVisualAnimatorTests" runstate="Runnable" testcasecount="12" result="Passed" start-time="2026-09-16 14:17:58Z" end-time="2026-09-16 14:17:59Z" duration="0.236532" total="12" passed="12" failed="0" inconclusive="0" skipped="0" asserts="0">
            <properties />
            <test-case id="1656" name="Constructor_SeparatesVisualsFromSelectionRing" fullname="OpenEmpires.Tests.UnitAttackVisualAnimatorTests.Constructor_SeparatesVisualsFromSelectionRing" methodname="Constructor_SeparatesVisualsFromSelectionRing" classname="OpenEmpires.Tests.UnitAttackVisualAnimatorTests" runstate="Runnable" seed="2010467462" result="Passed" start-time="2026-09-16 14:17:58Z" end-time="2026-09-16 14:17:58Z" duration="0.000496" asserts="0">
              <properties>
                <property name="retryIteration" value="0" />
                <property name="repeatIteration" value="0" />
              </properties>
            </test-case>
            <test-case id="1658" name="MountedCharge_LowersLanceIntoChargePose" fullname="OpenEmpires.Tests.UnitAttackVisualAnimatorTests.MountedCharge_LowersLanceIntoChargePose" methodname="MountedCharge_LowersLanceIntoChargePose" classname="OpenEmpires.Tests.UnitAttackVisualAnimatorTests" runstate="Runnable" seed="1399377271" result="Passed" start-time="2026-09-16 14:17:58Z" end-time="2026-09-16 14:17:58Z" duration="0.000667" asserts="0">
              <properties>
                <property name="retryIteration" value="0" />
                <property name="repeatIteration" value="0" />
              </properties>
            </test-case>
            <test-case id="1657" name="SpearAttack_AnimatesWeaponWithoutMovingUnitRoot" fullname="OpenEmpires.Tests.UnitAttackVisualAnimatorTests.SpearAttack_AnimatesWeaponWithoutMovingUnitRoot" methodname="SpearAttack_AnimatesWeaponWithoutMovingUnitRoot" classname="OpenEmpires.Tests.UnitAttackVisualAnimatorTests" runstate="Runnable" seed="517803628" result="Passed" start-time="2026-09-16 14:17:58Z" end-time="2026-09-16 14:17:58Z" duration="0.000601" asserts="0">
              <properties>
                <property name="retryIteration" value="0" />
                <property name="repeatIteration" value="0" />
              </properties>
            </test-case>
            <test-suite type="ParameterizedMethod" id="1668" name="WeaponPrefab_CreatesAttackPivot" fullname="OpenEmpires.Tests.UnitAttackVisualAnimatorTests.WeaponPrefab_CreatesAttackPivot" classname="OpenEmpires.Tests.UnitAttackVisualAnimatorTests" runstate="Runnable" testcasecount="9" result="Passed" start-time="2026-09-16 14:17:58Z" end-time="2026-09-16 14:17:59Z" duration="0.233782" total="9" passed="9" failed="0" inconclusive="0" skipped="0" asserts="0">
              <properties />
              <test-case id="1659" name="WeaponPrefab_CreatesAttackPivot(&quot;Assets/Prefabs/Units/Spearman.prefab&quot;,1)" fullname="OpenEmpires.Tests.UnitAttackVisualAnimatorTests.WeaponPrefab_CreatesAttackPivot(&quot;Assets/Prefabs/Units/Spearman.prefab&quot;,1)" methodname="WeaponPrefab_CreatesAttackPivot" classname="OpenEmpires.Tests.UnitAttackVisualAnimatorTests" runstate="Runnable" seed="2082688765" result="Passed" start-time="2026-09-16 14:17:58Z" end-time="2026-09-16 14:17:58Z" duration="0.028171" asserts="0">
                <properties>
                  <property name="retryIteration" value="0" />
                  <property name="repeatIteration" value="0" />
                </properties>
              </test-case>
              <test-case id="1660" name="WeaponPrefab_CreatesAttackPivot(&quot;Assets/Prefabs/Units/Archer.prefab&quot;,2)" fullname="OpenEmpires.Tests.UnitAttackVisualAnimatorTests.WeaponPrefab_CreatesAttackPivot(&quot;Assets/Prefabs/Units/Archer.prefab&quot;,2)" methodname="WeaponPrefab_CreatesAttackPivot" classname="OpenEmpires.Tests.UnitAttackVisualAnimatorTests" runstate="Runnable" seed="136118026" result="Passed" start-time="2026-09-16 14:17:58Z" end-time="2026-09-16 14:17:59Z" duration="0.012743" asserts="0">
                <properties>
                  <property name="retryIteration" value="0" />
                  <property name="repeatIteration" value="0" />
                </properties>
              </test-case>
              <test-case id="1661" name="WeaponPrefab_CreatesAttackPivot(&quot;Assets/Prefabs/Units/Horseman.prefab&quot;,3)" fullname="OpenEmpires.Tests.UnitAttackVisualAnimatorTests.WeaponPrefab_CreatesAttackPivot(&quot;Assets/Prefabs/Units/Horseman.prefab&quot;,3)" methodname="WeaponPrefab_CreatesAttackPivot" classname="OpenEmpires.Tests.UnitAttackVisualAnimatorTests" runstate="Runnable" seed="1735333150" result="Passed" start-time="2026-09-16 14:17:59Z" end-time="2026-09-16 14:17:59Z" duration="0.013639" asserts="0">
                <properties>
                  <property name="retryIteration" value="0" />
                  <property name="repeatIteration" value="0" />
                </properties>
              </test-case>
              <test-case id="1662" name="WeaponPrefab_CreatesAttackPivot(&quot;Assets/Prefabs/Units/ManAtArms.prefab&quot;,6)" fullname="OpenEmpires.Tests.UnitAttackVisualAnimatorTests.WeaponPrefab_CreatesAttackPivot(&quot;Assets/Prefabs/Units/ManAtArms.prefab&quot;,6)" methodname="WeaponPrefab_CreatesAttackPivot" classname="OpenEmpires.Tests.UnitAttackVisualAnimatorTests" runstate="Runnable" seed="916489395" result="Passed" start-time="2026-09-16 14:17:59Z" end-time="2026-09-16 14:17:59Z" duration="0.017824" asserts="0">
                <properties>
                  <property name="retryIteration" value="0" />
                  <property name="repeatIteration" value="0" />
                </properties>
              </test-case>
              <test-case id="1663" name="WeaponPrefab_CreatesAttackPivot(&quot;Assets/Prefabs/Units/Knight.prefab&quot;,7)" fullname="OpenEmpires.Tests.UnitAttackVisualAnimatorTests.WeaponPrefab_CreatesAttackPivot(&quot;Assets/Prefabs/Units/Knight.prefab&quot;,7)" methodname="WeaponPrefab_CreatesAttackPivot" classname="OpenEmpires.Tests.UnitAttackVisualAnimatorTests" runstate="Runnable" seed="746683771" result="Passed" start-time="2026-09-16 14:17:59Z" end-time="2026-09-16 14:17:59Z" duration="0.013198" asserts="0">
                <properties>
                  <property name="retryIteration" value="0" />
                  <property name="repeatIteration" value="0" />
                </properties>
              </test-case>
              <test-case id="1664" name="WeaponPrefab_CreatesAttackPivot(&quot;Assets/Prefabs/Units/Crossbowman.prefab&quot;,8)" fullname="OpenEmpires.Tests.UnitAttackVisualAnimatorTests.WeaponPrefab_CreatesAttackPivot(&quot;Assets/Prefabs/Units/Crossbowman.prefab&quot;,8)" methodname="WeaponPrefab_CreatesAttackPivot" classname="OpenEmpires.Tests.UnitAttackVisualAnimatorTests" runstate="Runnable" seed="149723321" result="Passed" start-time="2026-09-16 14:17:59Z" end-time="2026-09-16 14:17:59Z" duration="0.013798" asserts="0">
                <properties>
                  <property name="retryIteration" value="0" />
                  <property name="repeatIteration" value="0" />
                </properties>
              </test-case>
              <test-case id="1665" name="WeaponPrefab_CreatesAttackPivot(&quot;Assets/Prefabs/Units/Longbowman.prefab&quot;,10)" fullname="OpenEmpires.Tests.UnitAttackVisualAnimatorTests.WeaponPrefab_CreatesAttackPivot(&quot;Assets/Prefabs/Units/Longbowman.prefab&quot;,10)" methodname="WeaponPrefab_CreatesAttackPivot" classname="OpenEmpires.Tests.UnitAttackVisualAnimatorTests" runstate="Runnable" seed="709447924" result="Passed" start-time="2026-09-16 14:17:59Z" end-time="2026-09-16 14:17:59Z" duration="0.014287" asserts="0">
                <properties>
                  <property name="retryIteration" value="0" />
                  <property name="repeatIteration" value="0" />
                </properties>
              </test-case>
              <test-case id="1666" name="WeaponPrefab_CreatesAttackPivot(&quot;Assets/Prefabs/Units/Gendarme.prefab&quot;,11)" fullname="OpenEmpires.Tests.UnitAttackVisualAnimatorTests.WeaponPrefab_CreatesAttackPivot(&quot;Assets/Prefabs/Units/Gendarme.prefab&quot;,11)" methodname="WeaponPrefab_CreatesAttackPivot" classname="OpenEmpires.Tests.UnitAttackVisualAnimatorTests" runstate="Runnable" seed="1630695226" result="Passed" start-time="2026-09-16 14:17:59Z" end-time="2026-09-16 14:17:59Z" duration="0.007571" asserts="0">
                <properties>
                  <property name="retryIteration" value="0" />
                  <property name="repeatIteration" value="0" />
                </properties>
              </test-case>
              <test-case id="1667" name="WeaponPrefab_CreatesAttackPivot(&quot;Assets/Prefabs/Units/Landsknecht.prefab&quot;,12)" fullname="OpenEmpires.Tests.UnitAttackVisualAnimatorTests.WeaponPrefab_CreatesAttackPivot(&quot;Assets/Prefabs/Units/Landsknecht.prefab&quot;,12)" methodname="WeaponPrefab_CreatesAttackPivot" classname="OpenEmpires.Tests.UnitAttackVisualAnimatorTests" runstate="Runnable" seed="50571520" result="Passed" start-time="2026-09-16 14:17:59Z" end-time="2026-09-16 14:17:59Z" duration="0.012146" asserts="0">
                <properties>
                  <property name="retryIteration" value="0" />
                  <property name="repeatIteration" value="0" />
                </properties>
                <output><![CDATA[<b><color=#2EA3FF>MCP-FOR-UNITY</color></b>: [TestRunnerNoThrottle] Restored Interaction Mode after test run.
Saving results to: C:/Users/RS/AppData/LocalLow/DefaultCompany/Open Empires\TestResults.xml
]]></output>
              </test-case>
            </test-suite>
          </test-suite>
        </test-suite>
      </test-suite>
    </test-suite>
  </test-suite>
</test-run>