<?xml version="1.0" encoding="utf-8"?>
<test-run id="2" testcasecount="69" result="Passed" total="69" passed="69" failed="0" inconclusive="0" skipped="0" asserts="0" engine-version="3.5.0.0" clr-version="4.0.30319.42000" start-time="2026-09-16 14:18:54Z" end-time="2026-09-16 14:19:26Z" duration="31.4918659">
  <test-suite type="TestSuite" id="1090" name="Open Empires" fullname="Open Empires" runstate="Runnable" testcasecount="69" result="Passed" start-time="2026-09-16 14:18:54Z" end-time="2026-09-16 14:19:26Z" duration="31.491866" total="69" passed="69" failed="0" inconclusive="0" skipped="0" asserts="0">
    <properties>
      <property name="platform" value="PlayMode" />
    </properties>
    <test-suite type="Assembly" id="1084" name="OpenEmpires.PlayModeTests.dll" fullname="D:/unity_projects/OpenEmpires/Open Empires/Library/ScriptAssemblies/OpenEmpires.PlayModeTests.dll" runstate="Runnable" testcasecount="69" result="Passed" start-time="2026-09-16 14:18:54Z" end-time="2026-09-16 14:19:26Z" duration="31.484542" total="69" passed="69" failed="0" inconclusive="0" skipped="0" asserts="0">
      <properties>
        <property name="_PID" value="15140" />
        <property name="_APPDOMAIN" value="Unity Child Domain" />
        <property name="platform" value="PlayMode" />
        <property name="EditorOnly" value="False" />
      </properties>
      <test-suite type="TestSuite" id="1085" name="OpenEmpires" fullname="OpenEmpires" runstate="Runnable" testcasecount="69" result="Passed" start-time="2026-09-16 14:18:54Z" end-time="2026-09-16 14:19:26Z" duration="31.482775" total="69" passed="69" failed="0" inconclusive="0" skipped="0" asserts="0">
        <properties />
        <test-suite type="TestSuite" id="1086" name="Tests" fullname="OpenEmpires.Tests" runstate="Runnable" testcasecount="69" result="Passed" start-time="2026-09-16 14:18:54Z" end-time="2026-09-16 14:19:26Z" duration="31.481203" total="69" passed="69" failed="0" inconclusive="0" skipped="0" asserts="0">
          <properties />
          <test-suite type="TestFixture" id="1001" name="CommanderPhase3A1PlayModeTests" fullname="OpenEmpires.Tests.CommanderPhase3A1PlayModeTests" classname="OpenEmpires.Tests.CommanderPhase3A1PlayModeTests" runstate="Runnable" testcasecount="3" result="Passed" start-time="2026-09-16 14:18:54Z" end-time="2026-09-16 14:18:56Z" duration="1.188266" total="3" passed="3" failed="0" inconclusive="0" skipped="0" asserts="0">
            <properties />
            <test-case id="1003" name="Runtime_FarFoundation_BuilderTravelsWithoutEarlyReplacement" fullname="OpenEmpires.Tests.CommanderPhase3A1PlayModeTests.Runtime_FarFoundation_BuilderTravelsWithoutEarlyReplacement" methodname="Runtime_FarFoundation_BuilderTravelsWithoutEarlyReplacement" classname="OpenEmpires.Tests.CommanderPhase3A1PlayModeTests" runstate="Runnable" seed="1102064443" result="Passed" start-time="2026-09-16 14:18:55Z" end-time="2026-09-16 14:18:55Z" duration="0.548217" asserts="0">
              <properties>
                <property name="_JOINTYPE" value="UnityCombinatorial" />
                <property name="retryIteration" value="0" />
                <property name="repeatIteration" value="0" />
              </properties>
              <output><![CDATA[[SyncCheck] tick=1 checksum=BFB1133B
[Commander] Goal #1 submitted: BuildStructure
[Commander] Goal #1: status=WaitingForConstruction owned=0 queued=1; Construction: villager #0 is travelling to building #2.
[SyncCheck] tick=2 checksum=42E6D501
[SyncCheck] tick=3 checksum=4B636FCB
[SyncCheck] tick=4 checksum=77ACE11B
[SyncCheck] tick=5 checksum=0D03D810
[SyncCheck] tick=6 checksum=FE9A4C49
[SyncCheck] tick=7 checksum=13FD9708
[SyncCheck] tick=8 checksum=926E676C
[SyncCheck] tick=9 checksum=50E561B5
[SyncCheck] tick=10 checksum=6B9BD942
[SyncCheck] tick=11 checksum=D3268315
[SyncCheck] tick=12 checksum=7AB756CD
[SyncCheck] tick=13 checksum=7E87A7C9
[SyncCheck] tick=14 checksum=C25E22AA
[SyncCheck] tick=15 checksum=5308CFD1
[SyncCheck] tick=16 checksum=3FF2FA3C
[SyncCheck] tick=17 checksum=6CE34E8C
[SyncCheck] tick=18 checksum=D9D9CCC1
[SyncCheck] tick=19 checksum=AFDDD09B
[SyncCheck] tick=20 checksum=A9AEAAFB
[SyncCheck] tick=21 checksum=1BF855FE
[SyncCheck] tick=22 checksum=B20ED787
[SyncCheck] tick=23 checksum=A464D654
[SyncCheck] tick=24 checksum=D6C0FF06
[SyncCheck] tick=25 checksum=722AAD5D
[SyncCheck] tick=26 checksum=4D9A8599
[SyncCheck] tick=27 checksum=691087BA
[SyncCheck] tick=28 checksum=C48CB3C0
[SyncCheck] tick=29 checksum=7C485D0A
[SyncCheck] tick=30 checksum=740A3039
[SyncCheck] tick=31 checksum=C80B80AC
[SyncCheck] tick=32 checksum=5C12FB04
[SyncCheck] tick=33 checksum=30209F41
[SyncCheck] tick=34 checksum=44346D63
[SyncCheck] tick=35 checksum=B487B8C9
[SyncCheck] tick=36 checksum=64E12E14
[SyncCheck] tick=37 checksum=620ED5A5
[SyncCheck] tick=38 checksum=BB7BFA7A
[SyncCheck] tick=39 checksum=54EF4934
[SyncCheck] tick=40 checksum=2E68C1D3
[SyncCheck] tick=41 checksum=5753AF55
[SyncCheck] tick=42 checksum=A40B735D
[SyncCheck] tick=43 checksum=693C0808
[SyncCheck] tick=44 checksum=52397339
[SyncCheck] tick=45 checksum=97765BAE
[SyncCheck] tick=46 checksum=1CB96E08
[SyncCheck] tick=47 checksum=FE3BFDA6
[SyncCheck] tick=48 checksum=038B63CA
[SyncCheck] tick=49 checksum=651A4732
[SyncCheck] tick=50 checksum=22E8A7DE
[SyncCheck] tick=51 checksum=0483DF10
[SyncCheck] tick=52 checksum=425E9386
[SyncCheck] tick=53 checksum=CFAABCDF
[SyncCheck] tick=54 checksum=80C3BCBE
[SyncCheck] tick=55 checksum=8E1C39E1
[SyncCheck] tick=56 checksum=DB7AE0E9
[SyncCheck] tick=57 checksum=85190535
[SyncCheck] tick=58 checksum=6EBD5366
[SyncCheck] tick=59 checksum=8B99C31B
[SyncCheck] tick=60 checksum=E87C5CB5
[SyncCheck] tick=61 checksum=A19E7393
[SyncCheck] tick=62 checksum=9AC6B456
[SyncCheck] tick=63 checksum=C727169D
[SyncCheck] tick=64 checksum=4FC6F628
[SyncCheck] tick=65 checksum=186CFF98
[SyncCheck] tick=66 checksum=211932ED
[SyncCheck] tick=67 checksum=5CFD87C6
[SyncCheck] tick=68 checksum=F52159E3
[SyncCheck] tick=69 checksum=CD4B55E5
[SyncCheck] tick=70 checksum=D8AD736B
[SyncCheck] tick=71 checksum=404F0E35
[SyncCheck] tick=72 checksum=E7F6D2E4
[SyncCheck] tick=73 checksum=C2D6B917
[SyncCheck] tick=74 checksum=F9F61C8E
[SyncCheck] tick=75 checksum=711BA9EA
[SyncCheck] tick=76 checksum=1B7958CA
[SyncCheck] tick=77 checksum=05DD318F
[SyncCheck] tick=78 checksum=4C808798
[SyncCheck] tick=79 checksum=C65BFF25
[SyncCheck] tick=80 checksum=803DA097
[SyncCheck] tick=81 checksum=8990B6EC
[SyncCheck] tick=82 checksum=B6B0A3C7
[SyncCheck] tick=83 checksum=5C496145
[SyncCheck] tick=84 checksum=6FB4E758
[SyncCheck] tick=85 checksum=208FF7AF
[SyncCheck] tick=86 checksum=D16B0806
[SyncCheck] tick=87 checksum=8246185D
[SyncCheck] tick=88 checksum=332128B4
[SyncCheck] tick=89 checksum=E3FC390B
[SyncCheck] tick=90 checksum=94D74962
[SyncCheck] tick=91 checksum=45B259B9
[SyncCheck] tick=92 checksum=F68D6A10
[SyncCheck] tick=93 checksum=A7687A67
[SyncCheck] tick=94 checksum=58438ABE
[SyncCheck] tick=95 checksum=091E9B15
[SyncCheck] tick=96 checksum=B9F9AB6C
[SyncCheck] tick=97 checksum=6AD4BBC3
[SyncCheck] tick=98 checksum=1BAFCC1A
[SyncCheck] tick=99 checksum=CC8ADC71
[SyncCheck] tick=100 checksum=7D65ECC8
[Phase3A.1 Runtime] PASS far foundation: tick=211, remaining=900, recoveryCommands=0, builderState=MovingToBuild.
[Commander] Goal #1: status=WaitingForConstruction owned=0 queued=1; Construction: building #2 is advancing with villager #0.
[Commander] Goal #1: status=Completed owned=1 queued=0; Barracks construction complete (1/1).
[Phase3A.1 Runtime] PASS far foundation completed normally: tick=1516, recoveryCommands=0.
]]></output>
            </test-case>
            <test-case id="1004" name="Runtime_ImpossibleGoal_DoesNotBlockLaterWoodRequest" fullname="OpenEmpires.Tests.CommanderPhase3A1PlayModeTests.Runtime_ImpossibleGoal_DoesNotBlockLaterWoodRequest" methodname="Runtime_ImpossibleGoal_DoesNotBlockLaterWoodRequest" classname="OpenEmpires.Tests.CommanderPhase3A1PlayModeTests" runstate="Runnable" seed="1805990191" result="Passed" start-time="2026-09-16 14:18:55Z" end-time="2026-09-16 14:18:55Z" duration="0.354914" asserts="0">
              <properties>
                <property name="_JOINTYPE" value="UnityCombinatorial" />
                <property name="retryIteration" value="0" />
                <property name="repeatIteration" value="0" />
              </properties>
              <output><![CDATA[[Commander] Goal #1 submitted: EnsureUnitCount
[Commander] Goal #1: status=Blocked owned=0 queued=0; Maximum population reached (200/200). Cannot increase capacity further.
[Commander] Goal #2 submitted: ResourceAllocation
[SyncCheck] tick=1 checksum=D69D3AEA
[SyncCheck] tick=2 checksum=B0EE2814
[SyncCheck] tick=3 checksum=ACABFC28
[SyncCheck] tick=4 checksum=7996D4BC
[SyncCheck] tick=5 checksum=A67FAA7A
[SyncCheck] tick=6 checksum=C41059D7
[SyncCheck] tick=7 checksum=5A3D1E53
[SyncCheck] tick=8 checksum=65F63AD4
[SyncCheck] tick=9 checksum=3D7E8C97
[SyncCheck] tick=10 checksum=0757F290
[SyncCheck] tick=11 checksum=3667A265
[SyncCheck] tick=12 checksum=6C313A88
[SyncCheck] tick=13 checksum=DDADA3BA
[SyncCheck] tick=14 checksum=707D1528
[SyncCheck] tick=15 checksum=584EF446
[Commander] Goal #2: status=WaitingForResources owned=0 queued=0; Assigning at least 1 villagers to Wood; currently 0. Reassigning villager #0 to Wood node #0.
[SyncCheck] tick=16 checksum=06BBC718
[SyncCheck] tick=17 checksum=3105ABCF
[SyncCheck] tick=18 checksum=44E80101
[SyncCheck] tick=19 checksum=854CDFE7
[SyncCheck] tick=20 checksum=D206536D
[SyncCheck] tick=21 checksum=43C58096
[SyncCheck] tick=22 checksum=3F1DAC05
[SyncCheck] tick=23 checksum=B3BAD9DE
[SyncCheck] tick=24 checksum=3A3F4B99
[SyncCheck] tick=25 checksum=50A9A5BE
[SyncCheck] tick=26 checksum=0F86C1B5
[SyncCheck] tick=27 checksum=8FB172A9
[SyncCheck] tick=28 checksum=4342E565
[SyncCheck] tick=29 checksum=6B6A136A
[SyncCheck] tick=30 checksum=B062E9B2
[Commander] Goal #2: status=Completed owned=1 queued=0; 1/1 villagers assigned to Wood.
[SyncCheck] tick=31 checksum=4258506F
[SyncCheck] tick=32 checksum=FC9991B9
[SyncCheck] tick=33 checksum=369B23A1
[SyncCheck] tick=34 checksum=F39355B7
[SyncCheck] tick=35 checksum=2925E96F
[SyncCheck] tick=36 checksum=969EE856
[SyncCheck] tick=37 checksum=6BC442E7
[SyncCheck] tick=38 checksum=A2212590
[SyncCheck] tick=39 checksum=CA172B8A
[SyncCheck] tick=40 checksum=DE23F52B
[SyncCheck] tick=41 checksum=14F31D27
[SyncCheck] tick=42 checksum=41C0380D
[SyncCheck] tick=43 checksum=A3380A7C
[SyncCheck] tick=44 checksum=EFC798E8
[SyncCheck] tick=45 checksum=D3484111
[SyncCheck] tick=46 checksum=9536AFEA
[SyncCheck] tick=47 checksum=3D8D977E
[SyncCheck] tick=48 checksum=7D344BE1
[SyncCheck] tick=49 checksum=C9B029A7
[SyncCheck] tick=50 checksum=029DEA9F
[SyncCheck] tick=51 checksum=958AAD98
[SyncCheck] tick=52 checksum=503B4279
[SyncCheck] tick=53 checksum=99CD4292
[SyncCheck] tick=54 checksum=73C32DDB
[SyncCheck] tick=55 checksum=0BCF2748
[SyncCheck] tick=56 checksum=78C97F05
[SyncCheck] tick=57 checksum=D6976DE1
[SyncCheck] tick=58 checksum=8741CB07
[SyncCheck] tick=59 checksum=DDC85B66
[SyncCheck] tick=60 checksum=A02C55C3
[Phase3A.1 Runtime] PASS blocked queue: tick=60, first=Blocked, wood=Completed, target=0.
]]></output>
            </test-case>
            <test-case id="1002" name="Runtime_VisibleExploredVisible_CommanderPlansAndWorkerMoves" fullname="OpenEmpires.Tests.CommanderPhase3A1PlayModeTests.Runtime_VisibleExploredVisible_CommanderPlansAndWorkerMoves" methodname="Runtime_VisibleExploredVisible_CommanderPlansAndWorkerMoves" classname="OpenEmpires.Tests.CommanderPhase3A1PlayModeTests" runstate="Runnable" seed="1012253066" result="Passed" start-time="2026-09-16 14:18:55Z" end-time="2026-09-16 14:18:56Z" duration="0.272638" asserts="0">
              <properties>
                <property name="_JOINTYPE" value="UnityCombinatorial" />
                <property name="retryIteration" value="0" />
                <property name="repeatIteration" value="0" />
              </properties>
              <output><![CDATA[[Commander] Goal #1 submitted: ResourceAllocation
[Commander] Goal #1: status=WaitingForResources owned=0 queued=0; Assigning at least 1 villagers to Wood; currently 0. Reassigning villager #0 to Wood node #0.
[SyncCheck] tick=1 checksum=4E108C35
[SyncCheck] tick=2 checksum=7901052F
[SyncCheck] tick=3 checksum=7C9FF1A5
[SyncCheck] tick=4 checksum=9FAF1A55
[SyncCheck] tick=5 checksum=E3804900
[SyncCheck] tick=6 checksum=B69A8EE7
[SyncCheck] tick=7 checksum=A9251108
[SyncCheck] tick=8 checksum=BC719924
[SyncCheck] tick=9 checksum=A71ACAFB
[SyncCheck] tick=10 checksum=210D140E
[SyncCheck] tick=11 checksum=03D4F59B
[SyncCheck] tick=12 checksum=BDF980E3
[SyncCheck] tick=13 checksum=07672367
[SyncCheck] tick=14 checksum=28316FA6
[SyncCheck] tick=15 checksum=B1D1545F
[Commander] Goal #1: status=Completed owned=1 queued=0; 1/1 villagers assigned to Wood.
[SyncCheck] tick=16 checksum=CABA5054
[SyncCheck] tick=17 checksum=BAFFF604
[SyncCheck] tick=18 checksum=82A2456F
[SyncCheck] tick=19 checksum=6B069AD5
[SyncCheck] tick=20 checksum=72DB2C75
[SyncCheck] tick=21 checksum=C1E542D2
[SyncCheck] tick=22 checksum=305F9569
[SyncCheck] tick=23 checksum=2E22FF3C
[SyncCheck] tick=24 checksum=034312CA
[SyncCheck] tick=25 checksum=F9252C53
[SyncCheck] tick=26 checksum=C663EF97
[SyncCheck] tick=27 checksum=6AFF5C96
[SyncCheck] tick=28 checksum=E6F77350
[SyncCheck] tick=29 checksum=F238A146
[SyncCheck] tick=30 checksum=D4D678F7
[SyncCheck] tick=31 checksum=46BD67E4
[SyncCheck] tick=32 checksum=9001008C
[SyncCheck] tick=33 checksum=B0A142EF
[SyncCheck] tick=34 checksum=A89E2F0D
[SyncCheck] tick=35 checksum=2FE43267
[SyncCheck] tick=36 checksum=8E86DF7C
[SyncCheck] tick=37 checksum=55FF250B
[SyncCheck] tick=38 checksum=ACC081D6
[SyncCheck] tick=39 checksum=DADE885C
[SyncCheck] tick=40 checksum=E059389D
[SyncCheck] tick=41 checksum=E3A4115B
[SyncCheck] tick=42 checksum=065F2653
[SyncCheck] tick=43 checksum=704FC008
[SyncCheck] tick=44 checksum=F9B095F7
[SyncCheck] tick=45 checksum=125A8322
[SyncCheck] tick=46 checksum=02611A08
[SyncCheck] tick=47 checksum=81B0C82A
[SyncCheck] tick=48 checksum=2070B286
[SyncCheck] tick=49 checksum=4E79B41E
[SyncCheck] tick=50 checksum=0BCBCCF2
[SyncCheck] tick=51 checksum=E88E2200
[SyncCheck] tick=52 checksum=54998E4A
[SyncCheck] tick=53 checksum=BE752311
[SyncCheck] tick=54 checksum=47C0F412
[SyncCheck] tick=55 checksum=6055DC4F
[SyncCheck] tick=56 checksum=50476E47
[SyncCheck] tick=57 checksum=CF82177B
[SyncCheck] tick=58 checksum=26196A6A
[SyncCheck] tick=59 checksum=C2947855
[SyncCheck] tick=60 checksum=366C2FFB
[Phase3A.1 Runtime] PASS explored corridor: tick=60, goal=Completed, worker moved, target=0.
]]></output>
            </test-case>
          </test-suite>
          <test-suite type="TestFixture" id="1005" name="CommanderPhase3BPlayModeTests" fullname="OpenEmpires.Tests.CommanderPhase3BPlayModeTests" classname="OpenEmpires.Tests.CommanderPhase3BPlayModeTests" runstate="Runnable" testcasecount="12" result="Passed" start-time="2026-09-16 14:18:56Z" end-time="2026-09-16 14:19:03Z" duration="7.151393" total="12" passed="12" failed="0" inconclusive="0" skipped="0" asserts="0">
            <properties />
            <test-case id="1017" name="AcceptanceObserverCancelsGoal_TerminalStateIsNotLost" fullname="OpenEmpires.Tests.CommanderPhase3BPlayModeTests.AcceptanceObserverCancelsGoal_TerminalStateIsNotLost" methodname="AcceptanceObserverCancelsGoal_TerminalStateIsNotLost" classname="OpenEmpires.Tests.CommanderPhase3BPlayModeTests" runstate="Runnable" seed="683155532" result="Passed" start-time="2026-09-16 14:18:56Z" end-time="2026-09-16 14:18:56Z" duration="0.776658" asserts="0">
              <properties>
                <property name="_JOINTYPE" value="UnityCombinatorial" />
                <property name="retryIteration" value="0" />
                <property name="repeatIteration" value="0" />
              </properties>
              <output><![CDATA[[Commander] Goal #1 submitted: EnsureUnitCount
[Commander] Goal #1 cancelled.
]]></output>
            </test-case>
            <test-case id="1014" name="AsyncResult_StillPassesOwnershipValidation" fullname="OpenEmpires.Tests.CommanderPhase3BPlayModeTests.AsyncResult_StillPassesOwnershipValidation" methodname="AsyncResult_StillPassesOwnershipValidation" classname="OpenEmpires.Tests.CommanderPhase3BPlayModeTests" runstate="Runnable" seed="779808208" result="Passed" start-time="2026-09-16 14:18:56Z" end-time="2026-09-16 14:18:57Z" duration="0.252172" asserts="0">
              <properties>
                <property name="_JOINTYPE" value="UnityCombinatorial" />
                <property name="retryIteration" value="0" />
                <property name="repeatIteration" value="0" />
              </properties>
            </test-case>
            <test-case id="1012" name="CancellationAtResolvingCreatesNoGoal_AndRetryWorks" fullname="OpenEmpires.Tests.CommanderPhase3BPlayModeTests.CancellationAtResolvingCreatesNoGoal_AndRetryWorks" methodname="CancellationAtResolvingCreatesNoGoal_AndRetryWorks" classname="OpenEmpires.Tests.CommanderPhase3BPlayModeTests" runstate="Runnable" seed="1948665686" result="Passed" start-time="2026-09-16 14:18:57Z" end-time="2026-09-16 14:18:58Z" duration="1.257332" asserts="0">
              <properties>
                <property name="_JOINTYPE" value="UnityCombinatorial" />
                <property name="retryIteration" value="0" />
                <property name="repeatIteration" value="0" />
              </properties>
              <output><![CDATA[[Commander] Goal #1 submitted: EnsureUnitCount
]]></output>
            </test-case>
            <test-case id="1011" name="CancelledState_DisposeAndLateProviderResponse" fullname="OpenEmpires.Tests.CommanderPhase3BPlayModeTests.CancelledState_DisposeAndLateProviderResponse" methodname="CancelledState_DisposeAndLateProviderResponse" classname="OpenEmpires.Tests.CommanderPhase3BPlayModeTests" runstate="Runnable" seed="1702239283" result="Passed" start-time="2026-09-16 14:18:58Z" end-time="2026-09-16 14:18:58Z" duration="0.259897" asserts="0">
              <properties>
                <property name="_JOINTYPE" value="UnityCombinatorial" />
                <property name="retryIteration" value="0" />
                <property name="repeatIteration" value="0" />
              </properties>
            </test-case>
            <test-case id="1015" name="Demo_Make10Spearmen_AsyncDtoToNormalCommandExecution" fullname="OpenEmpires.Tests.CommanderPhase3BPlayModeTests.Demo_Make10Spearmen_AsyncDtoToNormalCommandExecution" methodname="Demo_Make10Spearmen_AsyncDtoToNormalCommandExecution" classname="OpenEmpires.Tests.CommanderPhase3BPlayModeTests" runstate="Runnable" seed="1039212884" result="Passed" start-time="2026-09-16 14:18:58Z" end-time="2026-09-16 14:18:59Z" duration="1.236957" asserts="0">
              <properties>
                <property name="_JOINTYPE" value="UnityCombinatorial" />
                <property name="retryIteration" value="0" />
                <property name="repeatIteration" value="0" />
              </properties>
              <output><![CDATA[[Commander] Goal #1 submitted: EnsureUnitCount
[Commander] Goal #1: status=Executing owned=0 queued=0; Queueing Spearman at Barracks #2.
[SyncCheck] tick=1 checksum=03480817
[SyncCheck] tick=2 checksum=3D5FAC97
[SyncCheck] tick=3 checksum=77775117
[SyncCheck] tick=4 checksum=B18EF597
[SyncCheck] tick=5 checksum=EBA69A17
[SyncCheck] tick=6 checksum=25BE3E97
[SyncCheck] tick=7 checksum=5FD5E317
[SyncCheck] tick=8 checksum=99ED8797
[SyncCheck] tick=9 checksum=D4052C17
[SyncCheck] tick=10 checksum=0E1CD097
[SyncCheck] tick=11 checksum=48347517
[SyncCheck] tick=12 checksum=824C1997
[SyncCheck] tick=13 checksum=BC63BE17
[SyncCheck] tick=14 checksum=F67B6297
[SyncCheck] tick=15 checksum=30930717
[Commander] Goal #1: status=Executing owned=0 queued=1; Queueing Spearman at Barracks #2.
[SyncCheck] tick=16 checksum=2BDD55B9
[SyncCheck] tick=17 checksum=34BA4139
[SyncCheck] tick=18 checksum=3D972CB9
[SyncCheck] tick=19 checksum=46741839
[SyncCheck] tick=20 checksum=4F5103B9
[SyncCheck] tick=21 checksum=582DEF39
[SyncCheck] tick=22 checksum=610ADAB9
[SyncCheck] tick=23 checksum=69E7C639
[SyncCheck] tick=24 checksum=72C4B1B9
[SyncCheck] tick=25 checksum=7BA19D39
[SyncCheck] tick=26 checksum=847E88B9
[SyncCheck] tick=27 checksum=8D5B7439
[SyncCheck] tick=28 checksum=96385FB9
[SyncCheck] tick=29 checksum=9F154B39
[SyncCheck] tick=30 checksum=A7F236B9
[Commander] Goal #1: status=Executing owned=0 queued=2; Queueing Spearman at Barracks #2.
[SyncCheck] tick=31 checksum=FDEA1625
[SyncCheck] tick=32 checksum=10AA9AA5
[SyncCheck] tick=33 checksum=236B1F25
[SyncCheck] tick=34 checksum=362BA3A5
[SyncCheck] tick=35 checksum=48EC2825
[SyncCheck] tick=36 checksum=5BACACA5
[SyncCheck] tick=37 checksum=6E6D3125
[SyncCheck] tick=38 checksum=812DB5A5
[SyncCheck] tick=39 checksum=93EE3A25
[SyncCheck] tick=40 checksum=A6AEBEA5
[SyncCheck] tick=41 checksum=B96F4325
[SyncCheck] tick=42 checksum=CC2FC7A5
[SyncCheck] tick=43 checksum=DEF04C25
[SyncCheck] tick=44 checksum=F1B0D0A5
[SyncCheck] tick=45 checksum=04715525
[Commander] Goal #1: status=WaitingForProduction owned=0 queued=3; All compatible production queues are at Commander limit 3.
[SyncCheck] tick=46 checksum=1731D9A5
[SyncCheck] tick=47 checksum=29F25E25
[SyncCheck] tick=48 checksum=3CB2E2A5
[SyncCheck] tick=49 checksum=4F736725
[SyncCheck] tick=50 checksum=6233EBA5
[SyncCheck] tick=51 checksum=74F47025
[SyncCheck] tick=52 checksum=87B4F4A5
[SyncCheck] tick=53 checksum=9A757925
[SyncCheck] tick=54 checksum=AD35FDA5
[SyncCheck] tick=55 checksum=BFF68225
[SyncCheck] tick=56 checksum=D2B706A5
[SyncCheck] tick=57 checksum=E5778B25
[SyncCheck] tick=58 checksum=F8380FA5
[SyncCheck] tick=59 checksum=0AF89425
[SyncCheck] tick=60 checksum=1DB918A5
[SyncCheck] tick=61 checksum=30799D25
[SyncCheck] tick=62 checksum=433A21A5
[SyncCheck] tick=63 checksum=55FAA625
[SyncCheck] tick=64 checksum=68BB2AA5
[SyncCheck] tick=65 checksum=7B7BAF25
[SyncCheck] tick=66 checksum=8E3C33A5
[SyncCheck] tick=67 checksum=A0FCB825
[SyncCheck] tick=68 checksum=B3BD3CA5
[SyncCheck] tick=69 checksum=C67DC125
[SyncCheck] tick=70 checksum=D93E45A5
[SyncCheck] tick=71 checksum=EBFECA25
[SyncCheck] tick=72 checksum=FEBF4EA5
[SyncCheck] tick=73 checksum=117FD325
[SyncCheck] tick=74 checksum=244057A5
[SyncCheck] tick=75 checksum=3700DC25
[SyncCheck] tick=76 checksum=49C160A5
[SyncCheck] tick=77 checksum=5C81E525
[SyncCheck] tick=78 checksum=6F4269A5
[SyncCheck] tick=79 checksum=8202EE25
[SyncCheck] tick=80 checksum=94C372A5
[SyncCheck] tick=81 checksum=A783F725
[SyncCheck] tick=82 checksum=BA447BA5
[SyncCheck] tick=83 checksum=CD050025
[SyncCheck] tick=84 checksum=DFC584A5
[SyncCheck] tick=85 checksum=F2860925
[SyncCheck] tick=86 checksum=05468DA5
[SyncCheck] tick=87 checksum=18071225
[SyncCheck] tick=88 checksum=2AC796A5
[SyncCheck] tick=89 checksum=3D881B25
[SyncCheck] tick=90 checksum=50489FA5
[SyncCheck] tick=91 checksum=63092425
[SyncCheck] tick=92 checksum=75C9A8A5
[SyncCheck] tick=93 checksum=888A2D25
[SyncCheck] tick=94 checksum=9B4AB1A5
[SyncCheck] tick=95 checksum=AE0B3625
[SyncCheck] tick=96 checksum=C0CBBAA5
[SyncCheck] tick=97 checksum=D38C3F25
[SyncCheck] tick=98 checksum=E64CC3A5
[SyncCheck] tick=99 checksum=F90D4825
[SyncCheck] tick=100 checksum=0BCDCCA5
[Commander] Goal #1: status=Executing owned=1 queued=2; Queueing Spearman at Barracks #2.
[Commander] Goal #1: status=WaitingForProduction owned=1 queued=3; All compatible production queues are at Commander limit 3.
[Commander] Goal #1: status=Executing owned=2 queued=2; Queueing Spearman at Barracks #2.
[Commander] Goal #1: status=WaitingForProduction owned=2 queued=3; All compatible production queues are at Commander limit 3.
[Commander] Goal #1: status=Executing owned=3 queued=2; Queueing Spearman at Barracks #2.
[Commander] Goal #1: status=WaitingForProduction owned=3 queued=3; All compatible production queues are at Commander limit 3.
[Commander] Goal #1: status=Executing owned=4 queued=2; Queueing Spearman at Barracks #2.
[Commander] Goal #1: status=WaitingForProduction owned=4 queued=3; All compatible production queues are at Commander limit 3.
[Commander] Goal #1: status=Executing owned=5 queued=2; Queueing Spearman at Barracks #2.
[Commander] Goal #1: status=WaitingForProduction owned=5 queued=3; All compatible production queues are at Commander limit 3.
[Commander] Goal #1: status=Executing owned=6 queued=2; Queueing Spearman at Barracks #2.
[Commander] Goal #1: status=WaitingForProduction owned=6 queued=3; All compatible production queues are at Commander limit 3.
[Commander] Goal #1: status=Executing owned=7 queued=2; Queueing Spearman at Barracks #2.
[Commander] Goal #1: status=WaitingForProduction owned=7 queued=3; Owned 7, queued 3, target 10.
[Commander] Goal #1: status=WaitingForProduction owned=8 queued=2; Owned 8, queued 2, target 10.
[Commander] Goal #1: status=WaitingForProduction owned=9 queued=1; Owned 9, queued 1, target 10.
[Commander] Goal #1: status=Completed owned=10 queued=0; Owned 10/10 living units.
[Phase3B Runtime] PASS make 10 spearmen: text -> delayed mock -> JSON DTO -> validated intent -> goal -> 10 normal TrainUnitCommands -> 10 live spearmen; tick=3001; state=Completed.
]]></output>
            </test-case>
            <test-case id="1010" name="FailedState_ProviderExceptionAndTimeout" fullname="OpenEmpires.Tests.CommanderPhase3BPlayModeTests.FailedState_ProviderExceptionAndTimeout" methodname="FailedState_ProviderExceptionAndTimeout" classname="OpenEmpires.Tests.CommanderPhase3BPlayModeTests" runstate="Runnable" seed="202861107" result="Passed" start-time="2026-09-16 14:18:59Z" end-time="2026-09-16 14:19:00Z" duration="0.309618" asserts="0">
              <properties>
                <property name="_JOINTYPE" value="UnityCombinatorial" />
                <property name="retryIteration" value="0" />
                <property name="repeatIteration" value="0" />
              </properties>
            </test-case>
            <test-case id="1007" name="Interpreter_CancellationStopsSubmission" fullname="OpenEmpires.Tests.CommanderPhase3BPlayModeTests.Interpreter_CancellationStopsSubmission" methodname="Interpreter_CancellationStopsSubmission" classname="OpenEmpires.Tests.CommanderPhase3BPlayModeTests" runstate="Runnable" seed="1305355803" result="Passed" start-time="2026-09-16 14:19:00Z" end-time="2026-09-16 14:19:00Z" duration="0.248358" asserts="0">
              <properties>
                <property name="_JOINTYPE" value="UnityCombinatorial" />
                <property name="retryIteration" value="0" />
                <property name="repeatIteration" value="0" />
              </properties>
            </test-case>
            <test-case id="1006" name="Interpreter_DoesNotBlockSimulation" fullname="OpenEmpires.Tests.CommanderPhase3BPlayModeTests.Interpreter_DoesNotBlockSimulation" methodname="Interpreter_DoesNotBlockSimulation" classname="OpenEmpires.Tests.CommanderPhase3BPlayModeTests" runstate="Runnable" seed="1137344595" result="Passed" start-time="2026-09-16 14:19:00Z" end-time="2026-09-16 14:19:01Z" duration="0.749283" asserts="0">
              <properties>
                <property name="_JOINTYPE" value="UnityCombinatorial" />
                <property name="retryIteration" value="0" />
                <property name="repeatIteration" value="0" />
              </properties>
              <output><![CDATA[[SyncCheck] tick=1 checksum=DB72C594
[SyncCheck] tick=2 checksum=F58E4433
[SyncCheck] tick=3 checksum=0FA9C2D2
[SyncCheck] tick=4 checksum=29C54171
[SyncCheck] tick=5 checksum=43E0C010
[SyncCheck] tick=6 checksum=5DFC3EAF
[SyncCheck] tick=7 checksum=7817BD4E
[SyncCheck] tick=8 checksum=92333BED
[SyncCheck] tick=9 checksum=AC4EBA8C
[SyncCheck] tick=10 checksum=C66A392B
[SyncCheck] tick=11 checksum=E085B7CA
[SyncCheck] tick=12 checksum=FAA13669
[SyncCheck] tick=13 checksum=14BCB508
[SyncCheck] tick=14 checksum=2ED833A7
[SyncCheck] tick=15 checksum=48F3B246
[SyncCheck] tick=16 checksum=630F30E5
[SyncCheck] tick=17 checksum=7D2AAF84
[SyncCheck] tick=18 checksum=97462E23
[SyncCheck] tick=19 checksum=B161ACC2
[SyncCheck] tick=20 checksum=CB7D2B61
[SyncCheck] tick=21 checksum=E598AA00
[SyncCheck] tick=22 checksum=FFB4289F
[SyncCheck] tick=23 checksum=19CFA73E
[SyncCheck] tick=24 checksum=33EB25DD
[SyncCheck] tick=25 checksum=4E06A47C
[SyncCheck] tick=26 checksum=6822231B
[SyncCheck] tick=27 checksum=823DA1BA
[SyncCheck] tick=28 checksum=9C592059
[SyncCheck] tick=29 checksum=B6749EF8
[SyncCheck] tick=30 checksum=D0901D97
[SyncCheck] tick=31 checksum=EAAB9C36
[SyncCheck] tick=32 checksum=04C71AD5
[SyncCheck] tick=33 checksum=1EE29974
[SyncCheck] tick=34 checksum=38FE1813
[SyncCheck] tick=35 checksum=531996B2
[SyncCheck] tick=36 checksum=6D351551
[SyncCheck] tick=37 checksum=875093F0
[SyncCheck] tick=38 checksum=A16C128F
[SyncCheck] tick=39 checksum=BB87912E
[SyncCheck] tick=40 checksum=D5A30FCD
[SyncCheck] tick=41 checksum=EFBE8E6C
[SyncCheck] tick=42 checksum=09DA0D0B
[SyncCheck] tick=43 checksum=23F58BAA
[SyncCheck] tick=44 checksum=3E110A49
[SyncCheck] tick=45 checksum=582C88E8
[SyncCheck] tick=46 checksum=72480787
[SyncCheck] tick=47 checksum=8C638626
[SyncCheck] tick=48 checksum=A67F04C5
[SyncCheck] tick=49 checksum=C09A8364
[SyncCheck] tick=50 checksum=DAB60203
[SyncCheck] tick=51 checksum=F4D180A2
[SyncCheck] tick=52 checksum=0EECFF41
[SyncCheck] tick=53 checksum=29087DE0
[SyncCheck] tick=54 checksum=4323FC7F
[SyncCheck] tick=55 checksum=5D3F7B1E
[SyncCheck] tick=56 checksum=775AF9BD
[SyncCheck] tick=57 checksum=9176785C
[SyncCheck] tick=58 checksum=AB91F6FB
[SyncCheck] tick=59 checksum=C5AD759A
[SyncCheck] tick=60 checksum=DFC8F439
[SyncCheck] tick=61 checksum=F9E472D8
[SyncCheck] tick=62 checksum=13FFF177
[SyncCheck] tick=63 checksum=2E1B7016
[SyncCheck] tick=64 checksum=4836EEB5
[SyncCheck] tick=65 checksum=62526D54
[SyncCheck] tick=66 checksum=7C6DEBF3
[SyncCheck] tick=67 checksum=96896A92
[SyncCheck] tick=68 checksum=B0A4E931
[SyncCheck] tick=69 checksum=CAC067D0
[SyncCheck] tick=70 checksum=E4DBE66F
[SyncCheck] tick=71 checksum=FEF7650E
[SyncCheck] tick=72 checksum=1912E3AD
[SyncCheck] tick=73 checksum=332E624C
[SyncCheck] tick=74 checksum=4D49E0EB
[SyncCheck] tick=75 checksum=67655F8A
[SyncCheck] tick=76 checksum=8180DE29
[SyncCheck] tick=77 checksum=9B9C5CC8
[SyncCheck] tick=78 checksum=B5B7DB67
[SyncCheck] tick=79 checksum=CFD35A06
[SyncCheck] tick=80 checksum=E9EED8A5
[SyncCheck] tick=81 checksum=040A5744
[SyncCheck] tick=82 checksum=1E25D5E3
[SyncCheck] tick=83 checksum=38415482
[SyncCheck] tick=84 checksum=525CD321
[SyncCheck] tick=85 checksum=6C7851C0
[SyncCheck] tick=86 checksum=8693D05F
[SyncCheck] tick=87 checksum=A0AF4EFE
[SyncCheck] tick=88 checksum=BACACD9D
[SyncCheck] tick=89 checksum=D4E64C3C
[SyncCheck] tick=90 checksum=EF01CADB
[SyncCheck] tick=91 checksum=091D497A
[SyncCheck] tick=92 checksum=2338C819
[SyncCheck] tick=93 checksum=3D5446B8
[SyncCheck] tick=94 checksum=576FC557
[SyncCheck] tick=95 checksum=718B43F6
[SyncCheck] tick=96 checksum=8BA6C295
[SyncCheck] tick=97 checksum=A5C24134
[SyncCheck] tick=98 checksum=BFDDBFD3
[SyncCheck] tick=99 checksum=D9F93E72
[SyncCheck] tick=100 checksum=F414BD11
[Commander] Goal #1 submitted: EnsureUnitCount
[Phase3B Runtime] Nonblocking mock: frames=314, simulationTicks=314, elapsedMs=503.
]]></output>
            </test-case>
            <test-case id="1008" name="Interpreter_InvalidResponseFailsSafely" fullname="OpenEmpires.Tests.CommanderPhase3BPlayModeTests.Interpreter_InvalidResponseFailsSafely" methodname="Interpreter_InvalidResponseFailsSafely" classname="OpenEmpires.Tests.CommanderPhase3BPlayModeTests" runstate="Runnable" seed="1819953763" result="Passed" start-time="2026-09-16 14:19:01Z" end-time="2026-09-16 14:19:02Z" duration="0.748229" asserts="0">
              <properties>
                <property name="_JOINTYPE" value="UnityCombinatorial" />
                <property name="retryIteration" value="0" />
                <property name="repeatIteration" value="0" />
              </properties>
            </test-case>
            <test-case id="1016" name="ObserverAndCancellationCallbackFailures_DoNotChangeCommittedSubmission" fullname="OpenEmpires.Tests.CommanderPhase3BPlayModeTests.ObserverAndCancellationCallbackFailures_DoNotChangeCommittedSubmission" methodname="ObserverAndCancellationCallbackFailures_DoNotChangeCommittedSubmission" classname="OpenEmpires.Tests.CommanderPhase3BPlayModeTests" runstate="Runnable" seed="1804266795" result="Passed" start-time="2026-09-16 14:19:02Z" end-time="2026-09-16 14:19:02Z" duration="0.256902" asserts="0">
              <properties>
                <property name="_JOINTYPE" value="UnityCombinatorial" />
                <property name="retryIteration" value="0" />
                <property name="repeatIteration" value="0" />
              </properties>
              <output><![CDATA[[Commander] Goal #1 submitted: EnsureUnitCount
[Commander] Notification callback failed: OperationCanceledException
[Commander] Notification callback failed: InvalidOperationException
[Commander] Provider cancellation callback failed; submission cleanup continues.
[Commander] Goal #2 submitted: EnsureUnitCount
[Commander] Notification callback failed: OperationCanceledException
[Commander] Notification callback failed: InvalidOperationException
[Commander] Provider cancellation callback failed; submission cleanup continues.
]]></output>
            </test-case>
            <test-case id="1013" name="SingleFlight_OneSnapshot_OneInterpretation_NoTickInvocations" fullname="OpenEmpires.Tests.CommanderPhase3BPlayModeTests.SingleFlight_OneSnapshot_OneInterpretation_NoTickInvocations" methodname="SingleFlight_OneSnapshot_OneInterpretation_NoTickInvocations" classname="OpenEmpires.Tests.CommanderPhase3BPlayModeTests" runstate="Runnable" seed="969451457" result="Passed" start-time="2026-09-16 14:19:02Z" end-time="2026-09-16 14:19:02Z" duration="0.297208" asserts="0">
              <properties>
                <property name="_JOINTYPE" value="UnityCombinatorial" />
                <property name="retryIteration" value="0" />
                <property name="repeatIteration" value="0" />
              </properties>
              <output><![CDATA[[SyncCheck] tick=1 checksum=F0516D7B
[SyncCheck] tick=2 checksum=0A6CEC1A
[SyncCheck] tick=3 checksum=24886AB9
[SyncCheck] tick=4 checksum=3EA3E958
[SyncCheck] tick=5 checksum=58BF67F7
[SyncCheck] tick=6 checksum=72DAE696
[SyncCheck] tick=7 checksum=8CF66535
[SyncCheck] tick=8 checksum=A711E3D4
[SyncCheck] tick=9 checksum=C12D6273
[SyncCheck] tick=10 checksum=DB48E112
[Commander] Goal #1 submitted: EnsureUnitCount
[SyncCheck] tick=11 checksum=F5645FB1
[SyncCheck] tick=12 checksum=0F7FDE50
[SyncCheck] tick=13 checksum=299B5CEF
[SyncCheck] tick=14 checksum=43B6DB8E
[SyncCheck] tick=15 checksum=5DD25A2D
[Commander] Goal #1: status=Blocked owned=0 queued=0; Need 150 wood for Barracks; have 0. No eligible owned villager is available.
[SyncCheck] tick=16 checksum=77EDD8CC
[SyncCheck] tick=17 checksum=9209576B
[SyncCheck] tick=18 checksum=AC24D60A
[SyncCheck] tick=19 checksum=C64054A9
[SyncCheck] tick=20 checksum=E05BD348
]]></output>
            </test-case>
            <test-case id="1009" name="SubmittingState_WaitingState_ResolvingState_ExecutingState_CompletedState" fullname="OpenEmpires.Tests.CommanderPhase3BPlayModeTests.SubmittingState_WaitingState_ResolvingState_ExecutingState_CompletedState" methodname="SubmittingState_WaitingState_ResolvingState_ExecutingState_CompletedState" classname="OpenEmpires.Tests.CommanderPhase3BPlayModeTests" runstate="Runnable" seed="1629095769" result="Passed" start-time="2026-09-16 14:19:02Z" end-time="2026-09-16 14:19:03Z" duration="0.754354" asserts="0">
              <properties>
                <property name="_JOINTYPE" value="UnityCombinatorial" />
                <property name="retryIteration" value="0" />
                <property name="repeatIteration" value="0" />
              </properties>
              <output><![CDATA[[Commander] Goal #1 submitted: EnsureUnitCount
[Commander] Goal #1: status=Completed owned=10 queued=0; Owned 10/10 living units.
]]></output>
            </test-case>
          </test-suite>
          <test-suite type="TestFixture" id="1018" name="CommanderPhase3C1StrategicPlanPlayModeTests" fullname="OpenEmpires.Tests.CommanderPhase3C1StrategicPlanPlayModeTests" classname="OpenEmpires.Tests.CommanderPhase3C1StrategicPlanPlayModeTests" runstate="Runnable" testcasecount="2" result="Passed" start-time="2026-09-16 14:19:03Z" end-time="2026-09-16 14:19:03Z" duration="0.544806" total="2" passed="2" failed="0" inconclusive="0" skipped="0" asserts="0">
            <properties />
            <test-case id="1019" name="Runtime_CavalryPressurePlan_AdvancesThroughAllScenarios" fullname="OpenEmpires.Tests.CommanderPhase3C1StrategicPlanPlayModeTests.Runtime_CavalryPressurePlan_AdvancesThroughAllScenarios" methodname="Runtime_CavalryPressurePlan_AdvancesThroughAllScenarios" classname="OpenEmpires.Tests.CommanderPhase3C1StrategicPlanPlayModeTests" runstate="Runnable" seed="144764204" result="Passed" start-time="2026-09-16 14:19:03Z" end-time="2026-09-16 14:19:03Z" duration="0.283079" asserts="0">
              <properties>
                <property name="_JOINTYPE" value="UnityCombinatorial" />
                <property name="retryIteration" value="0" />
                <property name="repeatIteration" value="0" />
              </properties>
              <output><![CDATA[[StrategicPlanner] Strategic intent #1 created: AttackPreparation for player 0.
[StrategicPlanner] Intent #1 selected template 'CavalryPressure' and started plan #1: CavalryPressure.
[StrategicPlanner] Reservation #1 created for plan #1: 840 Food.
[StrategicPlanner] Reservation #2 created for plan #1: 600 Gold.
[StrategicPlanner] Plan #1 milestone active: Economic Foundation.
[Commander] Goal #1 submitted: ResourceAllocation
[Commander] Goal #2 submitted: ResourceAllocation
[Commander] Goal #3 submitted: ResourceAllocation
[Phase3C-1 Runtime] PASS Scenario 1: CavalryPressurePlan started; Economic Foundation active with food and gold goals.
[Commander] Goal #1: status=Completed owned=10 queued=0; 10/10 villagers assigned to Food.
[Commander] Goal #2: status=Completed owned=6 queued=0; 6/6 villagers assigned to Gold.
[Commander] Goal #3: status=Completed owned=4 queued=0; 4/4 villagers assigned to Wood.
[StrategicPlanner] Plan #1 milestone completed: Economic Foundation.
[StrategicPlanner] Reservation #1 released for plan #1.
[StrategicPlanner] Reservation #2 released for plan #1.
[StrategicPlanner] Reservation #3 created for plan #1: 150 Wood.
[StrategicPlanner] Plan #1 milestone active: Infrastructure.
[Commander] Goal #4 submitted: BuildStructure
[Commander] Goal #4: status=Executing owned=0 queued=0; Placing Stables at (141,134) with villager #20.
[Phase3C-1 Runtime] PASS Scenario 2: economic goals completed; Infrastructure activated and Stable construction command began.
[Commander] Goal #4: status=Completed owned=1 queued=0; Stables construction complete (1/1).
[StrategicPlanner] Plan #1 milestone completed: Infrastructure.
[StrategicPlanner] Reservation #3 released for plan #1.
[StrategicPlanner] Reservation #4 created for plan #1: 840 Food.
[StrategicPlanner] Reservation #5 created for plan #1: 600 Gold.
[StrategicPlanner] Plan #1 milestone active: Army Preparation.
[Commander] Goal #5 submitted: EnsureUnitCount
[Commander] Goal #5: status=Executing owned=0 queued=0; Queueing Knight at Stables #4.
[Phase3C-1 Runtime] PASS Scenario 3: Stable completed; Army Preparation activated and Knight production command began.
[Commander] Goal #5: status=Completed owned=6 queued=0; Owned 6/6 living units.
[StrategicPlanner] Plan #1 milestone completed: Army Preparation.
[StrategicPlanner] Reservation #4 released for plan #1.
[StrategicPlanner] Reservation #5 released for plan #1.
[StrategicPlanner] Plan #1 milestone active: Ready.
[StrategicPlanner] Plan #1 milestone completed: Ready.
[StrategicPlanner] Plan #1 completed. Cavalry preparation complete.
[Phase3C-1 Runtime] PASS Scenario 4: six Knights ready; Ready milestone and StrategicPlan completed with no orphan tactical goals.
]]></output>
            </test-case>
            <test-case id="1020" name="Runtime_CavalryPressurePlan_ChildFailureStopsPlan" fullname="OpenEmpires.Tests.CommanderPhase3C1StrategicPlanPlayModeTests.Runtime_CavalryPressurePlan_ChildFailureStopsPlan" methodname="Runtime_CavalryPressurePlan_ChildFailureStopsPlan" classname="OpenEmpires.Tests.CommanderPhase3C1StrategicPlanPlayModeTests" runstate="Runnable" seed="1997420607" result="Passed" start-time="2026-09-16 14:19:03Z" end-time="2026-09-16 14:19:03Z" duration="0.259716" asserts="0">
              <properties>
                <property name="_JOINTYPE" value="UnityCombinatorial" />
                <property name="retryIteration" value="0" />
                <property name="repeatIteration" value="0" />
              </properties>
              <output><![CDATA[[StrategicPlanner] Strategic intent #1 created: AttackPreparation for player 0.
[StrategicPlanner] Intent #1 selected template 'CavalryPressure' and started plan #1: CavalryPressure.
[StrategicPlanner] Reservation #1 created for plan #1: 840 Food.
[StrategicPlanner] Reservation #2 created for plan #1: 600 Gold.
[StrategicPlanner] Plan #1 milestone active: Economic Foundation.
[Commander] Goal #1 submitted: ResourceAllocation
[Commander] Goal #2 submitted: ResourceAllocation
[Commander] Goal #3 submitted: ResourceAllocation
[Commander] Goal #1: status=Completed owned=10 queued=0; 10/10 villagers assigned to Food.
[Commander] Goal #2: status=Completed owned=6 queued=0; 6/6 villagers assigned to Gold.
[Commander] Goal #3: status=Completed owned=4 queued=0; 4/4 villagers assigned to Wood.
[StrategicPlanner] Plan #1 milestone completed: Economic Foundation.
[StrategicPlanner] Reservation #1 released for plan #1.
[StrategicPlanner] Reservation #2 released for plan #1.
[StrategicPlanner] Reservation #3 created for plan #1: 150 Wood.
[StrategicPlanner] Plan #1 milestone active: Infrastructure.
[Commander] Goal #4 submitted: BuildStructure
[Commander] Goal #4: status=Executing owned=0 queued=0; Placing Stables at (141,134) with villager #20.
[Commander] Goal #4 failed: Goal exceeded its 36000-tick duration limit.
[StrategicPlanner] Reservation #3 released for plan #1.
[StrategicPlanner] Plan #1 failed: Tactical goal #4 failed: Goal exceeded its 36000-tick duration limit.
[Phase3C-1 Runtime] PASS failure: timed-out Stable child failed Infrastructure and the strategic plan; no later goals were created.
]]></output>
            </test-case>
          </test-suite>
          <test-suite type="TestFixture" id="1021" name="CommanderPhase3C2StrategicResourcePlayModeTests" fullname="OpenEmpires.Tests.CommanderPhase3C2StrategicResourcePlayModeTests" classname="OpenEmpires.Tests.CommanderPhase3C2StrategicResourcePlayModeTests" runstate="Runnable" testcasecount="4" result="Passed" start-time="2026-09-16 14:19:03Z" end-time="2026-09-16 14:19:04Z" duration="1.046657" total="4" passed="4" failed="0" inconclusive="0" skipped="0" asserts="0">
            <properties />
            <test-case id="1023" name="Runtime_PlanCompletion_ReleasesClaims" fullname="OpenEmpires.Tests.CommanderPhase3C2StrategicResourcePlayModeTests.Runtime_PlanCompletion_ReleasesClaims" methodname="Runtime_PlanCompletion_ReleasesClaims" classname="OpenEmpires.Tests.CommanderPhase3C2StrategicResourcePlayModeTests" runstate="Runnable" seed="1109103128" result="Passed" start-time="2026-09-16 14:19:03Z" end-time="2026-09-16 14:19:04Z" duration="0.260241" asserts="0">
              <properties>
                <property name="_JOINTYPE" value="UnityCombinatorial" />
                <property name="retryIteration" value="0" />
                <property name="repeatIteration" value="0" />
              </properties>
              <output><![CDATA[[StrategicPlanner] Strategic intent #1 created: AttackPreparation for player 0.
[StrategicPlanner] Intent #1 selected template 'CavalryPressure' and started plan #1: CavalryPressure.
[StrategicPlanner] Reservation #1 created for plan #1: 840 Food.
[StrategicPlanner] Reservation #2 created for plan #1: 600 Gold.
[StrategicPlanner] Plan #1 milestone active: Economic Foundation.
[Commander] Goal #1 submitted: ResourceAllocation
[Commander] Goal #2 submitted: ResourceAllocation
[Commander] Goal #3 submitted: ResourceAllocation
[Commander] Goal #1: status=Completed owned=10 queued=0; 10/10 villagers assigned to Food.
[Commander] Goal #2: status=Completed owned=6 queued=0; 6/6 villagers assigned to Gold.
[Commander] Goal #3: status=Completed owned=4 queued=0; 4/4 villagers assigned to Wood.
[StrategicPlanner] Plan #1 milestone completed: Economic Foundation.
[StrategicPlanner] Reservation #1 released for plan #1.
[StrategicPlanner] Reservation #2 released for plan #1.
[StrategicPlanner] Reservation #3 created for plan #1: 150 Wood.
[StrategicPlanner] Plan #1 milestone active: Infrastructure.
[Commander] Goal #4 submitted: BuildStructure
[Commander] Goal #4: status=Executing owned=0 queued=0; Placing Stables at (141,134) with villager #20.
[Commander] Goal #4: status=Completed owned=1 queued=0; Stables construction complete (1/1).
[StrategicPlanner] Plan #1 milestone completed: Infrastructure.
[StrategicPlanner] Reservation #3 released for plan #1.
[StrategicPlanner] Reservation #4 created for plan #1: 840 Food.
[StrategicPlanner] Reservation #5 created for plan #1: 600 Gold.
[StrategicPlanner] Plan #1 milestone active: Army Preparation.
[Commander] Goal #5 submitted: EnsureUnitCount
[Commander] Goal #5: status=Executing owned=0 queued=0; Queueing Knight at Stables #4.
[Commander] Goal #5: status=Completed owned=6 queued=0; Owned 6/6 living units.
[StrategicPlanner] Plan #1 milestone completed: Army Preparation.
[StrategicPlanner] Reservation #4 released for plan #1.
[StrategicPlanner] Reservation #5 released for plan #1.
[StrategicPlanner] Plan #1 milestone active: Ready.
[StrategicPlanner] Plan #1 milestone completed: Ready.
[StrategicPlanner] Plan #1 completed. Cavalry preparation complete.
[Phase3C-2 Runtime] PASS Scenario 2: completed CavalryPressurePlan released every strategic reservation.
]]></output>
            </test-case>
            <test-case id="1022" name="Runtime_PlanReservation_CreatesClaims" fullname="OpenEmpires.Tests.CommanderPhase3C2StrategicResourcePlayModeTests.Runtime_PlanReservation_CreatesClaims" methodname="Runtime_PlanReservation_CreatesClaims" classname="OpenEmpires.Tests.CommanderPhase3C2StrategicResourcePlayModeTests" runstate="Runnable" seed="1245781413" result="Passed" start-time="2026-09-16 14:19:04Z" end-time="2026-09-16 14:19:04Z" duration="0.255128" asserts="0">
              <properties>
                <property name="_JOINTYPE" value="UnityCombinatorial" />
                <property name="retryIteration" value="0" />
                <property name="repeatIteration" value="0" />
              </properties>
              <output><![CDATA[[StrategicPlanner] Strategic intent #1 created: AttackPreparation for player 0.
[StrategicPlanner] Intent #1 selected template 'CavalryPressure' and started plan #1: CavalryPressure.
[StrategicPlanner] Reservation #1 created for plan #1: 840 Food.
[StrategicPlanner] Reservation #2 created for plan #1: 600 Gold.
[StrategicPlanner] Plan #1 milestone active: Economic Foundation.
[Commander] Goal #1 submitted: ResourceAllocation
[Commander] Goal #2 submitted: ResourceAllocation
[Commander] Goal #3 submitted: ResourceAllocation
[Phase3C-2 Runtime] PASS Scenario 1: CavalryPressurePlan reserved canonical Food and Gold in its economy milestone.
]]></output>
            </test-case>
            <test-case id="1025" name="Runtime_ReservationConflict_IsDeterministic" fullname="OpenEmpires.Tests.CommanderPhase3C2StrategicResourcePlayModeTests.Runtime_ReservationConflict_IsDeterministic" methodname="Runtime_ReservationConflict_IsDeterministic" classname="OpenEmpires.Tests.CommanderPhase3C2StrategicResourcePlayModeTests" runstate="Runnable" seed="918875723" result="Passed" start-time="2026-09-16 14:19:04Z" end-time="2026-09-16 14:19:04Z" duration="0.269942" asserts="0">
              <properties>
                <property name="_JOINTYPE" value="UnityCombinatorial" />
                <property name="retryIteration" value="0" />
                <property name="repeatIteration" value="0" />
              </properties>
              <output><![CDATA[[StrategicPlanner] Strategic intent #1 created: DefensivePreparation for player 0.
[StrategicPlanner] Intent #1 selected template 'DefensivePreparation' and started plan #1: DefensivePreparation.
[StrategicPlanner] Plan #1 milestone active: Economic Defense.
[Commander] Goal #1 submitted: ResourceAllocation
[Commander] Goal #2 submitted: ResourceAllocation
[StrategicPlanner] Plan #1 milestone completed: Economic Defense.
[StrategicPlanner] Reservation #1 created for plan #1: 150 Wood.
[StrategicPlanner] Plan #1 milestone active: Military Infrastructure.
[Commander] Goal #3 submitted: BuildStructure
[StrategicPlanner] Strategic intent #2 created: DefensivePreparation for player 0.
[StrategicPlanner] Intent #2 selected template 'DefensivePreparation' and started plan #2: DefensivePreparation.
[StrategicPlanner] Plan #2 milestone active: Economic Defense.
[Commander] Goal #4 submitted: ResourceAllocation
[Commander] Goal #5 submitted: ResourceAllocation
[StrategicPlanner] Plan #2 milestone completed: Economic Defense.
[StrategicPlanner] Reservation conflict for Wood: plan #2 requested 150; current 150, reserved 150, available 0; owner: plan #1 (DefensivePreparation), reservation #1.
[StrategicPlanner] Plan #2 milestone waiting for resources: Military Infrastructure.
[Phase3C-2 Runtime] PASS Scenario 4: second plan waited on a deterministic milestone Wood conflict owned by plan #1.
]]></output>
            </test-case>
            <test-case id="1024" name="Runtime_StableFailure_ReleasesClaims" fullname="OpenEmpires.Tests.CommanderPhase3C2StrategicResourcePlayModeTests.Runtime_StableFailure_ReleasesClaims" methodname="Runtime_StableFailure_ReleasesClaims" classname="OpenEmpires.Tests.CommanderPhase3C2StrategicResourcePlayModeTests" runstate="Runnable" seed="429846429" result="Passed" start-time="2026-09-16 14:19:04Z" end-time="2026-09-16 14:19:04Z" duration="0.258428" asserts="0">
              <properties>
                <property name="_JOINTYPE" value="UnityCombinatorial" />
                <property name="retryIteration" value="0" />
                <property name="repeatIteration" value="0" />
              </properties>
              <output><![CDATA[[StrategicPlanner] Strategic intent #1 created: AttackPreparation for player 0.
[StrategicPlanner] Intent #1 selected template 'CavalryPressure' and started plan #1: CavalryPressure.
[StrategicPlanner] Reservation #1 created for plan #1: 840 Food.
[StrategicPlanner] Reservation #2 created for plan #1: 600 Gold.
[StrategicPlanner] Plan #1 milestone active: Economic Foundation.
[Commander] Goal #1 submitted: ResourceAllocation
[Commander] Goal #2 submitted: ResourceAllocation
[Commander] Goal #3 submitted: ResourceAllocation
[Commander] Goal #1: status=Completed owned=10 queued=0; 10/10 villagers assigned to Food.
[Commander] Goal #2: status=Completed owned=6 queued=0; 6/6 villagers assigned to Gold.
[Commander] Goal #3: status=Completed owned=4 queued=0; 4/4 villagers assigned to Wood.
[StrategicPlanner] Plan #1 milestone completed: Economic Foundation.
[StrategicPlanner] Reservation #1 released for plan #1.
[StrategicPlanner] Reservation #2 released for plan #1.
[StrategicPlanner] Reservation #3 created for plan #1: 150 Wood.
[StrategicPlanner] Plan #1 milestone active: Infrastructure.
[Commander] Goal #4 submitted: BuildStructure
[Commander] Goal #4: status=Executing owned=0 queued=0; Placing Stables at (141,134) with villager #20.
[Commander] Goal #4 failed: Goal exceeded its 36000-tick duration limit.
[StrategicPlanner] Reservation #3 released for plan #1.
[StrategicPlanner] Plan #1 failed: Tactical goal #4 failed: Goal exceeded its 36000-tick duration limit.
[Phase3C-2 Runtime] PASS Scenario 3: forced Stable timeout failed the plan and released every strategic reservation.
]]></output>
            </test-case>
          </test-suite>
          <test-suite type="TestFixture" id="1026" name="CommanderPhase3C3StrategicIntentPlayModeTests" fullname="OpenEmpires.Tests.CommanderPhase3C3StrategicIntentPlayModeTests" classname="OpenEmpires.Tests.CommanderPhase3C3StrategicIntentPlayModeTests" runstate="Runnable" testcasecount="3" result="Passed" start-time="2026-09-16 14:19:04Z" end-time="2026-09-16 14:19:05Z" duration="0.817704" total="3" passed="3" failed="0" inconclusive="0" skipped="0" asserts="0">
            <properties />
            <test-case id="1027" name="Runtime_AttackPreparation_SelectsCavalryAndStartsEconomy" fullname="OpenEmpires.Tests.CommanderPhase3C3StrategicIntentPlayModeTests.Runtime_AttackPreparation_SelectsCavalryAndStartsEconomy" methodname="Runtime_AttackPreparation_SelectsCavalryAndStartsEconomy" classname="OpenEmpires.Tests.CommanderPhase3C3StrategicIntentPlayModeTests" runstate="Runnable" seed="448780088" result="Passed" start-time="2026-09-16 14:19:04Z" end-time="2026-09-16 14:19:05Z" duration="0.274906" asserts="0">
              <properties>
                <property name="_JOINTYPE" value="UnityCombinatorial" />
                <property name="retryIteration" value="0" />
                <property name="repeatIteration" value="0" />
              </properties>
              <output><![CDATA[[StrategicPlanner] Strategic intent #1 created: AttackPreparation for player 0.
[StrategicPlanner] Intent #1 selected template 'CavalryPressure' and started plan #1: CavalryPressure.
[StrategicPlanner] Reservation #1 created for plan #1: 840 Food.
[StrategicPlanner] Reservation #2 created for plan #1: 600 Gold.
[StrategicPlanner] Plan #1 milestone active: Economic Foundation.
[Commander] Goal #1 submitted: ResourceAllocation
[Commander] Goal #2 submitted: ResourceAllocation
[Commander] Goal #3 submitted: ResourceAllocation
[Phase3C-3 Runtime] PASS Scenario 1: AttackPreparation intent selected CavalryPressurePlan and began the Economic Foundation milestone through Commander goals.
]]></output>
            </test-case>
            <test-case id="1029" name="Runtime_CavalryIntent_CompletesExistingMilestoneFlow" fullname="OpenEmpires.Tests.CommanderPhase3C3StrategicIntentPlayModeTests.Runtime_CavalryIntent_CompletesExistingMilestoneFlow" methodname="Runtime_CavalryIntent_CompletesExistingMilestoneFlow" classname="OpenEmpires.Tests.CommanderPhase3C3StrategicIntentPlayModeTests" runstate="Runnable" seed="1421378834" result="Passed" start-time="2026-09-16 14:19:05Z" end-time="2026-09-16 14:19:05Z" duration="0.283620" asserts="0">
              <properties>
                <property name="_JOINTYPE" value="UnityCombinatorial" />
                <property name="retryIteration" value="0" />
                <property name="repeatIteration" value="0" />
              </properties>
              <output><![CDATA[[StrategicPlanner] Strategic intent #1 created: AttackPreparation for player 0.
[StrategicPlanner] Intent #1 selected template 'CavalryPressure' and started plan #1: CavalryPressure.
[StrategicPlanner] Reservation #1 created for plan #1: 840 Food.
[StrategicPlanner] Reservation #2 created for plan #1: 600 Gold.
[StrategicPlanner] Plan #1 milestone active: Economic Foundation.
[Commander] Goal #1 submitted: ResourceAllocation
[Commander] Goal #2 submitted: ResourceAllocation
[Commander] Goal #3 submitted: ResourceAllocation
[Commander] Goal #1: status=Completed owned=10 queued=0; 10/10 villagers assigned to Food.
[Commander] Goal #2: status=Completed owned=6 queued=0; 6/6 villagers assigned to Gold.
[Commander] Goal #3: status=Completed owned=4 queued=0; 4/4 villagers assigned to Wood.
[StrategicPlanner] Plan #1 milestone completed: Economic Foundation.
[StrategicPlanner] Reservation #1 released for plan #1.
[StrategicPlanner] Reservation #2 released for plan #1.
[StrategicPlanner] Reservation #3 created for plan #1: 150 Wood.
[StrategicPlanner] Plan #1 milestone active: Infrastructure.
[Commander] Goal #4 submitted: BuildStructure
[Commander] Goal #4: status=Executing owned=0 queued=0; Placing Stables at (141,134) with villager #20.
[Commander] Goal #4: status=Completed owned=1 queued=0; Stables construction complete (1/1).
[StrategicPlanner] Plan #1 milestone completed: Infrastructure.
[StrategicPlanner] Reservation #3 released for plan #1.
[StrategicPlanner] Reservation #4 created for plan #1: 840 Food.
[StrategicPlanner] Reservation #5 created for plan #1: 600 Gold.
[StrategicPlanner] Plan #1 milestone active: Army Preparation.
[Commander] Goal #5 submitted: EnsureUnitCount
[Commander] Goal #5: status=Executing owned=0 queued=0; Queueing Knight at Stables #4.
[Commander] Goal #5: status=Completed owned=6 queued=0; Owned 6/6 living units.
[StrategicPlanner] Plan #1 milestone completed: Army Preparation.
[StrategicPlanner] Reservation #4 released for plan #1.
[StrategicPlanner] Reservation #5 released for plan #1.
[StrategicPlanner] Plan #1 milestone active: Ready.
[StrategicPlanner] Plan #1 milestone completed: Ready.
[StrategicPlanner] Plan #1 completed. Cavalry preparation complete.
[Phase3C-3 Runtime] PASS Scenario 3: intent-created CavalryPressurePlan completed the unchanged economy, Stable, Knights, and Ready milestone flow.
]]></output>
            </test-case>
            <test-case id="1028" name="Runtime_UnknownObjective_IsRejectedWithoutPlan" fullname="OpenEmpires.Tests.CommanderPhase3C3StrategicIntentPlayModeTests.Runtime_UnknownObjective_IsRejectedWithoutPlan" methodname="Runtime_UnknownObjective_IsRejectedWithoutPlan" classname="OpenEmpires.Tests.CommanderPhase3C3StrategicIntentPlayModeTests" runstate="Runnable" seed="620648333" result="Passed" start-time="2026-09-16 14:19:05Z" end-time="2026-09-16 14:19:05Z" duration="0.251338" asserts="0">
              <properties>
                <property name="_JOINTYPE" value="UnityCombinatorial" />
                <property name="retryIteration" value="0" />
                <property name="repeatIteration" value="0" />
              </properties>
              <output><![CDATA[[StrategicPlanner] Strategic intent rejected: The strategic objective type is not recognized.
[Phase3C-3 Runtime] PASS Scenario 2: unknown strategic objective was rejected; no plan or Commander goal was created.
]]></output>
            </test-case>
          </test-suite>
          <test-suite type="TestFixture" id="1030" name="CommanderPhase3C4StrategicEvaluationPlayModeTests" fullname="OpenEmpires.Tests.CommanderPhase3C4StrategicEvaluationPlayModeTests" classname="OpenEmpires.Tests.CommanderPhase3C4StrategicEvaluationPlayModeTests" runstate="Runnable" testcasecount="4" result="Passed" start-time="2026-09-16 14:19:05Z" end-time="2026-09-16 14:19:06Z" duration="1.026824" total="4" passed="4" failed="0" inconclusive="0" skipped="0" asserts="0">
            <properties />
            <test-case id="1034" name="Runtime_HiddenArmy_DoesNotAffectRecommendations" fullname="OpenEmpires.Tests.CommanderPhase3C4StrategicEvaluationPlayModeTests.Runtime_HiddenArmy_DoesNotAffectRecommendations" methodname="Runtime_HiddenArmy_DoesNotAffectRecommendations" classname="OpenEmpires.Tests.CommanderPhase3C4StrategicEvaluationPlayModeTests" runstate="Runnable" seed="435088699" result="Passed" start-time="2026-09-16 14:19:05Z" end-time="2026-09-16 14:19:06Z" duration="0.258074" asserts="0">
              <properties>
                <property name="_JOINTYPE" value="UnityCombinatorial" />
                <property name="retryIteration" value="0" />
                <property name="repeatIteration" value="0" />
              </properties>
              <output><![CDATA[[Phase3C-4 Runtime] PASS Scenario 4: hidden enemy military changes did not alter recommendations or create a defensive recommendation.
]]></output>
            </test-case>
            <test-case id="1032" name="Runtime_LowEconomy_RecommendsExpansion" fullname="OpenEmpires.Tests.CommanderPhase3C4StrategicEvaluationPlayModeTests.Runtime_LowEconomy_RecommendsExpansion" methodname="Runtime_LowEconomy_RecommendsExpansion" classname="OpenEmpires.Tests.CommanderPhase3C4StrategicEvaluationPlayModeTests" runstate="Runnable" seed="1463137841" result="Passed" start-time="2026-09-16 14:19:06Z" end-time="2026-09-16 14:19:06Z" duration="0.249058" asserts="0">
              <properties>
                <property name="_JOINTYPE" value="UnityCombinatorial" />
                <property name="retryIteration" value="0" />
                <property name="repeatIteration" value="0" />
              </properties>
              <output><![CDATA[[Phase3C-4 Runtime] PASS Scenario 2: low worker allocation with available population produced an EconomicExpansion recommendation.
]]></output>
            </test-case>
            <test-case id="1033" name="Runtime_StrongArmy_RecommendsAttackPreparation" fullname="OpenEmpires.Tests.CommanderPhase3C4StrategicEvaluationPlayModeTests.Runtime_StrongArmy_RecommendsAttackPreparation" methodname="Runtime_StrongArmy_RecommendsAttackPreparation" classname="OpenEmpires.Tests.CommanderPhase3C4StrategicEvaluationPlayModeTests" runstate="Runnable" seed="49844192" result="Passed" start-time="2026-09-16 14:19:06Z" end-time="2026-09-16 14:19:06Z" duration="0.256056" asserts="0">
              <properties>
                <property name="_JOINTYPE" value="UnityCombinatorial" />
                <property name="retryIteration" value="0" />
                <property name="repeatIteration" value="0" />
              </properties>
              <output><![CDATA[[Phase3C-4 Runtime] PASS Scenario 3: a strong owned army with sufficient visible economy produced an AttackPreparation recommendation.
]]></output>
            </test-case>
            <test-case id="1031" name="Runtime_VisibleThreat_RecommendsDefenseWithoutPlan" fullname="OpenEmpires.Tests.CommanderPhase3C4StrategicEvaluationPlayModeTests.Runtime_VisibleThreat_RecommendsDefenseWithoutPlan" methodname="Runtime_VisibleThreat_RecommendsDefenseWithoutPlan" classname="OpenEmpires.Tests.CommanderPhase3C4StrategicEvaluationPlayModeTests" runstate="Runnable" seed="268596351" result="Passed" start-time="2026-09-16 14:19:06Z" end-time="2026-09-16 14:19:06Z" duration="0.260818" asserts="0">
              <properties>
                <property name="_JOINTYPE" value="UnityCombinatorial" />
                <property name="retryIteration" value="0" />
                <property name="repeatIteration" value="0" />
              </properties>
              <output><![CDATA[[Phase3C-4 Runtime] PASS Scenario 1: a visible enemy threat with weak defense produced a DefensivePreparation recommendation and no plan.
]]></output>
            </test-case>
          </test-suite>
          <test-suite type="TestFixture" id="1035" name="CommanderPhase3C5StrategicDecisionPlayModeTests" fullname="OpenEmpires.Tests.CommanderPhase3C5StrategicDecisionPlayModeTests" classname="OpenEmpires.Tests.CommanderPhase3C5StrategicDecisionPlayModeTests" runstate="Runnable" testcasecount="4" result="Passed" start-time="2026-09-16 14:19:06Z" end-time="2026-09-16 14:19:07Z" duration="1.017932" total="4" passed="4" failed="0" inconclusive="0" skipped="0" asserts="0">
            <properties />
            <test-case id="1039" name="Runtime_NoRecommendations_ReturnsNoDecision" fullname="OpenEmpires.Tests.CommanderPhase3C5StrategicDecisionPlayModeTests.Runtime_NoRecommendations_ReturnsNoDecision" methodname="Runtime_NoRecommendations_ReturnsNoDecision" classname="OpenEmpires.Tests.CommanderPhase3C5StrategicDecisionPlayModeTests" runstate="Runnable" seed="320420187" result="Passed" start-time="2026-09-16 14:19:06Z" end-time="2026-09-16 14:19:07Z" duration="0.255209" asserts="0">
              <properties>
                <property name="_JOINTYPE" value="UnityCombinatorial" />
                <property name="retryIteration" value="0" />
                <property name="repeatIteration" value="0" />
              </properties>
              <output><![CDATA[[Phase3C-5 Runtime] PASS Scenario 4: no recommendations returned NoDecision with no plans or commands.
]]></output>
            </test-case>
            <test-case id="1038" name="Runtime_PlayerIntent_OverridesRecommendations" fullname="OpenEmpires.Tests.CommanderPhase3C5StrategicDecisionPlayModeTests.Runtime_PlayerIntent_OverridesRecommendations" methodname="Runtime_PlayerIntent_OverridesRecommendations" classname="OpenEmpires.Tests.CommanderPhase3C5StrategicDecisionPlayModeTests" runstate="Runnable" seed="463009586" result="Passed" start-time="2026-09-16 14:19:07Z" end-time="2026-09-16 14:19:07Z" duration="0.255041" asserts="0">
              <properties>
                <property name="_JOINTYPE" value="UnityCombinatorial" />
                <property name="retryIteration" value="0" />
                <property name="repeatIteration" value="0" />
              </properties>
              <output><![CDATA[[Phase3C-5 Runtime] PASS Scenario 3: an explicit EconomicExpansion StrategicIntent overrode AI recommendations.
]]></output>
            </test-case>
            <test-case id="1037" name="Runtime_StrongArmy_SelectsAttackPreparation" fullname="OpenEmpires.Tests.CommanderPhase3C5StrategicDecisionPlayModeTests.Runtime_StrongArmy_SelectsAttackPreparation" methodname="Runtime_StrongArmy_SelectsAttackPreparation" classname="OpenEmpires.Tests.CommanderPhase3C5StrategicDecisionPlayModeTests" runstate="Runnable" seed="1451717293" result="Passed" start-time="2026-09-16 14:19:07Z" end-time="2026-09-16 14:19:07Z" duration="0.252062" asserts="0">
              <properties>
                <property name="_JOINTYPE" value="UnityCombinatorial" />
                <property name="retryIteration" value="0" />
                <property name="repeatIteration" value="0" />
              </properties>
              <output><![CDATA[[Phase3C-5 Runtime] PASS Scenario 2: strong army and large resources without an emergency selected AttackPreparation.
]]></output>
            </test-case>
            <test-case id="1036" name="Runtime_VisibleThreat_SelectsDefenseWithoutPlan" fullname="OpenEmpires.Tests.CommanderPhase3C5StrategicDecisionPlayModeTests.Runtime_VisibleThreat_SelectsDefenseWithoutPlan" methodname="Runtime_VisibleThreat_SelectsDefenseWithoutPlan" classname="OpenEmpires.Tests.CommanderPhase3C5StrategicDecisionPlayModeTests" runstate="Runnable" seed="1707394201" result="Passed" start-time="2026-09-16 14:19:07Z" end-time="2026-09-16 14:19:07Z" duration="0.253024" asserts="0">
              <properties>
                <property name="_JOINTYPE" value="UnityCombinatorial" />
                <property name="retryIteration" value="0" />
                <property name="repeatIteration" value="0" />
              </properties>
              <output><![CDATA[[Phase3C-5 Runtime] PASS Scenario 1: visible enemy threat with weak defense selected DefensivePreparation and did not start a plan.
]]></output>
            </test-case>
          </test-suite>
          <test-suite type="TestFixture" id="1040" name="CommanderPhase3CPreparationPlayModeTests" fullname="OpenEmpires.Tests.CommanderPhase3CPreparationPlayModeTests" classname="OpenEmpires.Tests.CommanderPhase3CPreparationPlayModeTests" runstate="Runnable" testcasecount="3" result="Passed" start-time="2026-09-16 14:19:07Z" end-time="2026-09-16 14:19:09Z" duration="1.246724" total="3" passed="3" failed="0" inconclusive="0" skipped="0" asserts="0">
            <properties />
            <test-case id="1041" name="Runtime_BarracksAndWood_BothProgressAndComplete" fullname="OpenEmpires.Tests.CommanderPhase3CPreparationPlayModeTests.Runtime_BarracksAndWood_BothProgressAndComplete" methodname="Runtime_BarracksAndWood_BothProgressAndComplete" classname="OpenEmpires.Tests.CommanderPhase3CPreparationPlayModeTests" runstate="Runnable" seed="1696737098" result="Passed" start-time="2026-09-16 14:19:07Z" end-time="2026-09-16 14:19:08Z" duration="0.501651" asserts="0">
              <properties>
                <property name="_JOINTYPE" value="UnityCombinatorial" />
                <property name="retryIteration" value="0" />
                <property name="repeatIteration" value="0" />
              </properties>
              <output><![CDATA[[Commander] Goal #1 submitted: BuildStructure
[Commander] Goal #2 submitted: ResourceAllocation
[Commander] Goal #1: status=Executing owned=0 queued=0; Placing Barracks at (138,134) with villager #0.
[SyncCheck] tick=1 checksum=CB036A1D
[SyncCheck] tick=2 checksum=B4538348
[SyncCheck] tick=3 checksum=9DA39C73
[SyncCheck] tick=4 checksum=86F3B59E
[SyncCheck] tick=5 checksum=DC601688
[SyncCheck] tick=6 checksum=C5B02FB3
[SyncCheck] tick=7 checksum=AF0048DE
[SyncCheck] tick=8 checksum=2C341A4A
[SyncCheck] tick=9 checksum=15843375
[SyncCheck] tick=10 checksum=6AF0945F
[SyncCheck] tick=11 checksum=5440AD8A
[SyncCheck] tick=12 checksum=3D90C6B5
[SyncCheck] tick=13 checksum=26E0DFE0
[SyncCheck] tick=14 checksum=1030F90B
[SyncCheck] tick=15 checksum=F9811236
[Commander] Goal #1: status=WaitingForConstruction owned=0 queued=1; Construction: villager #0 is travelling to building #2.
[Commander] Goal #2: status=WaitingForResources owned=0 queued=0; Assigning at least 2 villagers to Wood; currently 0. Reassigning villager #1 to Wood node #0.
[SyncCheck] tick=16 checksum=11AD3760
[SyncCheck] tick=17 checksum=8BA477AF
[SyncCheck] tick=18 checksum=A0CCACE0
[SyncCheck] tick=19 checksum=34E4C6F4
[SyncCheck] tick=20 checksum=F120D9A9
[SyncCheck] tick=21 checksum=BB9ADD81
[SyncCheck] tick=22 checksum=91F7C9FB
[SyncCheck] tick=23 checksum=9078AF16
[SyncCheck] tick=24 checksum=62BAF8D3
[SyncCheck] tick=25 checksum=69EF4392
[SyncCheck] tick=26 checksum=7D0676F3
[SyncCheck] tick=27 checksum=8CEE2756
[SyncCheck] tick=28 checksum=B586C8BC
[SyncCheck] tick=29 checksum=5B14E282
[SyncCheck] tick=30 checksum=0C85E4EA
[Commander] Goal #2: status=WaitingForResources owned=1 queued=0; Assigning at least 2 villagers to Wood; currently 1.
[SyncCheck] tick=31 checksum=2B795814
[SyncCheck] tick=32 checksum=F26BC881
[SyncCheck] tick=33 checksum=1A12A14F
[SyncCheck] tick=34 checksum=12BC23B7
[SyncCheck] tick=35 checksum=F4C4D8C6
[SyncCheck] tick=36 checksum=D6CD8DD5
[SyncCheck] tick=37 checksum=B8D642E4
[SyncCheck] tick=38 checksum=9ADEF7F3
[SyncCheck] tick=39 checksum=7CE7AD02
[SyncCheck] tick=40 checksum=5EF06211
[SyncCheck] tick=41 checksum=40F91720
[SyncCheck] tick=42 checksum=2301CC2F
[SyncCheck] tick=43 checksum=050A813E
[SyncCheck] tick=44 checksum=E713364D
[SyncCheck] tick=45 checksum=C91BEB5C
[SyncCheck] tick=46 checksum=E9B85C0A
[SyncCheck] tick=47 checksum=CBC11119
[SyncCheck] tick=48 checksum=ADC9C628
[SyncCheck] tick=49 checksum=8FD27B37
[SyncCheck] tick=50 checksum=71DB3046
[SyncCheck] tick=51 checksum=53E3E555
[SyncCheck] tick=52 checksum=35EC9A64
[SyncCheck] tick=53 checksum=17F54F73
[SyncCheck] tick=54 checksum=F9FE0482
[SyncCheck] tick=55 checksum=DC06B991
[SyncCheck] tick=56 checksum=BE0F6EA0
[SyncCheck] tick=57 checksum=A01823AF
[SyncCheck] tick=58 checksum=F52DD4FF
[SyncCheck] tick=59 checksum=D7368A0E
[SyncCheck] tick=60 checksum=B93F3F1D
[SyncCheck] tick=61 checksum=9B47F42C
[SyncCheck] tick=62 checksum=7D50A93B
[SyncCheck] tick=63 checksum=5F595E4A
[SyncCheck] tick=64 checksum=41621359
[SyncCheck] tick=65 checksum=236AC868
[SyncCheck] tick=66 checksum=05737D77
[SyncCheck] tick=67 checksum=E77C3286
[SyncCheck] tick=68 checksum=C984E795
[SyncCheck] tick=69 checksum=B85BA505
[SyncCheck] tick=70 checksum=9A645A14
[SyncCheck] tick=71 checksum=7C6D0F23
[SyncCheck] tick=72 checksum=5E75C432
[SyncCheck] tick=73 checksum=407E7941
[SyncCheck] tick=74 checksum=22872E50
[SyncCheck] tick=75 checksum=048FE35F
[SyncCheck] tick=76 checksum=E698986E
[SyncCheck] tick=77 checksum=C8A14D7D
[SyncCheck] tick=78 checksum=AAAA028C
[SyncCheck] tick=79 checksum=8CB2B79B
[SyncCheck] tick=80 checksum=6EBB6CAA
[SyncCheck] tick=81 checksum=50C421B9
[SyncCheck] tick=82 checksum=32CCD6C8
[SyncCheck] tick=83 checksum=14D58BD7
[SyncCheck] tick=84 checksum=F6DE40E6
[SyncCheck] tick=85 checksum=D8E6F5F5
[SyncCheck] tick=86 checksum=BAEFAB04
[SyncCheck] tick=87 checksum=10055C54
[SyncCheck] tick=88 checksum=30A1CD02
[SyncCheck] tick=89 checksum=12AA8211
[SyncCheck] tick=90 checksum=F4B33720
[SyncCheck] tick=91 checksum=D6BBEC2F
[SyncCheck] tick=92 checksum=B8C4A13E
[SyncCheck] tick=93 checksum=9ACD564D
[SyncCheck] tick=94 checksum=7CD60B5C
[SyncCheck] tick=95 checksum=5EDEC06B
[SyncCheck] tick=96 checksum=40E7757A
[SyncCheck] tick=97 checksum=22F02A89
[SyncCheck] tick=98 checksum=04F8DF98
[SyncCheck] tick=99 checksum=E70194A7
[SyncCheck] tick=100 checksum=C90A49B6
[Commander] Goal #2: status=WaitingForResources owned=1 queued=0; Assigning at least 2 villagers to Wood; currently 1. Reassigning villager #2 to Wood node #0.
[Commander] Goal #2: status=Completed owned=2 queued=0; 2/2 villagers assigned to Wood.
[Commander] Goal #1: status=WaitingForConstruction owned=0 queued=1; Construction: building #2 is advancing with villager #0.
[Commander] Goal #1: status=Completed owned=1 queued=0; Barracks construction complete (1/1).
[Phase3C Prep Runtime] PASS Barracks + wood: wood command tick=15, both completed by tick=1320, max one command per 15-tick interval.
]]></output>
            </test-case>
            <test-case id="1042" name="Runtime_GoldAndWood_NoInfiniteReassignmentLoop" fullname="OpenEmpires.Tests.CommanderPhase3CPreparationPlayModeTests.Runtime_GoldAndWood_NoInfiniteReassignmentLoop" methodname="Runtime_GoldAndWood_NoInfiniteReassignmentLoop" classname="OpenEmpires.Tests.CommanderPhase3CPreparationPlayModeTests" runstate="Runnable" seed="1875498276" result="Passed" start-time="2026-09-16 14:19:08Z" end-time="2026-09-16 14:19:08Z" duration="0.412364" asserts="0">
              <properties>
                <property name="_JOINTYPE" value="UnityCombinatorial" />
                <property name="retryIteration" value="0" />
                <property name="repeatIteration" value="0" />
              </properties>
              <output><![CDATA[[Commander] Goal #1 submitted: ResourceAllocation
[Commander] Goal #2 submitted: ResourceAllocation
[Commander] Goal #1: status=WaitingForResources owned=0 queued=0; Assigning at least 2 villagers to Gold; currently 0. Reassigning villager #0 to Gold node #0.
[SyncCheck] tick=1 checksum=13363224
[SyncCheck] tick=2 checksum=5EF1E658
[SyncCheck] tick=3 checksum=AAAD9A8C
[SyncCheck] tick=4 checksum=F6694EC0
[SyncCheck] tick=5 checksum=422502F4
[SyncCheck] tick=6 checksum=8DE0B728
[SyncCheck] tick=7 checksum=D99C6B5C
[SyncCheck] tick=8 checksum=25581F90
[SyncCheck] tick=9 checksum=7113D3C4
[SyncCheck] tick=10 checksum=BCCF87F8
[SyncCheck] tick=11 checksum=088B3C2C
[SyncCheck] tick=12 checksum=5446F060
[SyncCheck] tick=13 checksum=A002A494
[SyncCheck] tick=14 checksum=EBBE58C8
[SyncCheck] tick=15 checksum=377A0CFC
[Commander] Goal #1: status=WaitingForResources owned=1 queued=0; Assigning at least 2 villagers to Gold; currently 1.
[Commander] Goal #2: status=WaitingForResources owned=0 queued=0; Assigning at least 2 villagers to Wood; currently 0. Reassigning villager #1 to Wood node #1.
[SyncCheck] tick=16 checksum=66B46973
[SyncCheck] tick=17 checksum=82C208EA
[SyncCheck] tick=18 checksum=9ECFA861
[SyncCheck] tick=19 checksum=BADD47D8
[SyncCheck] tick=20 checksum=D6EAE74F
[SyncCheck] tick=21 checksum=F2F886C6
[SyncCheck] tick=22 checksum=0F06263D
[SyncCheck] tick=23 checksum=2B13C5B4
[SyncCheck] tick=24 checksum=378CE0F3
[SyncCheck] tick=25 checksum=BCC8721A
[SyncCheck] tick=26 checksum=4C9165DD
[SyncCheck] tick=27 checksum=AE943BBF
[SyncCheck] tick=28 checksum=F1044F1C
[SyncCheck] tick=29 checksum=E32EFF57
[SyncCheck] tick=30 checksum=AADCCF6F
[Commander] Goal #2: status=WaitingForResources owned=1 queued=0; Assigning at least 2 villagers to Wood; currently 1.
[SyncCheck] tick=31 checksum=480DBF64
[SyncCheck] tick=32 checksum=984289F5
[SyncCheck] tick=33 checksum=90911184
[SyncCheck] tick=34 checksum=0B8F14D0
[SyncCheck] tick=35 checksum=AE69CE1B
[SyncCheck] tick=36 checksum=4F7B2642
[SyncCheck] tick=37 checksum=733BFA26
[SyncCheck] tick=38 checksum=4012EF28
[SyncCheck] tick=39 checksum=09AA10E8
[SyncCheck] tick=40 checksum=D934C35C
[SyncCheck] tick=41 checksum=0999BBFE
[SyncCheck] tick=42 checksum=CD5C0486
[SyncCheck] tick=43 checksum=8BF13A8E
[SyncCheck] tick=44 checksum=D1C2E5BA
[SyncCheck] tick=45 checksum=FE9845A9
[SyncCheck] tick=46 checksum=863A25FB
[SyncCheck] tick=47 checksum=8051ACCE
[SyncCheck] tick=48 checksum=42DD40C8
[SyncCheck] tick=49 checksum=A39411A2
[SyncCheck] tick=50 checksum=550005FE
[SyncCheck] tick=51 checksum=F7938680
[SyncCheck] tick=52 checksum=E6052842
[SyncCheck] tick=53 checksum=F7C28AA7
[SyncCheck] tick=54 checksum=759079EF
[SyncCheck] tick=55 checksum=6695C7FC
[SyncCheck] tick=56 checksum=AE847349
[SyncCheck] tick=57 checksum=8C29C29C
[SyncCheck] tick=58 checksum=608CB571
[SyncCheck] tick=59 checksum=00B1E0E9
[SyncCheck] tick=60 checksum=F2889403
[SyncCheck] tick=61 checksum=47D58602
[SyncCheck] tick=62 checksum=2A1C00A0
[SyncCheck] tick=63 checksum=F5924B04
[SyncCheck] tick=64 checksum=106D436C
[SyncCheck] tick=65 checksum=AFA77675
[SyncCheck] tick=66 checksum=93DFD8D7
[SyncCheck] tick=67 checksum=F2E5BA20
[SyncCheck] tick=68 checksum=803652EE
[SyncCheck] tick=69 checksum=72B8B4A2
[SyncCheck] tick=70 checksum=E3A392D8
[SyncCheck] tick=71 checksum=94BEFE38
[SyncCheck] tick=72 checksum=99265CD9
[SyncCheck] tick=73 checksum=689D861E
[SyncCheck] tick=74 checksum=9377028B
[SyncCheck] tick=75 checksum=3CB8FB7A
[SyncCheck] tick=76 checksum=76494690
[SyncCheck] tick=77 checksum=EB7C5EC9
[SyncCheck] tick=78 checksum=F34AA2C7
[SyncCheck] tick=79 checksum=AA219ECA
[SyncCheck] tick=80 checksum=4C19B2B2
[SyncCheck] tick=81 checksum=8435923F
[SyncCheck] tick=82 checksum=DFE72890
[SyncCheck] tick=83 checksum=D1BC8A86
[SyncCheck] tick=84 checksum=AEB30461
[SyncCheck] tick=85 checksum=3AB23641
[SyncCheck] tick=86 checksum=9549D2A5
[SyncCheck] tick=87 checksum=77715ECE
[SyncCheck] tick=88 checksum=411641DB
[SyncCheck] tick=89 checksum=CBFB79CE
[SyncCheck] tick=90 checksum=3D224263
[Commander] Goal #1: status=WaitingForResources owned=1 queued=0; Assigning at least 2 villagers to Gold; currently 1. Reassigning villager #2 to Gold node #0.
[SyncCheck] tick=91 checksum=087583DE
[SyncCheck] tick=92 checksum=44F9DA5D
[SyncCheck] tick=93 checksum=EBC81001
[SyncCheck] tick=94 checksum=95AB3BA9
[SyncCheck] tick=95 checksum=6DBFE696
[SyncCheck] tick=96 checksum=6505E367
[SyncCheck] tick=97 checksum=42AFDB7D
[SyncCheck] tick=98 checksum=86FFF1B7
[SyncCheck] tick=99 checksum=D90EC635
[SyncCheck] tick=100 checksum=F4F8E897
[Commander] Goal #1: status=Completed owned=2 queued=0; 2/2 villagers assigned to Gold.
[Commander] Goal #2: status=WaitingForResources owned=1 queued=0; Assigning at least 2 villagers to Wood; currently 1. Reassigning villager #3 to Wood node #1.
[Commander] Goal #2: status=Completed owned=2 queued=0; 2/2 villagers assigned to Wood.
[Phase3C Prep Runtime] PASS gold + wood: two workers each; four assignments total across 1200 ticks; no oscillation; completed reservations released.
]]></output>
            </test-case>
[...]
[Phase4B2 Runtime] Preview plans/goals/commands=0; normal approval -> shared pipeline -> Stables built and 6 knights; tactical chat -> 10 spearmen; reservations released.
]]></output>
            </test-case>
            <test-case id="1063" name="Runtime_DestroyedChatRejectsLateStrategicResponse" fullname="OpenEmpires.Tests.CommanderPhase4B2PlayModeTests.Runtime_DestroyedChatRejectsLateStrategicResponse" methodname="Runtime_DestroyedChatRejectsLateStrategicResponse" classname="OpenEmpires.Tests.CommanderPhase4B2PlayModeTests" runstate="Runnable" seed="1627972421" result="Passed" start-time="2026-09-16 14:19:20Z" end-time="2026-09-16 14:19:21Z" duration="0.265275" asserts="0">
              <properties>
                <property name="_JOINTYPE" value="UnityCombinatorial" />
                <property name="retryIteration" value="0" />
                <property name="repeatIteration" value="0" />
              </properties>
              <output><![CDATA[[Phase4B2 Runtime] Destroyed chat cancelled pending translation; late provider response created no plan/goal/command.
]]></output>
            </test-case>
            <test-case id="1062" name="Runtime_EmergencyRejectsRecommendationAndExplicitConfirmationReplacesAI" fullname="OpenEmpires.Tests.CommanderPhase4B2PlayModeTests.Runtime_EmergencyRejectsRecommendationAndExplicitConfirmationReplacesAI" methodname="Runtime_EmergencyRejectsRecommendationAndExplicitConfirmationReplacesAI" classname="OpenEmpires.Tests.CommanderPhase4B2PlayModeTests" runstate="Runnable" seed="1832997776" result="Passed" start-time="2026-09-16 14:19:21Z" end-time="2026-09-16 14:19:21Z" duration="0.263884" asserts="0">
              <properties>
                <property name="_JOINTYPE" value="UnityCombinatorial" />
                <property name="retryIteration" value="0" />
                <property name="repeatIteration" value="0" />
              </properties>
              <output><![CDATA[[StrategicPlanner] Strategic intent #1 created: DefensivePreparation for player 0.
[StrategicPlanner] Intent #1 selected template 'DefensivePreparation' and started plan #1: DefensivePreparation.
[StrategicPlanner] Plan #1 milestone active: Economic Defense.
[Commander] Goal #1 submitted: ResourceAllocation
[Commander] Goal #2 submitted: ResourceAllocation
[StrategicPlanner] Strategic intent #3 created: AttackPreparation for player 0.
[Commander] Goal #1 cancelled.
[Commander] Goal #2 cancelled.
[StrategicPlanner] Plan #1 cancelled.
[StrategicPlanner] Intent #3 selected template 'CavalryPressure' and started plan #2: CavalryPressure.
[StrategicPlanner] Reservation #1 created for plan #2: 840 Food.
[StrategicPlanner] Reservation #2 created for plan #2: 600 Gold.
[StrategicPlanner] Plan #2 milestone active: Economic Foundation.
[Commander] Goal #3 submitted: ResourceAllocation
[Commander] Goal #4 submitted: ResourceAllocation
[Commander] Goal #5 submitted: ResourceAllocation
[StrategicPlanner] Strategic intent #4 created: DefensivePreparation for player 0.
[Commander] Goal #3 cancelled.
[Commander] Goal #4 cancelled.
[Commander] Goal #5 cancelled.
[StrategicPlanner] Reservation #1 cancelled for plan #2.
[StrategicPlanner] Reservation #2 cancelled for plan #2.
[StrategicPlanner] Plan #2 cancelled.
[StrategicPlanner] Intent #4 selected template 'DefensivePreparation' and started plan #3: DefensivePreparation.
[StrategicPlanner] Plan #3 milestone active: Economic Defense.
[Commander] Goal #6 submitted: ResourceAllocation
[Commander] Goal #7 submitted: ResourceAllocation
[Phase4B2 Runtime] Emergency rejected normal attack; explicit confirmation replaced AI once; subsequent direct-player plan resisted confirmed AI replacement.
]]></output>
            </test-case>
          </test-suite>
          <test-suite type="TestFixture" id="1064" name="CommanderPhase4C1PlayModeTests" fullname="OpenEmpires.Tests.CommanderPhase4C1PlayModeTests" classname="OpenEmpires.Tests.CommanderPhase4C1PlayModeTests" runstate="Runnable" testcasecount="17" result="Passed" start-time="2026-09-16 14:19:21Z" end-time="2026-09-16 14:19:25Z" duration="4.392556" total="17" passed="17" failed="0" inconclusive="0" skipped="0" asserts="0">
            <properties>
              <property name="Category" value="CommanderPhase4C1" />
            </properties>
            <test-case id="1066" name="CapacityEdge_UsesPreferenceRetainedAtTurnStartOnly" fullname="OpenEmpires.Tests.CommanderPhase4C1PlayModeTests.CapacityEdge_UsesPreferenceRetainedAtTurnStartOnly" methodname="CapacityEdge_UsesPreferenceRetainedAtTurnStartOnly" classname="OpenEmpires.Tests.CommanderPhase4C1PlayModeTests" runstate="Runnable" seed="126123253" result="Passed" start-time="2026-09-16 14:19:21Z" end-time="2026-09-16 14:19:21Z" duration="0.254998" asserts="0">
              <properties>
                <property name="_JOINTYPE" value="UnityCombinatorial" />
                <property name="retryIteration" value="0" />
                <property name="repeatIteration" value="0" />
              </properties>
            </test-case>
            <test-case id="1081" name="ClearMemory_ClearsTacticalAndStrategicRequestHistories" fullname="OpenEmpires.Tests.CommanderPhase4C1PlayModeTests.ClearMemory_ClearsTacticalAndStrategicRequestHistories" methodname="ClearMemory_ClearsTacticalAndStrategicRequestHistories" classname="OpenEmpires.Tests.CommanderPhase4C1PlayModeTests" runstate="Runnable" seed="2059408815" result="Passed" start-time="2026-09-16 14:19:21Z" end-time="2026-09-16 14:19:21Z" duration="0.254075" asserts="0">
              <properties>
                <property name="_JOINTYPE" value="UnityCombinatorial" />
                <property name="retryIteration" value="0" />
                <property name="repeatIteration" value="0" />
              </properties>
            </test-case>
            <test-case id="1071" name="ClearMemory_EmptiesHistoriesPendingAndStaleFields" fullname="OpenEmpires.Tests.CommanderPhase4C1PlayModeTests.ClearMemory_EmptiesHistoriesPendingAndStaleFields" methodname="ClearMemory_EmptiesHistoriesPendingAndStaleFields" classname="OpenEmpires.Tests.CommanderPhase4C1PlayModeTests" runstate="Runnable" seed="1319985276" result="Passed" start-time="2026-09-16 14:19:21Z" end-time="2026-09-16 14:19:22Z" duration="0.256955" asserts="0">
              <properties>
                <property name="_JOINTYPE" value="UnityCombinatorial" />
                <property name="retryIteration" value="0" />
                <property name="repeatIteration" value="0" />
              </properties>
            </test-case>
            <test-case id="1078" name="Destroy_ClearsMemoryAndRejectsLateStrategicPublication" fullname="OpenEmpires.Tests.CommanderPhase4C1PlayModeTests.Destroy_ClearsMemoryAndRejectsLateStrategicPublication" methodname="Destroy_ClearsMemoryAndRejectsLateStrategicPublication" classname="OpenEmpires.Tests.CommanderPhase4C1PlayModeTests" runstate="Runnable" seed="1149497941" result="Passed" start-time="2026-09-16 14:19:22Z" end-time="2026-09-16 14:19:22Z" duration="0.297471" asserts="0">
              <properties>
                <property name="_JOINTYPE" value="UnityCombinatorial" />
                <property name="retryIteration" value="0" />
                <property name="repeatIteration" value="0" />
              </properties>
            </test-case>
            <test-case id="1073" name="DifferentStrategicRuntime_ClearsMatchLocalStateAndHistories" fullname="OpenEmpires.Tests.CommanderPhase4C1PlayModeTests.DifferentStrategicRuntime_ClearsMatchLocalStateAndHistories" methodname="DifferentStrategicRuntime_ClearsMatchLocalStateAndHistories" classname="OpenEmpires.Tests.CommanderPhase4C1PlayModeTests" runstate="Runnable" seed="1745277568" result="Passed" start-time="2026-09-16 14:19:22Z" end-time="2026-09-16 14:19:22Z" duration="0.255526" asserts="0">
              <properties>
                <property name="_JOINTYPE" value="UnityCombinatorial" />
                <property name="retryIteration" value="0" />
                <property name="repeatIteration" value="0" />
              </properties>
            </test-case>
            <test-case id="1067" name="GenericAttackWhitespace_RequiresRetainedPreferenceBeforeProviderCall" fullname="OpenEmpires.Tests.CommanderPhase4C1PlayModeTests.GenericAttackWhitespace_RequiresRetainedPreferenceBeforeProviderCall" methodname="GenericAttackWhitespace_RequiresRetainedPreferenceBeforeProviderCall" classname="OpenEmpires.Tests.CommanderPhase4C1PlayModeTests" runstate="Runnable" seed="767853707" result="Passed" start-time="2026-09-16 14:19:22Z" end-time="2026-09-16 14:19:22Z" duration="0.254042" asserts="0">
              <properties>
                <property name="_JOINTYPE" value="UnityCombinatorial" />
                <property name="retryIteration" value="0" />
                <property name="repeatIteration" value="0" />
              </properties>
            </test-case>
            <test-case id="1074" name="MismatchedStrategicPlayer_IsRejectedWithoutSharingOrClearingMemory" fullname="OpenEmpires.Tests.CommanderPhase4C1PlayModeTests.MismatchedStrategicPlayer_IsRejectedWithoutSharingOrClearingMemory" methodname="MismatchedStrategicPlayer_IsRejectedWithoutSharingOrClearingMemory" classname="OpenEmpires.Tests.CommanderPhase4C1PlayModeTests" runstate="Runnable" seed="2137418262" result="Passed" start-time="2026-09-16 14:19:22Z" end-time="2026-09-16 14:19:23Z" duration="0.252357" asserts="0">
              <properties>
                <property name="retryIteration" value="0" />
                <property name="repeatIteration" value="0" />
              </properties>
            </test-case>
            <test-case id="1079" name="MixedPreferenceAndAttack_IsRejectedWholeFormWithoutAuthority" fullname="OpenEmpires.Tests.CommanderPhase4C1PlayModeTests.MixedPreferenceAndAttack_IsRejectedWholeFormWithoutAuthority" methodname="MixedPreferenceAndAttack_IsRejectedWholeFormWithoutAuthority" classname="OpenEmpires.Tests.CommanderPhase4C1PlayModeTests" runstate="Runnable" seed="1045289155" result="Passed" start-time="2026-09-16 14:19:23Z" end-time="2026-09-16 14:19:23Z" duration="0.253091" asserts="0">
              <properties>
                <property name="_JOINTYPE" value="UnityCombinatorial" />
                <property name="retryIteration" value="0" />
                <property name="repeatIteration" value="0" />
              </properties>
            </test-case>
            <test-case id="1065" name="PreferenceThenAttack_CreatesPreviewOnlyUntilApproval" fullname="OpenEmpires.Tests.CommanderPhase4C1PlayModeTests.PreferenceThenAttack_CreatesPreviewOnlyUntilApproval" methodname="PreferenceThenAttack_CreatesPreviewOnlyUntilApproval" classname="OpenEmpires.Tests.CommanderPhase4C1PlayModeTests" runstate="Runnable" seed="1118132200" result="Passed" start-time="2026-09-16 14:19:23Z" end-time="2026-09-16 14:19:23Z" duration="0.255066" asserts="0">
              <properties>
                <property name="_JOINTYPE" value="UnityCombinatorial" />
                <property name="retryIteration" value="0" />
                <property name="repeatIteration" value="0" />
              </properties>
              <output><![CDATA[[StrategicPlanner] Strategic intent #1 created: AttackPreparation for player 0.
[StrategicPlanner] Intent #1 selected template 'CavalryPressure' and started plan #1: CavalryPressure.
[StrategicPlanner] Reservation #1 created for plan #1: 840 Food.
[StrategicPlanner] Reservation #2 created for plan #1: 600 Gold.
[StrategicPlanner] Plan #1 milestone active: Economic Foundation.
[Commander] Goal #1 submitted: ResourceAllocation
[Commander] Goal #2 submitted: ResourceAllocation
[Commander] Goal #3 submitted: ResourceAllocation
]]></output>
            </test-case>
            <test-case id="1068" name="QueriesAndPreference_DoNotErasePendingRecommendation" fullname="OpenEmpires.Tests.CommanderPhase4C1PlayModeTests.QueriesAndPreference_DoNotErasePendingRecommendation" methodname="QueriesAndPreference_DoNotErasePendingRecommendation" classname="OpenEmpires.Tests.CommanderPhase4C1PlayModeTests" runstate="Runnable" seed="2126396420" result="Passed" start-time="2026-09-16 14:19:23Z" end-time="2026-09-16 14:19:23Z" duration="0.255652" asserts="0">
              <properties>
                <property name="_JOINTYPE" value="UnityCombinatorial" />
                <property name="retryIteration" value="0" />
                <property name="repeatIteration" value="0" />
              </properties>
            </test-case>
            <test-case id="1077" name="ReinitializeForDifferentPlayer_ClearsOldMatchStateAndLateTacticalPublication" fullname="OpenEmpires.Tests.CommanderPhase4C1PlayModeTests.ReinitializeForDifferentPlayer_ClearsOldMatchStateAndLateTacticalPublication" methodname="ReinitializeForDifferentPlayer_ClearsOldMatchStateAndLateTacticalPublication" classname="OpenEmpires.Tests.CommanderPhase4C1PlayModeTests" runstate="Runnable" seed="712345705" result="Passed" start-time="2026-09-16 14:19:23Z" end-time="2026-09-16 14:19:24Z" duration="0.255624" asserts="0">
              <properties>
                <property name="_JOINTYPE" value="UnityCombinatorial" />
                <property name="retryIteration" value="0" />
                <property name="repeatIteration" value="0" />
              </properties>
            </test-case>
            <test-case id="1072" name="RejectedStrategy_IsDecisionButNeverApprovedMemory" fullname="OpenEmpires.Tests.CommanderPhase4C1PlayModeTests.RejectedStrategy_IsDecisionButNeverApprovedMemory" methodname="RejectedStrategy_IsDecisionButNeverApprovedMemory" classname="OpenEmpires.Tests.CommanderPhase4C1PlayModeTests" runstate="Runnable" seed="1693882348" result="Passed" start-time="2026-09-16 14:19:24Z" end-time="2026-09-16 14:19:24Z" duration="0.255112" asserts="0">
              <properties>
                <property name="_JOINTYPE" value="UnityCombinatorial" />
                <property name="retryIteration" value="0" />
                <property name="repeatIteration" value="0" />
              </properties>
              <output><![CDATA[[StrategicPlanner] Strategic intent #1 created: DefensivePreparation for player 0.
[StrategicPlanner] Intent #1 selected template 'DefensivePreparation' and started plan #1: DefensivePreparation.
[StrategicPlanner] Plan #1 milestone active: Economic Defense.
[Commander] Goal #1 submitted: ResourceAllocation
[Commander] Goal #2 submitted: ResourceAllocation
]]></output>
            </test-case>
            <test-case id="1069" name="Reset_IgnoresUncooperativeLateStrategicResponse" fullname="OpenEmpires.Tests.CommanderPhase4C1PlayModeTests.Reset_IgnoresUncooperativeLateStrategicResponse" methodname="Reset_IgnoresUncooperativeLateStrategicResponse" classname="OpenEmpires.Tests.CommanderPhase4C1PlayModeTests" runstate="Runnable" seed="276084827" result="Passed" start-time="2026-09-16 14:19:24Z" end-time="2026-09-16 14:19:24Z" duration="0.259235" asserts="0">
              <properties>
                <property name="_JOINTYPE" value="UnityCombinatorial" />
                <property name="retryIteration" value="0" />
                <property name="repeatIteration" value="0" />
              </properties>
            </test-case>
            <test-case id="1070" name="StrategicReinitialize_IgnoresOldProviderPublication" fullname="OpenEmpires.Tests.CommanderPhase4C1PlayModeTests.StrategicReinitialize_IgnoresOldProviderPublication" methodname="StrategicReinitialize_IgnoresOldProviderPublication" classname="OpenEmpires.Tests.CommanderPhase4C1PlayModeTests" runstate="Runnable" seed="974057822" result="Passed" start-time="2026-09-16 14:19:24Z" end-time="2026-09-16 14:19:25Z" duration="0.260413" asserts="0">
              <properties>
                <property name="_JOINTYPE" value="UnityCombinatorial" />
                <property name="retryIteration" value="0" />
                <property name="repeatIteration" value="0" />
              </properties>
            </test-case>
            <test-case id="1076" name="TacticalDestroy_IgnoresUncooperativeLateFailure" fullname="OpenEmpires.Tests.CommanderPhase4C1PlayModeTests.TacticalDestroy_IgnoresUncooperativeLateFailure" methodname="TacticalDestroy_IgnoresUncooperativeLateFailure" classname="OpenEmpires.Tests.CommanderPhase4C1PlayModeTests" runstate="Runnable" seed="1260265715" result="Passed" start-time="2026-09-16 14:19:25Z" end-time="2026-09-16 14:19:25Z" duration="0.256141" asserts="0">
              <properties>
                <property name="_JOINTYPE" value="UnityCombinatorial" />
                <property name="retryIteration" value="0" />
                <property name="repeatIteration" value="0" />
              </properties>
            </test-case>
            <test-case id="1075" name="TacticalReset_IgnoresUncooperativeLateSuccess" fullname="OpenEmpires.Tests.CommanderPhase4C1PlayModeTests.TacticalReset_IgnoresUncooperativeLateSuccess" methodname="TacticalReset_IgnoresUncooperativeLateSuccess" classname="OpenEmpires.Tests.CommanderPhase4C1PlayModeTests" runstate="Runnable" seed="1185927783" result="Passed" start-time="2026-09-16 14:19:25Z" end-time="2026-09-16 14:19:25Z" duration="0.255984" asserts="0">
              <properties>
                <property name="_JOINTYPE" value="UnityCombinatorial" />
                <property name="retryIteration" value="0" />
                <property name="repeatIteration" value="0" />
              </properties>
            </test-case>
            <test-case id="1080" name="TranscriptAndMemory_RemainBoundedUnderRepeatedConversation" fullname="OpenEmpires.Tests.CommanderPhase4C1PlayModeTests.TranscriptAndMemory_RemainBoundedUnderRepeatedConversation" methodname="TranscriptAndMemory_RemainBoundedUnderRepeatedConversation" classname="OpenEmpires.Tests.CommanderPhase4C1PlayModeTests" runstate="Runnable" seed="1860229519" result="Passed" start-time="2026-09-16 14:19:25Z" end-time="2026-09-16 14:19:25Z" duration="0.252579" asserts="0">
              <properties>
                <property name="_JOINTYPE" value="UnityCombinatorial" />
                <property name="retryIteration" value="0" />
                <property name="repeatIteration" value="0" />
              </properties>
            </test-case>
          </test-suite>
          <test-suite type="TestFixture" id="1082" name="SpearmanAnimatedPlayModeTests" fullname="OpenEmpires.Tests.SpearmanAnimatedPlayModeTests" classname="OpenEmpires.Tests.SpearmanAnimatedPlayModeTests" runstate="Runnable" testcasecount="1" result="Passed" start-time="2026-09-16 14:19:25Z" end-time="2026-09-16 14:19:26Z" duration="0.691788" total="1" passed="1" failed="0" inconclusive="0" skipped="0" asserts="0">
            <properties />
            <test-case id="1083" name="Candidate_SpawnsThroughGameSetupAndCompletesExistingCorpseLifecycle" fullname="OpenEmpires.Tests.SpearmanAnimatedPlayModeTests.Candidate_SpawnsThroughGameSetupAndCompletesExistingCorpseLifecycle" methodname="Candidate_SpawnsThroughGameSetupAndCompletesExistingCorpseLifecycle" classname="OpenEmpires.Tests.SpearmanAnimatedPlayModeTests" runstate="Runnable" seed="1686710582" result="Passed" start-time="2026-09-16 14:19:25Z" end-time="2026-09-16 14:19:26Z" duration="0.687786" asserts="0">
              <properties>
                <property name="_JOINTYPE" value="UnityCombinatorial" />
                <property name="retryIteration" value="0" />
                <property name="repeatIteration" value="0" />
              </properties>
              <output><![CDATA[<b><color=#2EA3FF>MCP-FOR-UNITY</color></b>: [TestRunnerNoThrottle] Restored Interaction Mode after test run.
Saving results to: C:/Users/RS/AppData/LocalLow/DefaultCompany/Open Empires\TestResults.xml
]]></output>
            </test-case>
          </test-suite>
        </test-suite>
      </test-suite>
    </test-suite>
  </test-suite>
</test-run>